CRITICAL - 2021-08-11 02:35:15 --> 22 : The requested URL returned error: 404 Not Found
#0 /home/smartdepo/fe/vendor/codeigniter4/framework/system/HTTP/CURLRequest.php(805): CodeIgniter\HTTP\Exceptions\HTTPException::forCurlError('22', 'The requested U...')
#1 /home/smartdepo/fe/vendor/codeigniter4/framework/system/HTTP/CURLRequest.php(418): CodeIgniter\HTTP\CURLRequest->sendRequest(Array)
#2 /home/smartdepo/fe/vendor/codeigniter4/framework/system/HTTP/CURLRequest.php(127): CodeIgniter\HTTP\CURLRequest->send('POST', 'http://202.157....')
#3 /home/smartdepo/fe/modules/Auth/Controllers/Auth.php(47): CodeIgniter\HTTP\CURLRequest->request('POST', 'http://202.157....', Array)
#4 /home/smartdepo/fe/vendor/codeigniter4/framework/system/CodeIgniter.php(935): Modules\Auth\Controllers\Auth->set_login()
#5 /home/smartdepo/fe/vendor/codeigniter4/framework/system/CodeIgniter.php(431): CodeIgniter\CodeIgniter->runController(Object(Modules\Auth\Controllers\Auth))
#6 /home/smartdepo/fe/vendor/codeigniter4/framework/system/CodeIgniter.php(332): CodeIgniter\CodeIgniter->handleRequest(NULL, Object(Config\Cache), false)
#7 /home/smartdepo/fe/index.php(44): CodeIgniter\CodeIgniter->run()
#8 {main}
CRITICAL - 2021-08-11 03:53:07 --> 22 : The requested URL returned error: 404 Not Found
#0 /home/smartdepo/fe/vendor/codeigniter4/framework/system/HTTP/CURLRequest.php(805): CodeIgniter\HTTP\Exceptions\HTTPException::forCurlError('22', 'The requested U...')
#1 /home/smartdepo/fe/vendor/codeigniter4/framework/system/HTTP/CURLRequest.php(418): CodeIgniter\HTTP\CURLRequest->sendRequest(Array)
#2 /home/smartdepo/fe/vendor/codeigniter4/framework/system/HTTP/CURLRequest.php(127): CodeIgniter\HTTP\CURLRequest->send('POST', 'http://202.157....')
#3 /home/smartdepo/fe/modules/Auth/Controllers/Auth.php(47): CodeIgniter\HTTP\CURLRequest->request('POST', 'http://202.157....', Array)
#4 /home/smartdepo/fe/vendor/codeigniter4/framework/system/CodeIgniter.php(935): Modules\Auth\Controllers\Auth->set_login()
#5 /home/smartdepo/fe/vendor/codeigniter4/framework/system/CodeIgniter.php(431): CodeIgniter\CodeIgniter->runController(Object(Modules\Auth\Controllers\Auth))
#6 /home/smartdepo/fe/vendor/codeigniter4/framework/system/CodeIgniter.php(332): CodeIgniter\CodeIgniter->handleRequest(NULL, Object(Config\Cache), false)
#7 /home/smartdepo/fe/index.php(44): CodeIgniter\CodeIgniter->run()
#8 {main}
CRITICAL - 2021-08-11 07:14:58 --> syntax error, unexpected 'forgot_password' (T_STRING), expecting ',' or ')'
#0 /home/smartdepo/fe/vendor/codeigniter4/framework/system/View/View.php(222): CodeIgniter\View\View->CodeIgniter\View\{closure}()
#1 /home/smartdepo/fe/vendor/codeigniter4/framework/system/Common.php(1217): CodeIgniter\View\View->render('Modules\\Auth\\Vi...', Array, true)
#2 /home/smartdepo/fe/modules/Auth/Controllers/Auth.php(55): view('Modules\\Auth\\Vi...', Array)
#3 /home/smartdepo/fe/vendor/codeigniter4/framework/system/CodeIgniter.php(935): Modules\Auth\Controllers\Auth->set_login()
#4 /home/smartdepo/fe/vendor/codeigniter4/framework/system/CodeIgniter.php(431): CodeIgniter\CodeIgniter->runController(Object(Modules\Auth\Controllers\Auth))
#5 /home/smartdepo/fe/vendor/codeigniter4/framework/system/CodeIgniter.php(332): CodeIgniter\CodeIgniter->handleRequest(NULL, Object(Config\Cache), false)
#6 /home/smartdepo/fe/index.php(44): CodeIgniter\CodeIgniter->run()
#7 {main}
CRITICAL - 2021-08-11 08:03:32 --> 22 : The requested URL returned error: 404 Not Found
#0 /home/smartdepo/fe/vendor/codeigniter4/framework/system/HTTP/CURLRequest.php(805): CodeIgniter\HTTP\Exceptions\HTTPException::forCurlError('22', 'The requested U...')
#1 /home/smartdepo/fe/vendor/codeigniter4/framework/system/HTTP/CURLRequest.php(418): CodeIgniter\HTTP\CURLRequest->sendRequest(Array)
#2 /home/smartdepo/fe/vendor/codeigniter4/framework/system/HTTP/CURLRequest.php(127): CodeIgniter\HTTP\CURLRequest->send('POST', 'http://202.157....')
#3 /home/smartdepo/fe/modules/Auth/Controllers/Auth.php(47): CodeIgniter\HTTP\CURLRequest->request('POST', 'http://202.157....', Array)
#4 /home/smartdepo/fe/vendor/codeigniter4/framework/system/CodeIgniter.php(935): Modules\Auth\Controllers\Auth->set_login()
#5 /home/smartdepo/fe/vendor/codeigniter4/framework/system/CodeIgniter.php(431): CodeIgniter\CodeIgniter->runController(Object(Modules\Auth\Controllers\Auth))
#6 /home/smartdepo/fe/vendor/codeigniter4/framework/system/CodeIgniter.php(332): CodeIgniter\CodeIgniter->handleRequest(NULL, Object(Config\Cache), false)
#7 /home/smartdepo/fe/index.php(44): CodeIgniter\CodeIgniter->run()
#8 {main}
CRITICAL - 2021-08-11 08:13:13 --> 22 : The requested URL returned error: 404 Not Found
#0 /home/smartdepo/fe/vendor/codeigniter4/framework/system/HTTP/CURLRequest.php(805): CodeIgniter\HTTP\Exceptions\HTTPException::forCurlError('22', 'The requested U...')
#1 /home/smartdepo/fe/vendor/codeigniter4/framework/system/HTTP/CURLRequest.php(418): CodeIgniter\HTTP\CURLRequest->sendRequest(Array)
#2 /home/smartdepo/fe/vendor/codeigniter4/framework/system/HTTP/CURLRequest.php(127): CodeIgniter\HTTP\CURLRequest->send('POST', 'http://202.157....')
#3 /home/smartdepo/fe/modules/Auth/Controllers/Auth.php(47): CodeIgniter\HTTP\CURLRequest->request('POST', 'http://202.157....', Array)
#4 /home/smartdepo/fe/vendor/codeigniter4/framework/system/CodeIgniter.php(935): Modules\Auth\Controllers\Auth->set_login()
#5 /home/smartdepo/fe/vendor/codeigniter4/framework/system/CodeIgniter.php(431): CodeIgniter\CodeIgniter->runController(Object(Modules\Auth\Controllers\Auth))
#6 /home/smartdepo/fe/vendor/codeigniter4/framework/system/CodeIgniter.php(332): CodeIgniter\CodeIgniter->handleRequest(NULL, Object(Config\Cache), false)
#7 /home/smartdepo/fe/index.php(44): CodeIgniter\CodeIgniter->run()
#8 {main}
CRITICAL - 2021-08-11 08:14:14 --> 22 : The requested URL returned error: 404 Not Found
#0 /home/smartdepo/fe/vendor/codeigniter4/framework/system/HTTP/CURLRequest.php(805): CodeIgniter\HTTP\Exceptions\HTTPException::forCurlError('22', 'The requested U...')
#1 /home/smartdepo/fe/vendor/codeigniter4/framework/system/HTTP/CURLRequest.php(418): CodeIgniter\HTTP\CURLRequest->sendRequest(Array)
#2 /home/smartdepo/fe/vendor/codeigniter4/framework/system/HTTP/CURLRequest.php(127): CodeIgniter\HTTP\CURLRequest->send('POST', 'http://202.157....')
#3 /home/smartdepo/fe/modules/Auth/Controllers/Auth.php(47): CodeIgniter\HTTP\CURLRequest->request('POST', 'http://202.157....', Array)
#4 /home/smartdepo/fe/vendor/codeigniter4/framework/system/CodeIgniter.php(935): Modules\Auth\Controllers\Auth->set_login()
#5 /home/smartdepo/fe/vendor/codeigniter4/framework/system/CodeIgniter.php(431): CodeIgniter\CodeIgniter->runController(Object(Modules\Auth\Controllers\Auth))
#6 /home/smartdepo/fe/vendor/codeigniter4/framework/system/CodeIgniter.php(332): CodeIgniter\CodeIgniter->handleRequest(NULL, Object(Config\Cache), false)
#7 /home/smartdepo/fe/index.php(44): CodeIgniter\CodeIgniter->run()
#8 {main}
CRITICAL - 2021-08-11 08:16:58 --> 22 : The requested URL returned error: 404 Not Found
#0 /home/smartdepo/fe/vendor/codeigniter4/framework/system/HTTP/CURLRequest.php(805): CodeIgniter\HTTP\Exceptions\HTTPException::forCurlError('22', 'The requested U...')
#1 /home/smartdepo/fe/vendor/codeigniter4/framework/system/HTTP/CURLRequest.php(418): CodeIgniter\HTTP\CURLRequest->sendRequest(Array)
#2 /home/smartdepo/fe/vendor/codeigniter4/framework/system/HTTP/CURLRequest.php(127): CodeIgniter\HTTP\CURLRequest->send('POST', 'http://202.157....')
#3 /home/smartdepo/fe/modules/Auth/Controllers/Auth.php(47): CodeIgniter\HTTP\CURLRequest->request('POST', 'http://202.157....', Array)
#4 /home/smartdepo/fe/vendor/codeigniter4/framework/system/CodeIgniter.php(935): Modules\Auth\Controllers\Auth->set_login()
#5 /home/smartdepo/fe/vendor/codeigniter4/framework/system/CodeIgniter.php(431): CodeIgniter\CodeIgniter->runController(Object(Modules\Auth\Controllers\Auth))
#6 /home/smartdepo/fe/vendor/codeigniter4/framework/system/CodeIgniter.php(332): CodeIgniter\CodeIgniter->handleRequest(NULL, Object(Config\Cache), false)
#7 /home/smartdepo/fe/index.php(44): CodeIgniter\CodeIgniter->run()
#8 {main}
CRITICAL - 2021-08-11 08:17:14 --> 22 : The requested URL returned error: 404 Not Found
#0 /home/smartdepo/fe/vendor/codeigniter4/framework/system/HTTP/CURLRequest.php(805): CodeIgniter\HTTP\Exceptions\HTTPException::forCurlError('22', 'The requested U...')
#1 /home/smartdepo/fe/vendor/codeigniter4/framework/system/HTTP/CURLRequest.php(418): CodeIgniter\HTTP\CURLRequest->sendRequest(Array)
#2 /home/smartdepo/fe/vendor/codeigniter4/framework/system/HTTP/CURLRequest.php(127): CodeIgniter\HTTP\CURLRequest->send('POST', 'http://202.157....')
#3 /home/smartdepo/fe/modules/Auth/Controllers/Auth.php(47): CodeIgniter\HTTP\CURLRequest->request('POST', 'http://202.157....', Array)
#4 /home/smartdepo/fe/vendor/codeigniter4/framework/system/CodeIgniter.php(935): Modules\Auth\Controllers\Auth->set_login()
#5 /home/smartdepo/fe/vendor/codeigniter4/framework/system/CodeIgniter.php(431): CodeIgniter\CodeIgniter->runController(Object(Modules\Auth\Controllers\Auth))
#6 /home/smartdepo/fe/vendor/codeigniter4/framework/system/CodeIgniter.php(332): CodeIgniter\CodeIgniter->handleRequest(NULL, Object(Config\Cache), false)
#7 /home/smartdepo/fe/index.php(44): CodeIgniter\CodeIgniter->run()
#8 {main}
CRITICAL - 2021-08-11 08:27:30 --> 22 : The requested URL returned error: 404 Not Found
#0 /home/smartdepo/fe/vendor/codeigniter4/framework/system/HTTP/CURLRequest.php(805): CodeIgniter\HTTP\Exceptions\HTTPException::forCurlError('22', 'The requested U...')
#1 /home/smartdepo/fe/vendor/codeigniter4/framework/system/HTTP/CURLRequest.php(418): CodeIgniter\HTTP\CURLRequest->sendRequest(Array)
#2 /home/smartdepo/fe/vendor/codeigniter4/framework/system/HTTP/CURLRequest.php(127): CodeIgniter\HTTP\CURLRequest->send('POST', 'http://202.157....')
#3 /home/smartdepo/fe/modules/Auth/Controllers/Auth.php(47): CodeIgniter\HTTP\CURLRequest->request('POST', 'http://202.157....', Array)
#4 /home/smartdepo/fe/vendor/codeigniter4/framework/system/CodeIgniter.php(935): Modules\Auth\Controllers\Auth->set_login()
#5 /home/smartdepo/fe/vendor/codeigniter4/framework/system/CodeIgniter.php(431): CodeIgniter\CodeIgniter->runController(Object(Modules\Auth\Controllers\Auth))
#6 /home/smartdepo/fe/vendor/codeigniter4/framework/system/CodeIgniter.php(332): CodeIgniter\CodeIgniter->handleRequest(NULL, Object(Config\Cache), false)
#7 /home/smartdepo/fe/index.php(44): CodeIgniter\CodeIgniter->run()
#8 {main}
CRITICAL - 2021-08-11 08:28:12 --> 22 : The requested URL returned error: 404 Not Found
#0 /home/smartdepo/fe/vendor/codeigniter4/framework/system/HTTP/CURLRequest.php(805): CodeIgniter\HTTP\Exceptions\HTTPException::forCurlError('22', 'The requested U...')
#1 /home/smartdepo/fe/vendor/codeigniter4/framework/system/HTTP/CURLRequest.php(418): CodeIgniter\HTTP\CURLRequest->sendRequest(Array)
#2 /home/smartdepo/fe/vendor/codeigniter4/framework/system/HTTP/CURLRequest.php(127): CodeIgniter\HTTP\CURLRequest->send('POST', 'http://202.157....')
#3 /home/smartdepo/fe/modules/Auth/Controllers/Auth.php(47): CodeIgniter\HTTP\CURLRequest->request('POST', 'http://202.157....', Array)
#4 /home/smartdepo/fe/vendor/codeigniter4/framework/system/CodeIgniter.php(935): Modules\Auth\Controllers\Auth->set_login()
#5 /home/smartdepo/fe/vendor/codeigniter4/framework/system/CodeIgniter.php(431): CodeIgniter\CodeIgniter->runController(Object(Modules\Auth\Controllers\Auth))
#6 /home/smartdepo/fe/vendor/codeigniter4/framework/system/CodeIgniter.php(332): CodeIgniter\CodeIgniter->handleRequest(NULL, Object(Config\Cache), false)
#7 /home/smartdepo/fe/index.php(44): CodeIgniter\CodeIgniter->run()
#8 {main}
CRITICAL - 2021-08-11 08:38:21 --> cURL error 6: Could not resolve host: users (see https://curl.haxx.se/libcurl/c/libcurl-errors.html) for users/auth/signin
#0 /home/smartdepo/fe/vendor/guzzlehttp/guzzle/src/Handler/CurlFactory.php(158): GuzzleHttp\Handler\CurlFactory::createRejection(Object(GuzzleHttp\Handler\EasyHandle), Array)
#1 /home/smartdepo/fe/vendor/guzzlehttp/guzzle/src/Handler/CurlFactory.php(110): GuzzleHttp\Handler\CurlFactory::finishError(Object(GuzzleHttp\Handler\CurlHandler), Object(GuzzleHttp\Handler\EasyHandle), Object(GuzzleHttp\Handler\CurlFactory))
#2 /home/smartdepo/fe/vendor/guzzlehttp/guzzle/src/Handler/CurlHandler.php(47): GuzzleHttp\Handler\CurlFactory::finish(Object(GuzzleHttp\Handler\CurlHandler), Object(GuzzleHttp\Handler\EasyHandle), Object(GuzzleHttp\Handler\CurlFactory))
#3 /home/smartdepo/fe/vendor/guzzlehttp/guzzle/src/Handler/Proxy.php(28): GuzzleHttp\Handler\CurlHandler->__invoke(Object(GuzzleHttp\Psr7\Request), Array)
#4 /home/smartdepo/fe/vendor/guzzlehttp/guzzle/src/Handler/Proxy.php(48): GuzzleHttp\Handler\Proxy::GuzzleHttp\Handler\{closure}(Object(GuzzleHttp\Psr7\Request), Array)
#5 /home/smartdepo/fe/vendor/guzzlehttp/guzzle/src/PrepareBodyMiddleware.php(64): GuzzleHttp\Handler\Proxy::GuzzleHttp\Handler\{closure}(Object(GuzzleHttp\Psr7\Request), Array)
#6 /home/smartdepo/fe/vendor/guzzlehttp/guzzle/src/Middleware.php(31): GuzzleHttp\PrepareBodyMiddleware->__invoke(Object(GuzzleHttp\Psr7\Request), Array)
#7 /home/smartdepo/fe/vendor/guzzlehttp/guzzle/src/RedirectMiddleware.php(71): GuzzleHttp\Middleware::GuzzleHttp\{closure}(Object(GuzzleHttp\Psr7\Request), Array)
#8 /home/smartdepo/fe/vendor/guzzlehttp/guzzle/src/Middleware.php(61): GuzzleHttp\RedirectMiddleware->__invoke(Object(GuzzleHttp\Psr7\Request), Array)
#9 /home/smartdepo/fe/vendor/guzzlehttp/guzzle/src/HandlerStack.php(75): GuzzleHttp\Middleware::GuzzleHttp\{closure}(Object(GuzzleHttp\Psr7\Request), Array)
#10 /home/smartdepo/fe/vendor/guzzlehttp/guzzle/src/Client.php(331): GuzzleHttp\HandlerStack->__invoke(Object(GuzzleHttp\Psr7\Request), Array)
#11 /home/smartdepo/fe/vendor/guzzlehttp/guzzle/src/Client.php(168): GuzzleHttp\Client->transfer(Object(GuzzleHttp\Psr7\Request), Array)
#12 /home/smartdepo/fe/vendor/guzzlehttp/guzzle/src/Client.php(187): GuzzleHttp\Client->requestAsync('POST', Object(GuzzleHttp\Psr7\Uri), Array)
#13 /home/smartdepo/fe/modules/Auth/Controllers/Auth.php(53): GuzzleHttp\Client->request('POST', 'users/auth/sign...', Array)
#14 /home/smartdepo/fe/vendor/codeigniter4/framework/system/CodeIgniter.php(935): Modules\Auth\Controllers\Auth->set_login()
#15 /home/smartdepo/fe/vendor/codeigniter4/framework/system/CodeIgniter.php(431): CodeIgniter\CodeIgniter->runController(Object(Modules\Auth\Controllers\Auth))
#16 /home/smartdepo/fe/vendor/codeigniter4/framework/system/CodeIgniter.php(332): CodeIgniter\CodeIgniter->handleRequest(NULL, Object(Config\Cache), false)
#17 /home/smartdepo/fe/index.php(44): CodeIgniter\CodeIgniter->run()
#18 {main}
CRITICAL - 2021-08-11 08:44:49 --> cURL error 6: Could not resolve host: users (see https://curl.haxx.se/libcurl/c/libcurl-errors.html) for users/auth/signin
#0 /home/smartdepo/fe/vendor/guzzlehttp/guzzle/src/Handler/CurlFactory.php(158): GuzzleHttp\Handler\CurlFactory::createRejection(Object(GuzzleHttp\Handler\EasyHandle), Array)
#1 /home/smartdepo/fe/vendor/guzzlehttp/guzzle/src/Handler/CurlFactory.php(110): GuzzleHttp\Handler\CurlFactory::finishError(Object(GuzzleHttp\Handler\CurlHandler), Object(GuzzleHttp\Handler\EasyHandle), Object(GuzzleHttp\Handler\CurlFactory))
#2 /home/smartdepo/fe/vendor/guzzlehttp/guzzle/src/Handler/CurlHandler.php(47): GuzzleHttp\Handler\CurlFactory::finish(Object(GuzzleHttp\Handler\CurlHandler), Object(GuzzleHttp\Handler\EasyHandle), Object(GuzzleHttp\Handler\CurlFactory))
#3 /home/smartdepo/fe/vendor/guzzlehttp/guzzle/src/Handler/Proxy.php(28): GuzzleHttp\Handler\CurlHandler->__invoke(Object(GuzzleHttp\Psr7\Request), Array)
#4 /home/smartdepo/fe/vendor/guzzlehttp/guzzle/src/Handler/Proxy.php(48): GuzzleHttp\Handler\Proxy::GuzzleHttp\Handler\{closure}(Object(GuzzleHttp\Psr7\Request), Array)
#5 /home/smartdepo/fe/vendor/guzzlehttp/guzzle/src/PrepareBodyMiddleware.php(64): GuzzleHttp\Handler\Proxy::GuzzleHttp\Handler\{closure}(Object(GuzzleHttp\Psr7\Request), Array)
#6 /home/smartdepo/fe/vendor/guzzlehttp/guzzle/src/Middleware.php(31): GuzzleHttp\PrepareBodyMiddleware->__invoke(Object(GuzzleHttp\Psr7\Request), Array)
#7 /home/smartdepo/fe/vendor/guzzlehttp/guzzle/src/RedirectMiddleware.php(71): GuzzleHttp\Middleware::GuzzleHttp\{closure}(Object(GuzzleHttp\Psr7\Request), Array)
#8 /home/smartdepo/fe/vendor/guzzlehttp/guzzle/src/Middleware.php(61): GuzzleHttp\RedirectMiddleware->__invoke(Object(GuzzleHttp\Psr7\Request), Array)
#9 /home/smartdepo/fe/vendor/guzzlehttp/guzzle/src/HandlerStack.php(75): GuzzleHttp\Middleware::GuzzleHttp\{closure}(Object(GuzzleHttp\Psr7\Request), Array)
#10 /home/smartdepo/fe/vendor/guzzlehttp/guzzle/src/Client.php(331): GuzzleHttp\HandlerStack->__invoke(Object(GuzzleHttp\Psr7\Request), Array)
#11 /home/smartdepo/fe/vendor/guzzlehttp/guzzle/src/Client.php(168): GuzzleHttp\Client->transfer(Object(GuzzleHttp\Psr7\Request), Array)
#12 /home/smartdepo/fe/vendor/guzzlehttp/guzzle/src/Client.php(187): GuzzleHttp\Client->requestAsync('POST', Object(GuzzleHttp\Psr7\Uri), Array)
#13 /home/smartdepo/fe/vendor/guzzlehttp/guzzle/src/ClientTrait.php(95): GuzzleHttp\Client->request('POST', 'users/auth/sign...', Array)
#14 /home/smartdepo/fe/modules/Auth/Controllers/Auth.php(53): GuzzleHttp\Client->post('users/auth/sign...', Array)
#15 /home/smartdepo/fe/vendor/codeigniter4/framework/system/CodeIgniter.php(935): Modules\Auth\Controllers\Auth->set_login()
#16 /home/smartdepo/fe/vendor/codeigniter4/framework/system/CodeIgniter.php(431): CodeIgniter\CodeIgniter->runController(Object(Modules\Auth\Controllers\Auth))
#17 /home/smartdepo/fe/vendor/codeigniter4/framework/system/CodeIgniter.php(332): CodeIgniter\CodeIgniter->handleRequest(NULL, Object(Config\Cache), false)
#18 /home/smartdepo/fe/index.php(44): CodeIgniter\CodeIgniter->run()
#19 {main}
CRITICAL - 2021-08-11 08:46:34 --> cURL error 6: Could not resolve host: users (see https://curl.haxx.se/libcurl/c/libcurl-errors.html) for users/auth/signin
#0 /home/smartdepo/fe/vendor/guzzlehttp/guzzle/src/Handler/CurlFactory.php(158): GuzzleHttp\Handler\CurlFactory::createRejection(Object(GuzzleHttp\Handler\EasyHandle), Array)
#1 /home/smartdepo/fe/vendor/guzzlehttp/guzzle/src/Handler/CurlFactory.php(110): GuzzleHttp\Handler\CurlFactory::finishError(Object(GuzzleHttp\Handler\CurlHandler), Object(GuzzleHttp\Handler\EasyHandle), Object(GuzzleHttp\Handler\CurlFactory))
#2 /home/smartdepo/fe/vendor/guzzlehttp/guzzle/src/Handler/CurlHandler.php(47): GuzzleHttp\Handler\CurlFactory::finish(Object(GuzzleHttp\Handler\CurlHandler), Object(GuzzleHttp\Handler\EasyHandle), Object(GuzzleHttp\Handler\CurlFactory))
#3 /home/smartdepo/fe/vendor/guzzlehttp/guzzle/src/Handler/Proxy.php(28): GuzzleHttp\Handler\CurlHandler->__invoke(Object(GuzzleHttp\Psr7\Request), Array)
#4 /home/smartdepo/fe/vendor/guzzlehttp/guzzle/src/Handler/Proxy.php(48): GuzzleHttp\Handler\Proxy::GuzzleHttp\Handler\{closure}(Object(GuzzleHttp\Psr7\Request), Array)
#5 /home/smartdepo/fe/vendor/guzzlehttp/guzzle/src/PrepareBodyMiddleware.php(64): GuzzleHttp\Handler\Proxy::GuzzleHttp\Handler\{closure}(Object(GuzzleHttp\Psr7\Request), Array)
#6 /home/smartdepo/fe/vendor/guzzlehttp/guzzle/src/Middleware.php(31): GuzzleHttp\PrepareBodyMiddleware->__invoke(Object(GuzzleHttp\Psr7\Request), Array)
#7 /home/smartdepo/fe/vendor/guzzlehttp/guzzle/src/RedirectMiddleware.php(71): GuzzleHttp\Middleware::GuzzleHttp\{closure}(Object(GuzzleHttp\Psr7\Request), Array)
#8 /home/smartdepo/fe/vendor/guzzlehttp/guzzle/src/Middleware.php(61): GuzzleHttp\RedirectMiddleware->__invoke(Object(GuzzleHttp\Psr7\Request), Array)
#9 /home/smartdepo/fe/vendor/guzzlehttp/guzzle/src/HandlerStack.php(75): GuzzleHttp\Middleware::GuzzleHttp\{closure}(Object(GuzzleHttp\Psr7\Request), Array)
#10 /home/smartdepo/fe/vendor/guzzlehttp/guzzle/src/Client.php(331): GuzzleHttp\HandlerStack->__invoke(Object(GuzzleHttp\Psr7\Request), Array)
#11 /home/smartdepo/fe/vendor/guzzlehttp/guzzle/src/Client.php(168): GuzzleHttp\Client->transfer(Object(GuzzleHttp\Psr7\Request), Array)
#12 /home/smartdepo/fe/vendor/guzzlehttp/guzzle/src/Client.php(187): GuzzleHttp\Client->requestAsync('POST', Object(GuzzleHttp\Psr7\Uri), Array)
#13 /home/smartdepo/fe/modules/Auth/Controllers/Auth.php(54): GuzzleHttp\Client->request('POST', 'users/auth/sign...', Array)
#14 /home/smartdepo/fe/vendor/codeigniter4/framework/system/CodeIgniter.php(935): Modules\Auth\Controllers\Auth->set_login()
#15 /home/smartdepo/fe/vendor/codeigniter4/framework/system/CodeIgniter.php(431): CodeIgniter\CodeIgniter->runController(Object(Modules\Auth\Controllers\Auth))
#16 /home/smartdepo/fe/vendor/codeigniter4/framework/system/CodeIgniter.php(332): CodeIgniter\CodeIgniter->handleRequest(NULL, Object(Config\Cache), false)
#17 /home/smartdepo/fe/index.php(44): CodeIgniter\CodeIgniter->run()
#18 {main}
CRITICAL - 2021-08-11 08:47:18 --> cURL error 6: Could not resolve host: users (see https://curl.haxx.se/libcurl/c/libcurl-errors.html) for users/auth/signin
#0 /home/smartdepo/fe/vendor/guzzlehttp/guzzle/src/Handler/CurlFactory.php(158): GuzzleHttp\Handler\CurlFactory::createRejection(Object(GuzzleHttp\Handler\EasyHandle), Array)
#1 /home/smartdepo/fe/vendor/guzzlehttp/guzzle/src/Handler/CurlFactory.php(110): GuzzleHttp\Handler\CurlFactory::finishError(Object(GuzzleHttp\Handler\CurlHandler), Object(GuzzleHttp\Handler\EasyHandle), Object(GuzzleHttp\Handler\CurlFactory))
#2 /home/smartdepo/fe/vendor/guzzlehttp/guzzle/src/Handler/CurlHandler.php(47): GuzzleHttp\Handler\CurlFactory::finish(Object(GuzzleHttp\Handler\CurlHandler), Object(GuzzleHttp\Handler\EasyHandle), Object(GuzzleHttp\Handler\CurlFactory))
#3 /home/smartdepo/fe/vendor/guzzlehttp/guzzle/src/Handler/Proxy.php(28): GuzzleHttp\Handler\CurlHandler->__invoke(Object(GuzzleHttp\Psr7\Request), Array)
#4 /home/smartdepo/fe/vendor/guzzlehttp/guzzle/src/Handler/Proxy.php(48): GuzzleHttp\Handler\Proxy::GuzzleHttp\Handler\{closure}(Object(GuzzleHttp\Psr7\Request), Array)
#5 /home/smartdepo/fe/vendor/guzzlehttp/guzzle/src/PrepareBodyMiddleware.php(64): GuzzleHttp\Handler\Proxy::GuzzleHttp\Handler\{closure}(Object(GuzzleHttp\Psr7\Request), Array)
#6 /home/smartdepo/fe/vendor/guzzlehttp/guzzle/src/Middleware.php(31): GuzzleHttp\PrepareBodyMiddleware->__invoke(Object(GuzzleHttp\Psr7\Request), Array)
#7 /home/smartdepo/fe/vendor/guzzlehttp/guzzle/src/RedirectMiddleware.php(71): GuzzleHttp\Middleware::GuzzleHttp\{closure}(Object(GuzzleHttp\Psr7\Request), Array)
#8 /home/smartdepo/fe/vendor/guzzlehttp/guzzle/src/Middleware.php(61): GuzzleHttp\RedirectMiddleware->__invoke(Object(GuzzleHttp\Psr7\Request), Array)
#9 /home/smartdepo/fe/vendor/guzzlehttp/guzzle/src/HandlerStack.php(75): GuzzleHttp\Middleware::GuzzleHttp\{closure}(Object(GuzzleHttp\Psr7\Request), Array)
#10 /home/smartdepo/fe/vendor/guzzlehttp/guzzle/src/Client.php(331): GuzzleHttp\HandlerStack->__invoke(Object(GuzzleHttp\Psr7\Request), Array)
#11 /home/smartdepo/fe/vendor/guzzlehttp/guzzle/src/Client.php(168): GuzzleHttp\Client->transfer(Object(GuzzleHttp\Psr7\Request), Array)
#12 /home/smartdepo/fe/vendor/guzzlehttp/guzzle/src/Client.php(187): GuzzleHttp\Client->requestAsync('POST', Object(GuzzleHttp\Psr7\Uri), Array)
#13 /home/smartdepo/fe/modules/Auth/Controllers/Auth.php(54): GuzzleHttp\Client->request('POST', 'users/auth/sign...', Array)
#14 /home/smartdepo/fe/vendor/codeigniter4/framework/system/CodeIgniter.php(935): Modules\Auth\Controllers\Auth->set_login()
#15 /home/smartdepo/fe/vendor/codeigniter4/framework/system/CodeIgniter.php(431): CodeIgniter\CodeIgniter->runController(Object(Modules\Auth\Controllers\Auth))
#16 /home/smartdepo/fe/vendor/codeigniter4/framework/system/CodeIgniter.php(332): CodeIgniter\CodeIgniter->handleRequest(NULL, Object(Config\Cache), false)
#17 /home/smartdepo/fe/index.php(44): CodeIgniter\CodeIgniter->run()
#18 {main}
CRITICAL - 2021-08-11 08:47:28 --> cURL error 6: Could not resolve host: users (see https://curl.haxx.se/libcurl/c/libcurl-errors.html) for users/auth/signin
#0 /home/smartdepo/fe/vendor/guzzlehttp/guzzle/src/Handler/CurlFactory.php(158): GuzzleHttp\Handler\CurlFactory::createRejection(Object(GuzzleHttp\Handler\EasyHandle), Array)
#1 /home/smartdepo/fe/vendor/guzzlehttp/guzzle/src/Handler/CurlFactory.php(110): GuzzleHttp\Handler\CurlFactory::finishError(Object(GuzzleHttp\Handler\CurlHandler), Object(GuzzleHttp\Handler\EasyHandle), Object(GuzzleHttp\Handler\CurlFactory))
#2 /home/smartdepo/fe/vendor/guzzlehttp/guzzle/src/Handler/CurlHandler.php(47): GuzzleHttp\Handler\CurlFactory::finish(Object(GuzzleHttp\Handler\CurlHandler), Object(GuzzleHttp\Handler\EasyHandle), Object(GuzzleHttp\Handler\CurlFactory))
#3 /home/smartdepo/fe/vendor/guzzlehttp/guzzle/src/Handler/Proxy.php(28): GuzzleHttp\Handler\CurlHandler->__invoke(Object(GuzzleHttp\Psr7\Request), Array)
#4 /home/smartdepo/fe/vendor/guzzlehttp/guzzle/src/Handler/Proxy.php(48): GuzzleHttp\Handler\Proxy::GuzzleHttp\Handler\{closure}(Object(GuzzleHttp\Psr7\Request), Array)
#5 /home/smartdepo/fe/vendor/guzzlehttp/guzzle/src/PrepareBodyMiddleware.php(64): GuzzleHttp\Handler\Proxy::GuzzleHttp\Handler\{closure}(Object(GuzzleHttp\Psr7\Request), Array)
#6 /home/smartdepo/fe/vendor/guzzlehttp/guzzle/src/Middleware.php(31): GuzzleHttp\PrepareBodyMiddleware->__invoke(Object(GuzzleHttp\Psr7\Request), Array)
#7 /home/smartdepo/fe/vendor/guzzlehttp/guzzle/src/RedirectMiddleware.php(71): GuzzleHttp\Middleware::GuzzleHttp\{closure}(Object(GuzzleHttp\Psr7\Request), Array)
#8 /home/smartdepo/fe/vendor/guzzlehttp/guzzle/src/Middleware.php(61): GuzzleHttp\RedirectMiddleware->__invoke(Object(GuzzleHttp\Psr7\Request), Array)
#9 /home/smartdepo/fe/vendor/guzzlehttp/guzzle/src/HandlerStack.php(75): GuzzleHttp\Middleware::GuzzleHttp\{closure}(Object(GuzzleHttp\Psr7\Request), Array)
#10 /home/smartdepo/fe/vendor/guzzlehttp/guzzle/src/Client.php(331): GuzzleHttp\HandlerStack->__invoke(Object(GuzzleHttp\Psr7\Request), Array)
#11 /home/smartdepo/fe/vendor/guzzlehttp/guzzle/src/Client.php(168): GuzzleHttp\Client->transfer(Object(GuzzleHttp\Psr7\Request), Array)
#12 /home/smartdepo/fe/vendor/guzzlehttp/guzzle/src/Client.php(187): GuzzleHttp\Client->requestAsync('POST', Object(GuzzleHttp\Psr7\Uri), Array)
#13 /home/smartdepo/fe/modules/Auth/Controllers/Auth.php(54): GuzzleHttp\Client->request('POST', 'users/auth/sign...', Array)
#14 /home/smartdepo/fe/vendor/codeigniter4/framework/system/CodeIgniter.php(935): Modules\Auth\Controllers\Auth->set_login()
#15 /home/smartdepo/fe/vendor/codeigniter4/framework/system/CodeIgniter.php(431): CodeIgniter\CodeIgniter->runController(Object(Modules\Auth\Controllers\Auth))
#16 /home/smartdepo/fe/vendor/codeigniter4/framework/system/CodeIgniter.php(332): CodeIgniter\CodeIgniter->handleRequest(NULL, Object(Config\Cache), false)
#17 /home/smartdepo/fe/index.php(44): CodeIgniter\CodeIgniter->run()
#18 {main}
CRITICAL - 2021-08-11 08:48:32 --> cURL error 3: <url> malformed (see https://curl.haxx.se/libcurl/c/libcurl-errors.html) for /users/auth/signin
#0 /home/smartdepo/fe/vendor/guzzlehttp/guzzle/src/Handler/CurlFactory.php(158): GuzzleHttp\Handler\CurlFactory::createRejection(Object(GuzzleHttp\Handler\EasyHandle), Array)
#1 /home/smartdepo/fe/vendor/guzzlehttp/guzzle/src/Handler/CurlFactory.php(110): GuzzleHttp\Handler\CurlFactory::finishError(Object(GuzzleHttp\Handler\CurlHandler), Object(GuzzleHttp\Handler\EasyHandle), Object(GuzzleHttp\Handler\CurlFactory))
#2 /home/smartdepo/fe/vendor/guzzlehttp/guzzle/src/Handler/CurlHandler.php(47): GuzzleHttp\Handler\CurlFactory::finish(Object(GuzzleHttp\Handler\CurlHandler), Object(GuzzleHttp\Handler\EasyHandle), Object(GuzzleHttp\Handler\CurlFactory))
#3 /home/smartdepo/fe/vendor/guzzlehttp/guzzle/src/Handler/Proxy.php(28): GuzzleHttp\Handler\CurlHandler->__invoke(Object(GuzzleHttp\Psr7\Request), Array)
#4 /home/smartdepo/fe/vendor/guzzlehttp/guzzle/src/Handler/Proxy.php(48): GuzzleHttp\Handler\Proxy::GuzzleHttp\Handler\{closure}(Object(GuzzleHttp\Psr7\Request), Array)
#5 /home/smartdepo/fe/vendor/guzzlehttp/guzzle/src/PrepareBodyMiddleware.php(64): GuzzleHttp\Handler\Proxy::GuzzleHttp\Handler\{closure}(Object(GuzzleHttp\Psr7\Request), Array)
#6 /home/smartdepo/fe/vendor/guzzlehttp/guzzle/src/Middleware.php(31): GuzzleHttp\PrepareBodyMiddleware->__invoke(Object(GuzzleHttp\Psr7\Request), Array)
#7 /home/smartdepo/fe/vendor/guzzlehttp/guzzle/src/RedirectMiddleware.php(71): GuzzleHttp\Middleware::GuzzleHttp\{closure}(Object(GuzzleHttp\Psr7\Request), Array)
#8 /home/smartdepo/fe/vendor/guzzlehttp/guzzle/src/Middleware.php(61): GuzzleHttp\RedirectMiddleware->__invoke(Object(GuzzleHttp\Psr7\Request), Array)
#9 /home/smartdepo/fe/vendor/guzzlehttp/guzzle/src/HandlerStack.php(75): GuzzleHttp\Middleware::GuzzleHttp\{closure}(Object(GuzzleHttp\Psr7\Request), Array)
#10 /home/smartdepo/fe/vendor/guzzlehttp/guzzle/src/Client.php(331): GuzzleHttp\HandlerStack->__invoke(Object(GuzzleHttp\Psr7\Request), Array)
#11 /home/smartdepo/fe/vendor/guzzlehttp/guzzle/src/Client.php(168): GuzzleHttp\Client->transfer(Object(GuzzleHttp\Psr7\Request), Array)
#12 /home/smartdepo/fe/vendor/guzzlehttp/guzzle/src/Client.php(187): GuzzleHttp\Client->requestAsync('POST', Object(GuzzleHttp\Psr7\Uri), Array)
#13 /home/smartdepo/fe/modules/Auth/Controllers/Auth.php(54): GuzzleHttp\Client->request('POST', '/users/auth/sig...', Array)
#14 /home/smartdepo/fe/vendor/codeigniter4/framework/system/CodeIgniter.php(935): Modules\Auth\Controllers\Auth->set_login()
#15 /home/smartdepo/fe/vendor/codeigniter4/framework/system/CodeIgniter.php(431): CodeIgniter\CodeIgniter->runController(Object(Modules\Auth\Controllers\Auth))
#16 /home/smartdepo/fe/vendor/codeigniter4/framework/system/CodeIgniter.php(332): CodeIgniter\CodeIgniter->handleRequest(NULL, Object(Config\Cache), false)
#17 /home/smartdepo/fe/index.php(44): CodeIgniter\CodeIgniter->run()
#18 {main}
CRITICAL - 2021-08-11 08:49:18 --> cURL error 6: Could not resolve host: users (see https://curl.haxx.se/libcurl/c/libcurl-errors.html) for users/auth/signin
#0 /home/smartdepo/fe/vendor/guzzlehttp/guzzle/src/Handler/CurlFactory.php(158): GuzzleHttp\Handler\CurlFactory::createRejection(Object(GuzzleHttp\Handler\EasyHandle), Array)
#1 /home/smartdepo/fe/vendor/guzzlehttp/guzzle/src/Handler/CurlFactory.php(110): GuzzleHttp\Handler\CurlFactory::finishError(Object(GuzzleHttp\Handler\CurlHandler), Object(GuzzleHttp\Handler\EasyHandle), Object(GuzzleHttp\Handler\CurlFactory))
#2 /home/smartdepo/fe/vendor/guzzlehttp/guzzle/src/Handler/CurlHandler.php(47): GuzzleHttp\Handler\CurlFactory::finish(Object(GuzzleHttp\Handler\CurlHandler), Object(GuzzleHttp\Handler\EasyHandle), Object(GuzzleHttp\Handler\CurlFactory))
#3 /home/smartdepo/fe/vendor/guzzlehttp/guzzle/src/Handler/Proxy.php(28): GuzzleHttp\Handler\CurlHandler->__invoke(Object(GuzzleHttp\Psr7\Request), Array)
#4 /home/smartdepo/fe/vendor/guzzlehttp/guzzle/src/Handler/Proxy.php(48): GuzzleHttp\Handler\Proxy::GuzzleHttp\Handler\{closure}(Object(GuzzleHttp\Psr7\Request), Array)
#5 /home/smartdepo/fe/vendor/guzzlehttp/guzzle/src/PrepareBodyMiddleware.php(64): GuzzleHttp\Handler\Proxy::GuzzleHttp\Handler\{closure}(Object(GuzzleHttp\Psr7\Request), Array)
#6 /home/smartdepo/fe/vendor/guzzlehttp/guzzle/src/Middleware.php(31): GuzzleHttp\PrepareBodyMiddleware->__invoke(Object(GuzzleHttp\Psr7\Request), Array)
#7 /home/smartdepo/fe/vendor/guzzlehttp/guzzle/src/RedirectMiddleware.php(71): GuzzleHttp\Middleware::GuzzleHttp\{closure}(Object(GuzzleHttp\Psr7\Request), Array)
#8 /home/smartdepo/fe/vendor/guzzlehttp/guzzle/src/Middleware.php(61): GuzzleHttp\RedirectMiddleware->__invoke(Object(GuzzleHttp\Psr7\Request), Array)
#9 /home/smartdepo/fe/vendor/guzzlehttp/guzzle/src/HandlerStack.php(75): GuzzleHttp\Middleware::GuzzleHttp\{closure}(Object(GuzzleHttp\Psr7\Request), Array)
#10 /home/smartdepo/fe/vendor/guzzlehttp/guzzle/src/Client.php(331): GuzzleHttp\HandlerStack->__invoke(Object(GuzzleHttp\Psr7\Request), Array)
#11 /home/smartdepo/fe/vendor/guzzlehttp/guzzle/src/Client.php(168): GuzzleHttp\Client->transfer(Object(GuzzleHttp\Psr7\Request), Array)
#12 /home/smartdepo/fe/vendor/guzzlehttp/guzzle/src/Client.php(187): GuzzleHttp\Client->requestAsync('POST', Object(GuzzleHttp\Psr7\Uri), Array)
#13 /home/smartdepo/fe/modules/Auth/Controllers/Auth.php(54): GuzzleHttp\Client->request('POST', 'users/auth/sign...', Array)
#14 /home/smartdepo/fe/vendor/codeigniter4/framework/system/CodeIgniter.php(935): Modules\Auth\Controllers\Auth->set_login()
#15 /home/smartdepo/fe/vendor/codeigniter4/framework/system/CodeIgniter.php(431): CodeIgniter\CodeIgniter->runController(Object(Modules\Auth\Controllers\Auth))
#16 /home/smartdepo/fe/vendor/codeigniter4/framework/system/CodeIgniter.php(332): CodeIgniter\CodeIgniter->handleRequest(NULL, Object(Config\Cache), false)
#17 /home/smartdepo/fe/index.php(44): CodeIgniter\CodeIgniter->run()
#18 {main}
CRITICAL - 2021-08-11 09:01:45 --> Undefined index: username
#0 /home/smartdepo/fe/modules/Auth/Views/user_profile.php(25): CodeIgniter\Debug\Exceptions->errorHandler(8, 'Undefined index...', '/home/smartdepo...', 25, Array)
#1 /home/smartdepo/fe/vendor/codeigniter4/framework/system/View/View.php(220): include('/home/smartdepo...')
#2 /home/smartdepo/fe/vendor/codeigniter4/framework/system/View/View.php(222): CodeIgniter\View\View->CodeIgniter\View\{closure}()
#3 /home/smartdepo/fe/vendor/codeigniter4/framework/system/Common.php(1217): CodeIgniter\View\View->render('Modules\\Auth\\Vi...', Array, true)
#4 /home/smartdepo/fe/modules/Auth/Controllers/Auth.php(217): view('Modules\\Auth\\Vi...', Array)
#5 /home/smartdepo/fe/vendor/codeigniter4/framework/system/CodeIgniter.php(935): Modules\Auth\Controllers\Auth->user_profile()
#6 /home/smartdepo/fe/vendor/codeigniter4/framework/system/CodeIgniter.php(431): CodeIgniter\CodeIgniter->runController(Object(Modules\Auth\Controllers\Auth))
#7 /home/smartdepo/fe/vendor/codeigniter4/framework/system/CodeIgniter.php(332): CodeIgniter\CodeIgniter->handleRequest(NULL, Object(Config\Cache), false)
#8 /home/smartdepo/fe/index.php(44): CodeIgniter\CodeIgniter->run()
#9 {main}
CRITICAL - 2021-08-11 09:01:56 --> Undefined index: username
#0 /home/smartdepo/fe/modules/Auth/Views/user_profile.php(25): CodeIgniter\Debug\Exceptions->errorHandler(8, 'Undefined index...', '/home/smartdepo...', 25, Array)
#1 /home/smartdepo/fe/vendor/codeigniter4/framework/system/View/View.php(220): include('/home/smartdepo...')
#2 /home/smartdepo/fe/vendor/codeigniter4/framework/system/View/View.php(222): CodeIgniter\View\View->CodeIgniter\View\{closure}()
#3 /home/smartdepo/fe/vendor/codeigniter4/framework/system/Common.php(1217): CodeIgniter\View\View->render('Modules\\Auth\\Vi...', Array, true)
#4 /home/smartdepo/fe/modules/Auth/Controllers/Auth.php(217): view('Modules\\Auth\\Vi...', Array)
#5 /home/smartdepo/fe/vendor/codeigniter4/framework/system/CodeIgniter.php(935): Modules\Auth\Controllers\Auth->user_profile()
#6 /home/smartdepo/fe/vendor/codeigniter4/framework/system/CodeIgniter.php(431): CodeIgniter\CodeIgniter->runController(Object(Modules\Auth\Controllers\Auth))
#7 /home/smartdepo/fe/vendor/codeigniter4/framework/system/CodeIgniter.php(332): CodeIgniter\CodeIgniter->handleRequest(NULL, Object(Config\Cache), false)
#8 /home/smartdepo/fe/index.php(44): CodeIgniter\CodeIgniter->run()
#9 {main}
CRITICAL - 2021-08-11 09:02:50 --> Undefined index: username
#0 /home/smartdepo/fe/modules/Auth/Views/user_profile.php(25): CodeIgniter\Debug\Exceptions->errorHandler(8, 'Undefined index...', '/home/smartdepo...', 25, Array)
#1 /home/smartdepo/fe/vendor/codeigniter4/framework/system/View/View.php(220): include('/home/smartdepo...')
#2 /home/smartdepo/fe/vendor/codeigniter4/framework/system/View/View.php(222): CodeIgniter\View\View->CodeIgniter\View\{closure}()
#3 /home/smartdepo/fe/vendor/codeigniter4/framework/system/Common.php(1217): CodeIgniter\View\View->render('Modules\\Auth\\Vi...', Array, true)
#4 /home/smartdepo/fe/modules/Auth/Controllers/Auth.php(217): view('Modules\\Auth\\Vi...', Array)
#5 /home/smartdepo/fe/vendor/codeigniter4/framework/system/CodeIgniter.php(935): Modules\Auth\Controllers\Auth->user_profile()
#6 /home/smartdepo/fe/vendor/codeigniter4/framework/system/CodeIgniter.php(431): CodeIgniter\CodeIgniter->runController(Object(Modules\Auth\Controllers\Auth))
#7 /home/smartdepo/fe/vendor/codeigniter4/framework/system/CodeIgniter.php(332): CodeIgniter\CodeIgniter->handleRequest(NULL, Object(Config\Cache), false)
#8 /home/smartdepo/fe/index.php(44): CodeIgniter\CodeIgniter->run()
#9 {main}
CRITICAL - 2021-08-11 09:07:17 --> Undefined index: username
#0 /home/smartdepo/fe/modules/Auth/Views/user_profile.php(25): CodeIgniter\Debug\Exceptions->errorHandler(8, 'Undefined index...', '/home/smartdepo...', 25, Array)
#1 /home/smartdepo/fe/vendor/codeigniter4/framework/system/View/View.php(220): include('/home/smartdepo...')
#2 /home/smartdepo/fe/vendor/codeigniter4/framework/system/View/View.php(222): CodeIgniter\View\View->CodeIgniter\View\{closure}()
#3 /home/smartdepo/fe/vendor/codeigniter4/framework/system/Common.php(1217): CodeIgniter\View\View->render('Modules\\Auth\\Vi...', Array, true)
#4 /home/smartdepo/fe/modules/Auth/Controllers/Auth.php(217): view('Modules\\Auth\\Vi...', Array)
#5 /home/smartdepo/fe/vendor/codeigniter4/framework/system/CodeIgniter.php(935): Modules\Auth\Controllers\Auth->user_profile()
#6 /home/smartdepo/fe/vendor/codeigniter4/framework/system/CodeIgniter.php(431): CodeIgniter\CodeIgniter->runController(Object(Modules\Auth\Controllers\Auth))
#7 /home/smartdepo/fe/vendor/codeigniter4/framework/system/CodeIgniter.php(332): CodeIgniter\CodeIgniter->handleRequest(NULL, Object(Config\Cache), false)
#8 /home/smartdepo/fe/index.php(44): CodeIgniter\CodeIgniter->run()
#9 {main}
CRITICAL - 2021-08-11 09:15:33 --> Undefined index: success
#0 /home/smartdepo/fe/modules/Auth/Controllers/Auth.php(178): CodeIgniter\Debug\Exceptions->errorHandler(8, 'Undefined index...', '/home/smartdepo...', 178, Array)
#1 /home/smartdepo/fe/vendor/codeigniter4/framework/system/CodeIgniter.php(935): Modules\Auth\Controllers\Auth->set_user()
#2 /home/smartdepo/fe/vendor/codeigniter4/framework/system/CodeIgniter.php(431): CodeIgniter\CodeIgniter->runController(Object(Modules\Auth\Controllers\Auth))
#3 /home/smartdepo/fe/vendor/codeigniter4/framework/system/CodeIgniter.php(332): CodeIgniter\CodeIgniter->handleRequest(NULL, Object(Config\Cache), false)
#4 /home/smartdepo/fe/index.php(44): CodeIgniter\CodeIgniter->run()
#5 {main}
CRITICAL - 2021-08-11 09:17:06 --> Undefined index: success
#0 /home/smartdepo/fe/modules/Auth/Controllers/Auth.php(178): CodeIgniter\Debug\Exceptions->errorHandler(8, 'Undefined index...', '/home/smartdepo...', 178, Array)
#1 /home/smartdepo/fe/vendor/codeigniter4/framework/system/CodeIgniter.php(935): Modules\Auth\Controllers\Auth->set_user()
#2 /home/smartdepo/fe/vendor/codeigniter4/framework/system/CodeIgniter.php(431): CodeIgniter\CodeIgniter->runController(Object(Modules\Auth\Controllers\Auth))
#3 /home/smartdepo/fe/vendor/codeigniter4/framework/system/CodeIgniter.php(332): CodeIgniter\CodeIgniter->handleRequest(NULL, Object(Config\Cache), false)
#4 /home/smartdepo/fe/index.php(44): CodeIgniter\CodeIgniter->run()
#5 {main}
CRITICAL - 2021-08-11 09:21:41 --> Invalid file: smartdepo/layout/template.php
#0 /home/smartdepo/fe/vendor/codeigniter4/framework/system/View/View.php(203): CodeIgniter\Exceptions\FrameworkException::forInvalidFile('smartdepo/layou...')
#1 /home/smartdepo/fe/vendor/codeigniter4/framework/system/View/View.php(236): CodeIgniter\View\View->render('smartdepo/layou...', Array, true)
#2 /home/smartdepo/fe/vendor/codeigniter4/framework/system/Common.php(1217): CodeIgniter\View\View->render('smartdepo/chart', Array, true)
#3 /home/smartdepo/fe/app/Controllers/Home.php(46): view('smartdepo/chart')
#4 /home/smartdepo/fe/vendor/codeigniter4/framework/system/CodeIgniter.php(935): App\Controllers\Home->chart()
#5 /home/smartdepo/fe/vendor/codeigniter4/framework/system/CodeIgniter.php(431): CodeIgniter\CodeIgniter->runController(Object(App\Controllers\Home))
#6 /home/smartdepo/fe/vendor/codeigniter4/framework/system/CodeIgniter.php(332): CodeIgniter\CodeIgniter->handleRequest(NULL, Object(Config\Cache), false)
#7 /home/smartdepo/fe/index.php(44): CodeIgniter\CodeIgniter->run()
#8 {main}
CRITICAL - 2021-08-11 09:41:37 --> Undefined variable: ugroup
#0 /home/smartdepo/fe/modules/Auth/Views/user_groups.php(29): CodeIgniter\Debug\Exceptions->errorHandler(8, 'Undefined varia...', '/home/smartdepo...', 29, Array)
#1 /home/smartdepo/fe/vendor/codeigniter4/framework/system/View/View.php(220): include('/home/smartdepo...')
#2 /home/smartdepo/fe/vendor/codeigniter4/framework/system/View/View.php(222): CodeIgniter\View\View->CodeIgniter\View\{closure}()
#3 /home/smartdepo/fe/vendor/codeigniter4/framework/system/Common.php(1217): CodeIgniter\View\View->render('Modules\\Auth\\Vi...', Array, true)
#4 /home/smartdepo/fe/modules/Auth/Controllers/Auth.php(224): view('Modules\\Auth\\Vi...', Array)
#5 /home/smartdepo/fe/vendor/codeigniter4/framework/system/CodeIgniter.php(935): Modules\Auth\Controllers\Auth->user_groups()
#6 /home/smartdepo/fe/vendor/codeigniter4/framework/system/CodeIgniter.php(431): CodeIgniter\CodeIgniter->runController(Object(Modules\Auth\Controllers\Auth))
#7 /home/smartdepo/fe/vendor/codeigniter4/framework/system/CodeIgniter.php(332): CodeIgniter\CodeIgniter->handleRequest(NULL, Object(Config\Cache), false)
#8 /home/smartdepo/fe/index.php(44): CodeIgniter\CodeIgniter->run()
#9 {main}
