CRITICAL - 2021-10-22 07:50:26 --> Undefined variable: data
#0 /home/smartdepo/fe/modules/PraIn/Views/form_detail_header.php(21): CodeIgniter\Debug\Exceptions->errorHandler(8, 'Undefined varia...', '/home/smartdepo...', 21, Array)
#1 /home/smartdepo/fe/vendor/codeigniter4/framework/system/View/View.php(220): include('/home/smartdepo...')
#2 /home/smartdepo/fe/vendor/codeigniter4/framework/system/View/View.php(222): CodeIgniter\View\View->CodeIgniter\View\{closure}()
#3 /home/smartdepo/fe/vendor/codeigniter4/framework/system/View/View.php(468): CodeIgniter\View\View->render('\\Modules\\PraIn\\...', NULL, true)
#4 /home/smartdepo/fe/modules/PraIn/Views/add.php(28): CodeIgniter\View\View->include('\\Modules\\PraIn\\...')
#5 /home/smartdepo/fe/vendor/codeigniter4/framework/system/View/View.php(220): include('/home/smartdepo...')
#6 /home/smartdepo/fe/vendor/codeigniter4/framework/system/View/View.php(222): CodeIgniter\View\View->CodeIgniter\View\{closure}()
#7 /home/smartdepo/fe/vendor/codeigniter4/framework/system/Common.php(1217): CodeIgniter\View\View->render('Modules\\PraIn\\V...', Array, true)
#8 /home/smartdepo/fe/modules/PraIn/Controllers/PraIn.php(359): view('Modules\\PraIn\\V...', Array)
#9 /home/smartdepo/fe/vendor/codeigniter4/framework/system/CodeIgniter.php(935): Modules\PraIn\Controllers\PraIn->add()
#10 /home/smartdepo/fe/vendor/codeigniter4/framework/system/CodeIgniter.php(431): CodeIgniter\CodeIgniter->runController(Object(Modules\PraIn\Controllers\PraIn))
#11 /home/smartdepo/fe/vendor/codeigniter4/framework/system/CodeIgniter.php(332): CodeIgniter\CodeIgniter->handleRequest(NULL, Object(Config\Cache), false)
#12 /home/smartdepo/fe/index.php(44): CodeIgniter\CodeIgniter->run()
#13 {main}
CRITICAL - 2021-10-22 07:52:54 --> Undefined variable: data
#0 /home/smartdepo/fe/modules/PraIn/Views/form_detail_header.php(21): CodeIgniter\Debug\Exceptions->errorHandler(8, 'Undefined varia...', '/home/smartdepo...', 21, Array)
#1 /home/smartdepo/fe/vendor/codeigniter4/framework/system/View/View.php(220): include('/home/smartdepo...')
#2 /home/smartdepo/fe/vendor/codeigniter4/framework/system/View/View.php(222): CodeIgniter\View\View->CodeIgniter\View\{closure}()
#3 /home/smartdepo/fe/vendor/codeigniter4/framework/system/View/View.php(468): CodeIgniter\View\View->render('\\Modules\\PraIn\\...', NULL, true)
#4 /home/smartdepo/fe/modules/PraIn/Views/add.php(28): CodeIgniter\View\View->include('\\Modules\\PraIn\\...')
#5 /home/smartdepo/fe/vendor/codeigniter4/framework/system/View/View.php(220): include('/home/smartdepo...')
#6 /home/smartdepo/fe/vendor/codeigniter4/framework/system/View/View.php(222): CodeIgniter\View\View->CodeIgniter\View\{closure}()
#7 /home/smartdepo/fe/vendor/codeigniter4/framework/system/Common.php(1217): CodeIgniter\View\View->render('Modules\\PraIn\\V...', Array, true)
#8 /home/smartdepo/fe/modules/PraIn/Controllers/PraIn.php(359): view('Modules\\PraIn\\V...', Array)
#9 /home/smartdepo/fe/vendor/codeigniter4/framework/system/CodeIgniter.php(935): Modules\PraIn\Controllers\PraIn->add()
#10 /home/smartdepo/fe/vendor/codeigniter4/framework/system/CodeIgniter.php(431): CodeIgniter\CodeIgniter->runController(Object(Modules\PraIn\Controllers\PraIn))
#11 /home/smartdepo/fe/vendor/codeigniter4/framework/system/CodeIgniter.php(332): CodeIgniter\CodeIgniter->handleRequest(NULL, Object(Config\Cache), false)
#12 /home/smartdepo/fe/index.php(44): CodeIgniter\CodeIgniter->run()
#13 {main}
CRITICAL - 2021-10-22 07:53:05 --> Undefined variable: data
#0 /home/smartdepo/fe/modules/PraIn/Views/form_detail_header.php(21): CodeIgniter\Debug\Exceptions->errorHandler(8, 'Undefined varia...', '/home/smartdepo...', 21, Array)
#1 /home/smartdepo/fe/vendor/codeigniter4/framework/system/View/View.php(220): include('/home/smartdepo...')
#2 /home/smartdepo/fe/vendor/codeigniter4/framework/system/View/View.php(222): CodeIgniter\View\View->CodeIgniter\View\{closure}()
#3 /home/smartdepo/fe/vendor/codeigniter4/framework/system/View/View.php(468): CodeIgniter\View\View->render('\\Modules\\PraIn\\...', NULL, true)
#4 /home/smartdepo/fe/modules/PraIn/Views/add.php(28): CodeIgniter\View\View->include('\\Modules\\PraIn\\...')
#5 /home/smartdepo/fe/vendor/codeigniter4/framework/system/View/View.php(220): include('/home/smartdepo...')
#6 /home/smartdepo/fe/vendor/codeigniter4/framework/system/View/View.php(222): CodeIgniter\View\View->CodeIgniter\View\{closure}()
#7 /home/smartdepo/fe/vendor/codeigniter4/framework/system/Common.php(1217): CodeIgniter\View\View->render('Modules\\PraIn\\V...', Array, true)
#8 /home/smartdepo/fe/modules/PraIn/Controllers/PraIn.php(359): view('Modules\\PraIn\\V...', Array)
#9 /home/smartdepo/fe/vendor/codeigniter4/framework/system/CodeIgniter.php(935): Modules\PraIn\Controllers\PraIn->add()
#10 /home/smartdepo/fe/vendor/codeigniter4/framework/system/CodeIgniter.php(431): CodeIgniter\CodeIgniter->runController(Object(Modules\PraIn\Controllers\PraIn))
#11 /home/smartdepo/fe/vendor/codeigniter4/framework/system/CodeIgniter.php(332): CodeIgniter\CodeIgniter->handleRequest(NULL, Object(Config\Cache), false)
#12 /home/smartdepo/fe/index.php(44): CodeIgniter\CodeIgniter->run()
#13 {main}
CRITICAL - 2021-10-22 07:53:13 --> Undefined variable: data
#0 /home/smartdepo/fe/modules/PraIn/Views/form_detail_header.php(21): CodeIgniter\Debug\Exceptions->errorHandler(8, 'Undefined varia...', '/home/smartdepo...', 21, Array)
#1 /home/smartdepo/fe/vendor/codeigniter4/framework/system/View/View.php(220): include('/home/smartdepo...')
#2 /home/smartdepo/fe/vendor/codeigniter4/framework/system/View/View.php(222): CodeIgniter\View\View->CodeIgniter\View\{closure}()
#3 /home/smartdepo/fe/vendor/codeigniter4/framework/system/View/View.php(468): CodeIgniter\View\View->render('\\Modules\\PraIn\\...', NULL, true)
#4 /home/smartdepo/fe/modules/PraIn/Views/add.php(28): CodeIgniter\View\View->include('\\Modules\\PraIn\\...')
#5 /home/smartdepo/fe/vendor/codeigniter4/framework/system/View/View.php(220): include('/home/smartdepo...')
#6 /home/smartdepo/fe/vendor/codeigniter4/framework/system/View/View.php(222): CodeIgniter\View\View->CodeIgniter\View\{closure}()
#7 /home/smartdepo/fe/vendor/codeigniter4/framework/system/Common.php(1217): CodeIgniter\View\View->render('Modules\\PraIn\\V...', Array, true)
#8 /home/smartdepo/fe/modules/PraIn/Controllers/PraIn.php(359): view('Modules\\PraIn\\V...', Array)
#9 /home/smartdepo/fe/vendor/codeigniter4/framework/system/CodeIgniter.php(935): Modules\PraIn\Controllers\PraIn->add()
#10 /home/smartdepo/fe/vendor/codeigniter4/framework/system/CodeIgniter.php(431): CodeIgniter\CodeIgniter->runController(Object(Modules\PraIn\Controllers\PraIn))
#11 /home/smartdepo/fe/vendor/codeigniter4/framework/system/CodeIgniter.php(332): CodeIgniter\CodeIgniter->handleRequest(NULL, Object(Config\Cache), false)
#12 /home/smartdepo/fe/index.php(44): CodeIgniter\CodeIgniter->run()
#13 {main}
CRITICAL - 2021-10-22 08:05:32 --> Undefined variable: data
#0 /home/smartdepo/fe/modules/PraIn/Views/form_detail_header.php(21): CodeIgniter\Debug\Exceptions->errorHandler(8, 'Undefined varia...', '/home/smartdepo...', 21, Array)
#1 /home/smartdepo/fe/vendor/codeigniter4/framework/system/View/View.php(220): include('/home/smartdepo...')
#2 /home/smartdepo/fe/vendor/codeigniter4/framework/system/View/View.php(222): CodeIgniter\View\View->CodeIgniter\View\{closure}()
#3 /home/smartdepo/fe/vendor/codeigniter4/framework/system/View/View.php(468): CodeIgniter\View\View->render('\\Modules\\PraIn\\...', NULL, true)
#4 /home/smartdepo/fe/modules/PraIn/Views/add.php(28): CodeIgniter\View\View->include('\\Modules\\PraIn\\...')
#5 /home/smartdepo/fe/vendor/codeigniter4/framework/system/View/View.php(220): include('/home/smartdepo...')
#6 /home/smartdepo/fe/vendor/codeigniter4/framework/system/View/View.php(222): CodeIgniter\View\View->CodeIgniter\View\{closure}()
#7 /home/smartdepo/fe/vendor/codeigniter4/framework/system/Common.php(1217): CodeIgniter\View\View->render('Modules\\PraIn\\V...', Array, true)
#8 /home/smartdepo/fe/modules/PraIn/Controllers/PraIn.php(359): view('Modules\\PraIn\\V...', Array)
#9 /home/smartdepo/fe/vendor/codeigniter4/framework/system/CodeIgniter.php(935): Modules\PraIn\Controllers\PraIn->add()
#10 /home/smartdepo/fe/vendor/codeigniter4/framework/system/CodeIgniter.php(431): CodeIgniter\CodeIgniter->runController(Object(Modules\PraIn\Controllers\PraIn))
#11 /home/smartdepo/fe/vendor/codeigniter4/framework/system/CodeIgniter.php(332): CodeIgniter\CodeIgniter->handleRequest(NULL, Object(Config\Cache), false)
#12 /home/smartdepo/fe/index.php(44): CodeIgniter\CodeIgniter->run()
#13 {main}
