CRITICAL - 2021-11-03 08:30:33 --> Undefined index: repoorderno
#0 /home/smartdepo/fe/modules/RepoIn/Views/list_order_pra.php(26): CodeIgniter\Debug\Exceptions->errorHandler(8, 'Undefined index...', '/home/smartdepo...', 26, Array)
#1 /home/smartdepo/fe/vendor/codeigniter4/framework/system/View/View.php(220): include('/home/smartdepo...')
#2 /home/smartdepo/fe/vendor/codeigniter4/framework/system/View/View.php(222): CodeIgniter\View\View->CodeIgniter\View\{closure}()
#3 /home/smartdepo/fe/vendor/codeigniter4/framework/system/View/View.php(468): CodeIgniter\View\View->render('\\Modules\\RepoIn...', NULL, true)
#4 /home/smartdepo/fe/modules/RepoIn/Views/index.php(32): CodeIgniter\View\View->include('\\Modules\\RepoIn...')
#5 /home/smartdepo/fe/vendor/codeigniter4/framework/system/View/View.php(220): include('/home/smartdepo...')
#6 /home/smartdepo/fe/vendor/codeigniter4/framework/system/View/View.php(222): CodeIgniter\View\View->CodeIgniter\View\{closure}()
#7 /home/smartdepo/fe/vendor/codeigniter4/framework/system/Common.php(1217): CodeIgniter\View\View->render('Modules\\RepoIn\\...', Array, true)
#8 /home/smartdepo/fe/modules/RepoIn/Controllers/RepoIn.php(45): view('Modules\\RepoIn\\...', Array)
#9 /home/smartdepo/fe/vendor/codeigniter4/framework/system/CodeIgniter.php(935): Modules\RepoIn\Controllers\RepoIn->index()
#10 /home/smartdepo/fe/vendor/codeigniter4/framework/system/CodeIgniter.php(431): CodeIgniter\CodeIgniter->runController(Object(Modules\RepoIn\Controllers\RepoIn))
#11 /home/smartdepo/fe/vendor/codeigniter4/framework/system/CodeIgniter.php(332): CodeIgniter\CodeIgniter->handleRequest(NULL, Object(Config\Cache), false)
#12 /home/smartdepo/fe/index.php(44): CodeIgniter\CodeIgniter->run()
#13 {main}
CRITICAL - 2021-11-03 09:32:12 --> Undefined index: data
#0 /home/smartdepo/fe/app/Helpers/app_helper.php(80): CodeIgniter\Debug\Exceptions->errorHandler(8, 'Undefined index...', '/home/smartdepo...', 80, Array)
#1 /home/smartdepo/fe/modules/Dailyrepairactivity/Controllers/Dailyrepairactivity.php(16): has_privilege('dailyrepairacti...', '_view')
#2 /home/smartdepo/fe/vendor/codeigniter4/framework/system/CodeIgniter.php(935): Modules\Dailyrepairactivity\Controllers\Dailyrepairactivity->index()
#3 /home/smartdepo/fe/vendor/codeigniter4/framework/system/CodeIgniter.php(431): CodeIgniter\CodeIgniter->runController(Object(Modules\Dailyrepairactivity\Controllers\Dailyrepairactivity))
#4 /home/smartdepo/fe/vendor/codeigniter4/framework/system/CodeIgniter.php(332): CodeIgniter\CodeIgniter->handleRequest(NULL, Object(Config\Cache), false)
#5 /home/smartdepo/fe/index.php(44): CodeIgniter\CodeIgniter->run()
#6 {main}
CRITICAL - 2021-11-03 09:32:20 --> Undefined index: data
#0 /home/smartdepo/fe/app/Helpers/app_helper.php(144): CodeIgniter\Debug\Exceptions->errorHandler(8, 'Undefined index...', '/home/smartdepo...', 144, Array)
#1 /home/smartdepo/fe/app/Views/smartdepo/dashboard/sidebar.php(6): list_menu()
#2 /home/smartdepo/fe/vendor/codeigniter4/framework/system/View/View.php(220): include('/home/smartdepo...')
#3 /home/smartdepo/fe/vendor/codeigniter4/framework/system/View/View.php(222): CodeIgniter\View\View->CodeIgniter\View\{closure}()
#4 /home/smartdepo/fe/vendor/codeigniter4/framework/system/View/View.php(468): CodeIgniter\View\View->render('smartdepo/dashb...', NULL, true)
#5 /home/smartdepo/fe/app/Views/smartdepo/dashboard/template.php(16): CodeIgniter\View\View->include('smartdepo/dashb...')
#6 /home/smartdepo/fe/vendor/codeigniter4/framework/system/View/View.php(220): include('/home/smartdepo...')
#7 /home/smartdepo/fe/vendor/codeigniter4/framework/system/View/View.php(222): CodeIgniter\View\View->CodeIgniter\View\{closure}()
#8 /home/smartdepo/fe/vendor/codeigniter4/framework/system/View/View.php(236): CodeIgniter\View\View->render('smartdepo/dashb...', Array, true)
#9 /home/smartdepo/fe/vendor/codeigniter4/framework/system/Common.php(1217): CodeIgniter\View\View->render('Modules\\Dashboa...', Array, true)
#10 /home/smartdepo/fe/modules/Dashboard/Controllers/Dashboard.php(15): view('Modules\\Dashboa...')
#11 /home/smartdepo/fe/vendor/codeigniter4/framework/system/CodeIgniter.php(935): Modules\Dashboard\Controllers\Dashboard->index()
#12 /home/smartdepo/fe/vendor/codeigniter4/framework/system/CodeIgniter.php(431): CodeIgniter\CodeIgniter->runController(Object(Modules\Dashboard\Controllers\Dashboard))
#13 /home/smartdepo/fe/vendor/codeigniter4/framework/system/CodeIgniter.php(332): CodeIgniter\CodeIgniter->handleRequest(NULL, Object(Config\Cache), false)
#14 /home/smartdepo/fe/index.php(44): CodeIgniter\CodeIgniter->run()
#15 {main}
CRITICAL - 2021-11-03 11:41:09 --> Undefined index: repoorderno
#0 /home/smartdepo/fe/modules/RepoIn/Views/list_order_pra.php(26): CodeIgniter\Debug\Exceptions->errorHandler(8, 'Undefined index...', '/home/smartdepo...', 26, Array)
#1 /home/smartdepo/fe/vendor/codeigniter4/framework/system/View/View.php(214): include('/home/smartdepo...')
#2 /home/smartdepo/fe/vendor/codeigniter4/framework/system/View/View.php(217): CodeIgniter\View\View->CodeIgniter\View\{closure}()
#3 /home/smartdepo/fe/vendor/codeigniter4/framework/system/View/View.php(432): CodeIgniter\View\View->render('\\Modules\\RepoIn...', NULL, true)
#4 /home/smartdepo/fe/modules/RepoIn/Views/index.php(32): CodeIgniter\View\View->include('\\Modules\\RepoIn...')
#5 /home/smartdepo/fe/vendor/codeigniter4/framework/system/View/View.php(214): include('/home/smartdepo...')
#6 /home/smartdepo/fe/vendor/codeigniter4/framework/system/View/View.php(217): CodeIgniter\View\View->CodeIgniter\View\{closure}()
#7 /home/smartdepo/fe/vendor/codeigniter4/framework/system/Common.php(1092): CodeIgniter\View\View->render('Modules\\RepoIn\\...', Array, true)
#8 /home/smartdepo/fe/modules/RepoIn/Controllers/RepoIn.php(45): view('Modules\\RepoIn\\...', Array)
#9 /home/smartdepo/fe/vendor/codeigniter4/framework/system/CodeIgniter.php(802): Modules\RepoIn\Controllers\RepoIn->index()
#10 /home/smartdepo/fe/vendor/codeigniter4/framework/system/CodeIgniter.php(399): CodeIgniter\CodeIgniter->runController(Object(Modules\RepoIn\Controllers\RepoIn))
#11 /home/smartdepo/fe/vendor/codeigniter4/framework/system/CodeIgniter.php(317): CodeIgniter\CodeIgniter->handleRequest(NULL, Object(Config\Cache), false)
#12 /home/smartdepo/fe/index.php(44): CodeIgniter\CodeIgniter->run()
#13 {main}
CRITICAL - 2021-11-03 13:06:42 --> Temporary files directory "/home/smartdepo/fe/vendor/mpdf/mpdf/src/Config/../../tmp/mpdf" is not writable
#0 /home/smartdepo/fe/vendor/mpdf/mpdf/src/ServiceFactory.php(56): Mpdf\Cache->__construct('/home/smartdepo...', 3600)
#1 /home/smartdepo/fe/vendor/mpdf/mpdf/src/Mpdf.php(1066): Mpdf\ServiceFactory->getServices(Object(Mpdf\Mpdf), Object(Psr\Log\NullLogger), Array, 0, Object(Mpdf\Language\LanguageToFont), Object(Mpdf\Language\ScriptToLanguage), NULL, NULL, NULL, NULL)
#2 /home/smartdepo/fe/app/Controllers/Home.php(15): Mpdf\Mpdf->__construct()
#3 /home/smartdepo/fe/vendor/codeigniter4/framework/system/CodeIgniter.php(802): App\Controllers\Home->index()
#4 /home/smartdepo/fe/vendor/codeigniter4/framework/system/CodeIgniter.php(399): CodeIgniter\CodeIgniter->runController(Object(App\Controllers\Home))
#5 /home/smartdepo/fe/vendor/codeigniter4/framework/system/CodeIgniter.php(317): CodeIgniter\CodeIgniter->handleRequest(NULL, Object(Config\Cache), false)
#6 /home/smartdepo/fe/index.php(44): CodeIgniter\CodeIgniter->run()
#7 {main}
CRITICAL - 2021-11-03 13:08:46 --> Temporary files directory "/home/smartdepo/fe/vendor/mpdf/mpdf/src/Config/../../tmp/mpdf" is not writable
#0 /home/smartdepo/fe/vendor/mpdf/mpdf/src/ServiceFactory.php(56): Mpdf\Cache->__construct('/home/smartdepo...', 3600)
#1 /home/smartdepo/fe/vendor/mpdf/mpdf/src/Mpdf.php(1066): Mpdf\ServiceFactory->getServices(Object(Mpdf\Mpdf), Object(Psr\Log\NullLogger), Array, 0, Object(Mpdf\Language\LanguageToFont), Object(Mpdf\Language\ScriptToLanguage), NULL, NULL, NULL, NULL)
#2 /home/smartdepo/fe/app/Controllers/Home.php(15): Mpdf\Mpdf->__construct()
#3 /home/smartdepo/fe/vendor/codeigniter4/framework/system/CodeIgniter.php(802): App\Controllers\Home->index()
#4 /home/smartdepo/fe/vendor/codeigniter4/framework/system/CodeIgniter.php(399): CodeIgniter\CodeIgniter->runController(Object(App\Controllers\Home))
#5 /home/smartdepo/fe/vendor/codeigniter4/framework/system/CodeIgniter.php(317): CodeIgniter\CodeIgniter->handleRequest(NULL, Object(Config\Cache), false)
#6 /home/smartdepo/fe/index.php(44): CodeIgniter\CodeIgniter->run()
#7 {main}
