CRITICAL - 2021-08-13 11:28:14 --> cURL error 7: Failed to connect to 202.157.185.83 port 4000: Connection refused (see https://curl.haxx.se/libcurl/c/libcurl-errors.html) for http://202.157.185.83:4000/api/v1/users/auth/signin
#0 /home/smartdepo/fe/vendor/guzzlehttp/guzzle/src/Handler/CurlFactory.php(158): GuzzleHttp\Handler\CurlFactory::createRejection(Object(GuzzleHttp\Handler\EasyHandle), Array)
#1 /home/smartdepo/fe/vendor/guzzlehttp/guzzle/src/Handler/CurlFactory.php(110): GuzzleHttp\Handler\CurlFactory::finishError(Object(GuzzleHttp\Handler\CurlHandler), Object(GuzzleHttp\Handler\EasyHandle), Object(GuzzleHttp\Handler\CurlFactory))
#2 /home/smartdepo/fe/vendor/guzzlehttp/guzzle/src/Handler/CurlHandler.php(47): GuzzleHttp\Handler\CurlFactory::finish(Object(GuzzleHttp\Handler\CurlHandler), Object(GuzzleHttp\Handler\EasyHandle), Object(GuzzleHttp\Handler\CurlFactory))
#3 /home/smartdepo/fe/vendor/guzzlehttp/guzzle/src/Handler/Proxy.php(28): GuzzleHttp\Handler\CurlHandler->__invoke(Object(GuzzleHttp\Psr7\Request), Array)
#4 /home/smartdepo/fe/vendor/guzzlehttp/guzzle/src/Handler/Proxy.php(48): GuzzleHttp\Handler\Proxy::GuzzleHttp\Handler\{closure}(Object(GuzzleHttp\Psr7\Request), Array)
#5 /home/smartdepo/fe/vendor/guzzlehttp/guzzle/src/PrepareBodyMiddleware.php(64): GuzzleHttp\Handler\Proxy::GuzzleHttp\Handler\{closure}(Object(GuzzleHttp\Psr7\Request), Array)
#6 /home/smartdepo/fe/vendor/guzzlehttp/guzzle/src/Middleware.php(31): GuzzleHttp\PrepareBodyMiddleware->__invoke(Object(GuzzleHttp\Psr7\Request), Array)
#7 /home/smartdepo/fe/vendor/guzzlehttp/guzzle/src/RedirectMiddleware.php(71): GuzzleHttp\Middleware::GuzzleHttp\{closure}(Object(GuzzleHttp\Psr7\Request), Array)
#8 /home/smartdepo/fe/vendor/guzzlehttp/guzzle/src/Middleware.php(61): GuzzleHttp\RedirectMiddleware->__invoke(Object(GuzzleHttp\Psr7\Request), Array)
#9 /home/smartdepo/fe/vendor/guzzlehttp/guzzle/src/HandlerStack.php(75): GuzzleHttp\Middleware::GuzzleHttp\{closure}(Object(GuzzleHttp\Psr7\Request), Array)
#10 /home/smartdepo/fe/vendor/guzzlehttp/guzzle/src/Client.php(331): GuzzleHttp\HandlerStack->__invoke(Object(GuzzleHttp\Psr7\Request), Array)
#11 /home/smartdepo/fe/vendor/guzzlehttp/guzzle/src/Client.php(168): GuzzleHttp\Client->transfer(Object(GuzzleHttp\Psr7\Request), Array)
#12 /home/smartdepo/fe/vendor/guzzlehttp/guzzle/src/Client.php(187): GuzzleHttp\Client->requestAsync('POST', Object(GuzzleHttp\Psr7\Uri), Array)
#13 /home/smartdepo/fe/modules/Auth/Controllers/Auth.php(48): GuzzleHttp\Client->request('POST', 'users/auth/sign...', Array)
#14 /home/smartdepo/fe/vendor/codeigniter4/framework/system/CodeIgniter.php(935): Modules\Auth\Controllers\Auth->set_login()
#15 /home/smartdepo/fe/vendor/codeigniter4/framework/system/CodeIgniter.php(431): CodeIgniter\CodeIgniter->runController(Object(Modules\Auth\Controllers\Auth))
#16 /home/smartdepo/fe/vendor/codeigniter4/framework/system/CodeIgniter.php(332): CodeIgniter\CodeIgniter->handleRequest(NULL, Object(Config\Cache), false)
#17 /home/smartdepo/fe/index.php(44): CodeIgniter\CodeIgniter->run()
#18 {main}
CRITICAL - 2021-08-13 11:33:06 --> cURL error 7: Failed to connect to 202.157.185.83 port 4000: Connection refused (see https://curl.haxx.se/libcurl/c/libcurl-errors.html) for http://202.157.185.83:4000/api/v1/users/auth/signin
#0 /home/smartdepo/fe/vendor/guzzlehttp/guzzle/src/Handler/CurlFactory.php(158): GuzzleHttp\Handler\CurlFactory::createRejection(Object(GuzzleHttp\Handler\EasyHandle), Array)
#1 /home/smartdepo/fe/vendor/guzzlehttp/guzzle/src/Handler/CurlFactory.php(110): GuzzleHttp\Handler\CurlFactory::finishError(Object(GuzzleHttp\Handler\CurlHandler), Object(GuzzleHttp\Handler\EasyHandle), Object(GuzzleHttp\Handler\CurlFactory))
#2 /home/smartdepo/fe/vendor/guzzlehttp/guzzle/src/Handler/CurlHandler.php(47): GuzzleHttp\Handler\CurlFactory::finish(Object(GuzzleHttp\Handler\CurlHandler), Object(GuzzleHttp\Handler\EasyHandle), Object(GuzzleHttp\Handler\CurlFactory))
#3 /home/smartdepo/fe/vendor/guzzlehttp/guzzle/src/Handler/Proxy.php(28): GuzzleHttp\Handler\CurlHandler->__invoke(Object(GuzzleHttp\Psr7\Request), Array)
#4 /home/smartdepo/fe/vendor/guzzlehttp/guzzle/src/Handler/Proxy.php(48): GuzzleHttp\Handler\Proxy::GuzzleHttp\Handler\{closure}(Object(GuzzleHttp\Psr7\Request), Array)
#5 /home/smartdepo/fe/vendor/guzzlehttp/guzzle/src/PrepareBodyMiddleware.php(64): GuzzleHttp\Handler\Proxy::GuzzleHttp\Handler\{closure}(Object(GuzzleHttp\Psr7\Request), Array)
#6 /home/smartdepo/fe/vendor/guzzlehttp/guzzle/src/Middleware.php(31): GuzzleHttp\PrepareBodyMiddleware->__invoke(Object(GuzzleHttp\Psr7\Request), Array)
#7 /home/smartdepo/fe/vendor/guzzlehttp/guzzle/src/RedirectMiddleware.php(71): GuzzleHttp\Middleware::GuzzleHttp\{closure}(Object(GuzzleHttp\Psr7\Request), Array)
#8 /home/smartdepo/fe/vendor/guzzlehttp/guzzle/src/Middleware.php(61): GuzzleHttp\RedirectMiddleware->__invoke(Object(GuzzleHttp\Psr7\Request), Array)
#9 /home/smartdepo/fe/vendor/guzzlehttp/guzzle/src/HandlerStack.php(75): GuzzleHttp\Middleware::GuzzleHttp\{closure}(Object(GuzzleHttp\Psr7\Request), Array)
#10 /home/smartdepo/fe/vendor/guzzlehttp/guzzle/src/Client.php(331): GuzzleHttp\HandlerStack->__invoke(Object(GuzzleHttp\Psr7\Request), Array)
#11 /home/smartdepo/fe/vendor/guzzlehttp/guzzle/src/Client.php(168): GuzzleHttp\Client->transfer(Object(GuzzleHttp\Psr7\Request), Array)
#12 /home/smartdepo/fe/vendor/guzzlehttp/guzzle/src/Client.php(187): GuzzleHttp\Client->requestAsync('POST', Object(GuzzleHttp\Psr7\Uri), Array)
#13 /home/smartdepo/fe/modules/Auth/Controllers/Auth.php(48): GuzzleHttp\Client->request('POST', 'users/auth/sign...', Array)
#14 /home/smartdepo/fe/vendor/codeigniter4/framework/system/CodeIgniter.php(935): Modules\Auth\Controllers\Auth->set_login()
#15 /home/smartdepo/fe/vendor/codeigniter4/framework/system/CodeIgniter.php(431): CodeIgniter\CodeIgniter->runController(Object(Modules\Auth\Controllers\Auth))
#16 /home/smartdepo/fe/vendor/codeigniter4/framework/system/CodeIgniter.php(332): CodeIgniter\CodeIgniter->handleRequest(NULL, Object(Config\Cache), false)
#17 /home/smartdepo/fe/index.php(44): CodeIgniter\CodeIgniter->run()
#18 {main}
CRITICAL - 2021-08-13 11:37:21 --> cURL error 7: Failed to connect to 202.157.185.83 port 4000: Connection refused (see https://curl.haxx.se/libcurl/c/libcurl-errors.html) for http://202.157.185.83:4000/api/v1/users/auth/signin
#0 /home/smartdepo/fe/vendor/guzzlehttp/guzzle/src/Handler/CurlFactory.php(158): GuzzleHttp\Handler\CurlFactory::createRejection(Object(GuzzleHttp\Handler\EasyHandle), Array)
#1 /home/smartdepo/fe/vendor/guzzlehttp/guzzle/src/Handler/CurlFactory.php(110): GuzzleHttp\Handler\CurlFactory::finishError(Object(GuzzleHttp\Handler\CurlHandler), Object(GuzzleHttp\Handler\EasyHandle), Object(GuzzleHttp\Handler\CurlFactory))
#2 /home/smartdepo/fe/vendor/guzzlehttp/guzzle/src/Handler/CurlHandler.php(47): GuzzleHttp\Handler\CurlFactory::finish(Object(GuzzleHttp\Handler\CurlHandler), Object(GuzzleHttp\Handler\EasyHandle), Object(GuzzleHttp\Handler\CurlFactory))
#3 /home/smartdepo/fe/vendor/guzzlehttp/guzzle/src/Handler/Proxy.php(28): GuzzleHttp\Handler\CurlHandler->__invoke(Object(GuzzleHttp\Psr7\Request), Array)
#4 /home/smartdepo/fe/vendor/guzzlehttp/guzzle/src/Handler/Proxy.php(48): GuzzleHttp\Handler\Proxy::GuzzleHttp\Handler\{closure}(Object(GuzzleHttp\Psr7\Request), Array)
#5 /home/smartdepo/fe/vendor/guzzlehttp/guzzle/src/PrepareBodyMiddleware.php(64): GuzzleHttp\Handler\Proxy::GuzzleHttp\Handler\{closure}(Object(GuzzleHttp\Psr7\Request), Array)
#6 /home/smartdepo/fe/vendor/guzzlehttp/guzzle/src/Middleware.php(31): GuzzleHttp\PrepareBodyMiddleware->__invoke(Object(GuzzleHttp\Psr7\Request), Array)
#7 /home/smartdepo/fe/vendor/guzzlehttp/guzzle/src/RedirectMiddleware.php(71): GuzzleHttp\Middleware::GuzzleHttp\{closure}(Object(GuzzleHttp\Psr7\Request), Array)
#8 /home/smartdepo/fe/vendor/guzzlehttp/guzzle/src/Middleware.php(61): GuzzleHttp\RedirectMiddleware->__invoke(Object(GuzzleHttp\Psr7\Request), Array)
#9 /home/smartdepo/fe/vendor/guzzlehttp/guzzle/src/HandlerStack.php(75): GuzzleHttp\Middleware::GuzzleHttp\{closure}(Object(GuzzleHttp\Psr7\Request), Array)
#10 /home/smartdepo/fe/vendor/guzzlehttp/guzzle/src/Client.php(331): GuzzleHttp\HandlerStack->__invoke(Object(GuzzleHttp\Psr7\Request), Array)
#11 /home/smartdepo/fe/vendor/guzzlehttp/guzzle/src/Client.php(168): GuzzleHttp\Client->transfer(Object(GuzzleHttp\Psr7\Request), Array)
#12 /home/smartdepo/fe/vendor/guzzlehttp/guzzle/src/Client.php(187): GuzzleHttp\Client->requestAsync('POST', Object(GuzzleHttp\Psr7\Uri), Array)
#13 /home/smartdepo/fe/modules/Auth/Controllers/Auth.php(48): GuzzleHttp\Client->request('POST', 'users/auth/sign...', Array)
#14 /home/smartdepo/fe/vendor/codeigniter4/framework/system/CodeIgniter.php(935): Modules\Auth\Controllers\Auth->set_login()
#15 /home/smartdepo/fe/vendor/codeigniter4/framework/system/CodeIgniter.php(431): CodeIgniter\CodeIgniter->runController(Object(Modules\Auth\Controllers\Auth))
#16 /home/smartdepo/fe/vendor/codeigniter4/framework/system/CodeIgniter.php(332): CodeIgniter\CodeIgniter->handleRequest(NULL, Object(Config\Cache), false)
#17 /home/smartdepo/fe/index.php(44): CodeIgniter\CodeIgniter->run()
#18 {main}
CRITICAL - 2021-08-13 11:37:25 --> cURL error 7: Failed to connect to 202.157.185.83 port 4000: Connection refused (see https://curl.haxx.se/libcurl/c/libcurl-errors.html) for http://202.157.185.83:4000/api/v1/users/auth/signin
#0 /home/smartdepo/fe/vendor/guzzlehttp/guzzle/src/Handler/CurlFactory.php(158): GuzzleHttp\Handler\CurlFactory::createRejection(Object(GuzzleHttp\Handler\EasyHandle), Array)
#1 /home/smartdepo/fe/vendor/guzzlehttp/guzzle/src/Handler/CurlFactory.php(110): GuzzleHttp\Handler\CurlFactory::finishError(Object(GuzzleHttp\Handler\CurlHandler), Object(GuzzleHttp\Handler\EasyHandle), Object(GuzzleHttp\Handler\CurlFactory))
#2 /home/smartdepo/fe/vendor/guzzlehttp/guzzle/src/Handler/CurlHandler.php(47): GuzzleHttp\Handler\CurlFactory::finish(Object(GuzzleHttp\Handler\CurlHandler), Object(GuzzleHttp\Handler\EasyHandle), Object(GuzzleHttp\Handler\CurlFactory))
#3 /home/smartdepo/fe/vendor/guzzlehttp/guzzle/src/Handler/Proxy.php(28): GuzzleHttp\Handler\CurlHandler->__invoke(Object(GuzzleHttp\Psr7\Request), Array)
#4 /home/smartdepo/fe/vendor/guzzlehttp/guzzle/src/Handler/Proxy.php(48): GuzzleHttp\Handler\Proxy::GuzzleHttp\Handler\{closure}(Object(GuzzleHttp\Psr7\Request), Array)
#5 /home/smartdepo/fe/vendor/guzzlehttp/guzzle/src/PrepareBodyMiddleware.php(64): GuzzleHttp\Handler\Proxy::GuzzleHttp\Handler\{closure}(Object(GuzzleHttp\Psr7\Request), Array)
#6 /home/smartdepo/fe/vendor/guzzlehttp/guzzle/src/Middleware.php(31): GuzzleHttp\PrepareBodyMiddleware->__invoke(Object(GuzzleHttp\Psr7\Request), Array)
#7 /home/smartdepo/fe/vendor/guzzlehttp/guzzle/src/RedirectMiddleware.php(71): GuzzleHttp\Middleware::GuzzleHttp\{closure}(Object(GuzzleHttp\Psr7\Request), Array)
#8 /home/smartdepo/fe/vendor/guzzlehttp/guzzle/src/Middleware.php(61): GuzzleHttp\RedirectMiddleware->__invoke(Object(GuzzleHttp\Psr7\Request), Array)
#9 /home/smartdepo/fe/vendor/guzzlehttp/guzzle/src/HandlerStack.php(75): GuzzleHttp\Middleware::GuzzleHttp\{closure}(Object(GuzzleHttp\Psr7\Request), Array)
#10 /home/smartdepo/fe/vendor/guzzlehttp/guzzle/src/Client.php(331): GuzzleHttp\HandlerStack->__invoke(Object(GuzzleHttp\Psr7\Request), Array)
#11 /home/smartdepo/fe/vendor/guzzlehttp/guzzle/src/Client.php(168): GuzzleHttp\Client->transfer(Object(GuzzleHttp\Psr7\Request), Array)
#12 /home/smartdepo/fe/vendor/guzzlehttp/guzzle/src/Client.php(187): GuzzleHttp\Client->requestAsync('POST', Object(GuzzleHttp\Psr7\Uri), Array)
#13 /home/smartdepo/fe/modules/Auth/Controllers/Auth.php(48): GuzzleHttp\Client->request('POST', 'users/auth/sign...', Array)
#14 /home/smartdepo/fe/vendor/codeigniter4/framework/system/CodeIgniter.php(935): Modules\Auth\Controllers\Auth->set_login()
#15 /home/smartdepo/fe/vendor/codeigniter4/framework/system/CodeIgniter.php(431): CodeIgniter\CodeIgniter->runController(Object(Modules\Auth\Controllers\Auth))
#16 /home/smartdepo/fe/vendor/codeigniter4/framework/system/CodeIgniter.php(332): CodeIgniter\CodeIgniter->handleRequest(NULL, Object(Config\Cache), false)
#17 /home/smartdepo/fe/index.php(44): CodeIgniter\CodeIgniter->run()
#18 {main}
CRITICAL - 2021-08-13 11:39:10 --> cURL error 7: Failed to connect to 202.157.185.83 port 4000: Connection refused (see https://curl.haxx.se/libcurl/c/libcurl-errors.html) for http://202.157.185.83:4000/api/v1/users/auth/signin
#0 /home/smartdepo/fe/vendor/guzzlehttp/guzzle/src/Handler/CurlFactory.php(158): GuzzleHttp\Handler\CurlFactory::createRejection(Object(GuzzleHttp\Handler\EasyHandle), Array)
#1 /home/smartdepo/fe/vendor/guzzlehttp/guzzle/src/Handler/CurlFactory.php(110): GuzzleHttp\Handler\CurlFactory::finishError(Object(GuzzleHttp\Handler\CurlHandler), Object(GuzzleHttp\Handler\EasyHandle), Object(GuzzleHttp\Handler\CurlFactory))
#2 /home/smartdepo/fe/vendor/guzzlehttp/guzzle/src/Handler/CurlHandler.php(47): GuzzleHttp\Handler\CurlFactory::finish(Object(GuzzleHttp\Handler\CurlHandler), Object(GuzzleHttp\Handler\EasyHandle), Object(GuzzleHttp\Handler\CurlFactory))
#3 /home/smartdepo/fe/vendor/guzzlehttp/guzzle/src/Handler/Proxy.php(28): GuzzleHttp\Handler\CurlHandler->__invoke(Object(GuzzleHttp\Psr7\Request), Array)
#4 /home/smartdepo/fe/vendor/guzzlehttp/guzzle/src/Handler/Proxy.php(48): GuzzleHttp\Handler\Proxy::GuzzleHttp\Handler\{closure}(Object(GuzzleHttp\Psr7\Request), Array)
#5 /home/smartdepo/fe/vendor/guzzlehttp/guzzle/src/PrepareBodyMiddleware.php(64): GuzzleHttp\Handler\Proxy::GuzzleHttp\Handler\{closure}(Object(GuzzleHttp\Psr7\Request), Array)
#6 /home/smartdepo/fe/vendor/guzzlehttp/guzzle/src/Middleware.php(31): GuzzleHttp\PrepareBodyMiddleware->__invoke(Object(GuzzleHttp\Psr7\Request), Array)
#7 /home/smartdepo/fe/vendor/guzzlehttp/guzzle/src/RedirectMiddleware.php(71): GuzzleHttp\Middleware::GuzzleHttp\{closure}(Object(GuzzleHttp\Psr7\Request), Array)
#8 /home/smartdepo/fe/vendor/guzzlehttp/guzzle/src/Middleware.php(61): GuzzleHttp\RedirectMiddleware->__invoke(Object(GuzzleHttp\Psr7\Request), Array)
#9 /home/smartdepo/fe/vendor/guzzlehttp/guzzle/src/HandlerStack.php(75): GuzzleHttp\Middleware::GuzzleHttp\{closure}(Object(GuzzleHttp\Psr7\Request), Array)
#10 /home/smartdepo/fe/vendor/guzzlehttp/guzzle/src/Client.php(331): GuzzleHttp\HandlerStack->__invoke(Object(GuzzleHttp\Psr7\Request), Array)
#11 /home/smartdepo/fe/vendor/guzzlehttp/guzzle/src/Client.php(168): GuzzleHttp\Client->transfer(Object(GuzzleHttp\Psr7\Request), Array)
#12 /home/smartdepo/fe/vendor/guzzlehttp/guzzle/src/Client.php(187): GuzzleHttp\Client->requestAsync('POST', Object(GuzzleHttp\Psr7\Uri), Array)
#13 /home/smartdepo/fe/modules/Auth/Controllers/Auth.php(48): GuzzleHttp\Client->request('POST', 'users/auth/sign...', Array)
#14 /home/smartdepo/fe/vendor/codeigniter4/framework/system/CodeIgniter.php(935): Modules\Auth\Controllers\Auth->set_login()
#15 /home/smartdepo/fe/vendor/codeigniter4/framework/system/CodeIgniter.php(431): CodeIgniter\CodeIgniter->runController(Object(Modules\Auth\Controllers\Auth))
#16 /home/smartdepo/fe/vendor/codeigniter4/framework/system/CodeIgniter.php(332): CodeIgniter\CodeIgniter->handleRequest(NULL, Object(Config\Cache), false)
#17 /home/smartdepo/fe/index.php(44): CodeIgniter\CodeIgniter->run()
#18 {main}
CRITICAL - 2021-08-13 11:39:38 --> cURL error 7: Failed to connect to 202.157.185.83 port 4000: Connection refused (see https://curl.haxx.se/libcurl/c/libcurl-errors.html) for http://202.157.185.83:4000/api/v1/users/auth/signin
#0 /home/smartdepo/fe/vendor/guzzlehttp/guzzle/src/Handler/CurlFactory.php(158): GuzzleHttp\Handler\CurlFactory::createRejection(Object(GuzzleHttp\Handler\EasyHandle), Array)
#1 /home/smartdepo/fe/vendor/guzzlehttp/guzzle/src/Handler/CurlFactory.php(110): GuzzleHttp\Handler\CurlFactory::finishError(Object(GuzzleHttp\Handler\CurlHandler), Object(GuzzleHttp\Handler\EasyHandle), Object(GuzzleHttp\Handler\CurlFactory))
#2 /home/smartdepo/fe/vendor/guzzlehttp/guzzle/src/Handler/CurlHandler.php(47): GuzzleHttp\Handler\CurlFactory::finish(Object(GuzzleHttp\Handler\CurlHandler), Object(GuzzleHttp\Handler\EasyHandle), Object(GuzzleHttp\Handler\CurlFactory))
#3 /home/smartdepo/fe/vendor/guzzlehttp/guzzle/src/Handler/Proxy.php(28): GuzzleHttp\Handler\CurlHandler->__invoke(Object(GuzzleHttp\Psr7\Request), Array)
#4 /home/smartdepo/fe/vendor/guzzlehttp/guzzle/src/Handler/Proxy.php(48): GuzzleHttp\Handler\Proxy::GuzzleHttp\Handler\{closure}(Object(GuzzleHttp\Psr7\Request), Array)
#5 /home/smartdepo/fe/vendor/guzzlehttp/guzzle/src/PrepareBodyMiddleware.php(64): GuzzleHttp\Handler\Proxy::GuzzleHttp\Handler\{closure}(Object(GuzzleHttp\Psr7\Request), Array)
#6 /home/smartdepo/fe/vendor/guzzlehttp/guzzle/src/Middleware.php(31): GuzzleHttp\PrepareBodyMiddleware->__invoke(Object(GuzzleHttp\Psr7\Request), Array)
#7 /home/smartdepo/fe/vendor/guzzlehttp/guzzle/src/RedirectMiddleware.php(71): GuzzleHttp\Middleware::GuzzleHttp\{closure}(Object(GuzzleHttp\Psr7\Request), Array)
#8 /home/smartdepo/fe/vendor/guzzlehttp/guzzle/src/Middleware.php(61): GuzzleHttp\RedirectMiddleware->__invoke(Object(GuzzleHttp\Psr7\Request), Array)
#9 /home/smartdepo/fe/vendor/guzzlehttp/guzzle/src/HandlerStack.php(75): GuzzleHttp\Middleware::GuzzleHttp\{closure}(Object(GuzzleHttp\Psr7\Request), Array)
#10 /home/smartdepo/fe/vendor/guzzlehttp/guzzle/src/Client.php(331): GuzzleHttp\HandlerStack->__invoke(Object(GuzzleHttp\Psr7\Request), Array)
#11 /home/smartdepo/fe/vendor/guzzlehttp/guzzle/src/Client.php(168): GuzzleHttp\Client->transfer(Object(GuzzleHttp\Psr7\Request), Array)
#12 /home/smartdepo/fe/vendor/guzzlehttp/guzzle/src/Client.php(187): GuzzleHttp\Client->requestAsync('POST', Object(GuzzleHttp\Psr7\Uri), Array)
#13 /home/smartdepo/fe/modules/Auth/Controllers/Auth.php(48): GuzzleHttp\Client->request('POST', 'users/auth/sign...', Array)
#14 /home/smartdepo/fe/vendor/codeigniter4/framework/system/CodeIgniter.php(935): Modules\Auth\Controllers\Auth->set_login()
#15 /home/smartdepo/fe/vendor/codeigniter4/framework/system/CodeIgniter.php(431): CodeIgniter\CodeIgniter->runController(Object(Modules\Auth\Controllers\Auth))
#16 /home/smartdepo/fe/vendor/codeigniter4/framework/system/CodeIgniter.php(332): CodeIgniter\CodeIgniter->handleRequest(NULL, Object(Config\Cache), false)
#17 /home/smartdepo/fe/index.php(44): CodeIgniter\CodeIgniter->run()
#18 {main}
CRITICAL - 2021-08-13 11:40:10 --> cURL error 7: Failed to connect to 202.157.185.83 port 4000: Connection refused (see https://curl.haxx.se/libcurl/c/libcurl-errors.html) for http://202.157.185.83:4000/api/v1/users/auth/signin
#0 /home/smartdepo/fe/vendor/guzzlehttp/guzzle/src/Handler/CurlFactory.php(158): GuzzleHttp\Handler\CurlFactory::createRejection(Object(GuzzleHttp\Handler\EasyHandle), Array)
#1 /home/smartdepo/fe/vendor/guzzlehttp/guzzle/src/Handler/CurlFactory.php(110): GuzzleHttp\Handler\CurlFactory::finishError(Object(GuzzleHttp\Handler\CurlHandler), Object(GuzzleHttp\Handler\EasyHandle), Object(GuzzleHttp\Handler\CurlFactory))
#2 /home/smartdepo/fe/vendor/guzzlehttp/guzzle/src/Handler/CurlHandler.php(47): GuzzleHttp\Handler\CurlFactory::finish(Object(GuzzleHttp\Handler\CurlHandler), Object(GuzzleHttp\Handler\EasyHandle), Object(GuzzleHttp\Handler\CurlFactory))
#3 /home/smartdepo/fe/vendor/guzzlehttp/guzzle/src/Handler/Proxy.php(28): GuzzleHttp\Handler\CurlHandler->__invoke(Object(GuzzleHttp\Psr7\Request), Array)
#4 /home/smartdepo/fe/vendor/guzzlehttp/guzzle/src/Handler/Proxy.php(48): GuzzleHttp\Handler\Proxy::GuzzleHttp\Handler\{closure}(Object(GuzzleHttp\Psr7\Request), Array)
#5 /home/smartdepo/fe/vendor/guzzlehttp/guzzle/src/PrepareBodyMiddleware.php(64): GuzzleHttp\Handler\Proxy::GuzzleHttp\Handler\{closure}(Object(GuzzleHttp\Psr7\Request), Array)
#6 /home/smartdepo/fe/vendor/guzzlehttp/guzzle/src/Middleware.php(31): GuzzleHttp\PrepareBodyMiddleware->__invoke(Object(GuzzleHttp\Psr7\Request), Array)
#7 /home/smartdepo/fe/vendor/guzzlehttp/guzzle/src/RedirectMiddleware.php(71): GuzzleHttp\Middleware::GuzzleHttp\{closure}(Object(GuzzleHttp\Psr7\Request), Array)
#8 /home/smartdepo/fe/vendor/guzzlehttp/guzzle/src/Middleware.php(61): GuzzleHttp\RedirectMiddleware->__invoke(Object(GuzzleHttp\Psr7\Request), Array)
#9 /home/smartdepo/fe/vendor/guzzlehttp/guzzle/src/HandlerStack.php(75): GuzzleHttp\Middleware::GuzzleHttp\{closure}(Object(GuzzleHttp\Psr7\Request), Array)
#10 /home/smartdepo/fe/vendor/guzzlehttp/guzzle/src/Client.php(331): GuzzleHttp\HandlerStack->__invoke(Object(GuzzleHttp\Psr7\Request), Array)
#11 /home/smartdepo/fe/vendor/guzzlehttp/guzzle/src/Client.php(168): GuzzleHttp\Client->transfer(Object(GuzzleHttp\Psr7\Request), Array)
#12 /home/smartdepo/fe/vendor/guzzlehttp/guzzle/src/Client.php(187): GuzzleHttp\Client->requestAsync('POST', Object(GuzzleHttp\Psr7\Uri), Array)
#13 /home/smartdepo/fe/modules/Auth/Controllers/Auth.php(48): GuzzleHttp\Client->request('POST', 'users/auth/sign...', Array)
#14 /home/smartdepo/fe/vendor/codeigniter4/framework/system/CodeIgniter.php(935): Modules\Auth\Controllers\Auth->set_login()
#15 /home/smartdepo/fe/vendor/codeigniter4/framework/system/CodeIgniter.php(431): CodeIgniter\CodeIgniter->runController(Object(Modules\Auth\Controllers\Auth))
#16 /home/smartdepo/fe/vendor/codeigniter4/framework/system/CodeIgniter.php(332): CodeIgniter\CodeIgniter->handleRequest(NULL, Object(Config\Cache), false)
#17 /home/smartdepo/fe/index.php(44): CodeIgniter\CodeIgniter->run()
#18 {main}
CRITICAL - 2021-08-13 11:45:21 --> cURL error 7: Failed to connect to 202.157.185.83 port 4000: Connection refused (see https://curl.haxx.se/libcurl/c/libcurl-errors.html) for http://202.157.185.83:4000/api/v1/users/auth/signin
#0 /home/smartdepo/fe/vendor/guzzlehttp/guzzle/src/Handler/CurlFactory.php(158): GuzzleHttp\Handler\CurlFactory::createRejection(Object(GuzzleHttp\Handler\EasyHandle), Array)
#1 /home/smartdepo/fe/vendor/guzzlehttp/guzzle/src/Handler/CurlFactory.php(110): GuzzleHttp\Handler\CurlFactory::finishError(Object(GuzzleHttp\Handler\CurlHandler), Object(GuzzleHttp\Handler\EasyHandle), Object(GuzzleHttp\Handler\CurlFactory))
#2 /home/smartdepo/fe/vendor/guzzlehttp/guzzle/src/Handler/CurlHandler.php(47): GuzzleHttp\Handler\CurlFactory::finish(Object(GuzzleHttp\Handler\CurlHandler), Object(GuzzleHttp\Handler\EasyHandle), Object(GuzzleHttp\Handler\CurlFactory))
#3 /home/smartdepo/fe/vendor/guzzlehttp/guzzle/src/Handler/Proxy.php(28): GuzzleHttp\Handler\CurlHandler->__invoke(Object(GuzzleHttp\Psr7\Request), Array)
#4 /home/smartdepo/fe/vendor/guzzlehttp/guzzle/src/Handler/Proxy.php(48): GuzzleHttp\Handler\Proxy::GuzzleHttp\Handler\{closure}(Object(GuzzleHttp\Psr7\Request), Array)
#5 /home/smartdepo/fe/vendor/guzzlehttp/guzzle/src/PrepareBodyMiddleware.php(64): GuzzleHttp\Handler\Proxy::GuzzleHttp\Handler\{closure}(Object(GuzzleHttp\Psr7\Request), Array)
#6 /home/smartdepo/fe/vendor/guzzlehttp/guzzle/src/Middleware.php(31): GuzzleHttp\PrepareBodyMiddleware->__invoke(Object(GuzzleHttp\Psr7\Request), Array)
#7 /home/smartdepo/fe/vendor/guzzlehttp/guzzle/src/RedirectMiddleware.php(71): GuzzleHttp\Middleware::GuzzleHttp\{closure}(Object(GuzzleHttp\Psr7\Request), Array)
#8 /home/smartdepo/fe/vendor/guzzlehttp/guzzle/src/Middleware.php(61): GuzzleHttp\RedirectMiddleware->__invoke(Object(GuzzleHttp\Psr7\Request), Array)
#9 /home/smartdepo/fe/vendor/guzzlehttp/guzzle/src/HandlerStack.php(75): GuzzleHttp\Middleware::GuzzleHttp\{closure}(Object(GuzzleHttp\Psr7\Request), Array)
#10 /home/smartdepo/fe/vendor/guzzlehttp/guzzle/src/Client.php(331): GuzzleHttp\HandlerStack->__invoke(Object(GuzzleHttp\Psr7\Request), Array)
#11 /home/smartdepo/fe/vendor/guzzlehttp/guzzle/src/Client.php(168): GuzzleHttp\Client->transfer(Object(GuzzleHttp\Psr7\Request), Array)
#12 /home/smartdepo/fe/vendor/guzzlehttp/guzzle/src/Client.php(187): GuzzleHttp\Client->requestAsync('POST', Object(GuzzleHttp\Psr7\Uri), Array)
#13 /home/smartdepo/fe/modules/Auth/Controllers/Auth.php(48): GuzzleHttp\Client->request('POST', 'users/auth/sign...', Array)
#14 /home/smartdepo/fe/vendor/codeigniter4/framework/system/CodeIgniter.php(935): Modules\Auth\Controllers\Auth->set_login()
#15 /home/smartdepo/fe/vendor/codeigniter4/framework/system/CodeIgniter.php(431): CodeIgniter\CodeIgniter->runController(Object(Modules\Auth\Controllers\Auth))
#16 /home/smartdepo/fe/vendor/codeigniter4/framework/system/CodeIgniter.php(332): CodeIgniter\CodeIgniter->handleRequest(NULL, Object(Config\Cache), false)
#17 /home/smartdepo/fe/index.php(44): CodeIgniter\CodeIgniter->run()
#18 {main}
CRITICAL - 2021-08-13 20:23:29 --> cURL error 7: Failed to connect to 202.157.185.83 port 4000: Connection refused (see https://curl.haxx.se/libcurl/c/libcurl-errors.html) for http://202.157.185.83:4000/api/v1/users/auth/signin
#0 /home/smartdepo/fe/vendor/guzzlehttp/guzzle/src/Handler/CurlFactory.php(158): GuzzleHttp\Handler\CurlFactory::createRejection(Object(GuzzleHttp\Handler\EasyHandle), Array)
#1 /home/smartdepo/fe/vendor/guzzlehttp/guzzle/src/Handler/CurlFactory.php(110): GuzzleHttp\Handler\CurlFactory::finishError(Object(GuzzleHttp\Handler\CurlHandler), Object(GuzzleHttp\Handler\EasyHandle), Object(GuzzleHttp\Handler\CurlFactory))
#2 /home/smartdepo/fe/vendor/guzzlehttp/guzzle/src/Handler/CurlHandler.php(47): GuzzleHttp\Handler\CurlFactory::finish(Object(GuzzleHttp\Handler\CurlHandler), Object(GuzzleHttp\Handler\EasyHandle), Object(GuzzleHttp\Handler\CurlFactory))
#3 /home/smartdepo/fe/vendor/guzzlehttp/guzzle/src/Handler/Proxy.php(28): GuzzleHttp\Handler\CurlHandler->__invoke(Object(GuzzleHttp\Psr7\Request), Array)
#4 /home/smartdepo/fe/vendor/guzzlehttp/guzzle/src/Handler/Proxy.php(48): GuzzleHttp\Handler\Proxy::GuzzleHttp\Handler\{closure}(Object(GuzzleHttp\Psr7\Request), Array)
#5 /home/smartdepo/fe/vendor/guzzlehttp/guzzle/src/PrepareBodyMiddleware.php(64): GuzzleHttp\Handler\Proxy::GuzzleHttp\Handler\{closure}(Object(GuzzleHttp\Psr7\Request), Array)
#6 /home/smartdepo/fe/vendor/guzzlehttp/guzzle/src/Middleware.php(31): GuzzleHttp\PrepareBodyMiddleware->__invoke(Object(GuzzleHttp\Psr7\Request), Array)
#7 /home/smartdepo/fe/vendor/guzzlehttp/guzzle/src/RedirectMiddleware.php(71): GuzzleHttp\Middleware::GuzzleHttp\{closure}(Object(GuzzleHttp\Psr7\Request), Array)
#8 /home/smartdepo/fe/vendor/guzzlehttp/guzzle/src/Middleware.php(61): GuzzleHttp\RedirectMiddleware->__invoke(Object(GuzzleHttp\Psr7\Request), Array)
#9 /home/smartdepo/fe/vendor/guzzlehttp/guzzle/src/HandlerStack.php(75): GuzzleHttp\Middleware::GuzzleHttp\{closure}(Object(GuzzleHttp\Psr7\Request), Array)
#10 /home/smartdepo/fe/vendor/guzzlehttp/guzzle/src/Client.php(331): GuzzleHttp\HandlerStack->__invoke(Object(GuzzleHttp\Psr7\Request), Array)
#11 /home/smartdepo/fe/vendor/guzzlehttp/guzzle/src/Client.php(168): GuzzleHttp\Client->transfer(Object(GuzzleHttp\Psr7\Request), Array)
#12 /home/smartdepo/fe/vendor/guzzlehttp/guzzle/src/Client.php(187): GuzzleHttp\Client->requestAsync('POST', Object(GuzzleHttp\Psr7\Uri), Array)
#13 /home/smartdepo/fe/modules/Auth/Controllers/Auth.php(48): GuzzleHttp\Client->request('POST', 'users/auth/sign...', Array)
#14 /home/smartdepo/fe/vendor/codeigniter4/framework/system/CodeIgniter.php(935): Modules\Auth\Controllers\Auth->set_login()
#15 /home/smartdepo/fe/vendor/codeigniter4/framework/system/CodeIgniter.php(431): CodeIgniter\CodeIgniter->runController(Object(Modules\Auth\Controllers\Auth))
#16 /home/smartdepo/fe/vendor/codeigniter4/framework/system/CodeIgniter.php(332): CodeIgniter\CodeIgniter->handleRequest(NULL, Object(Config\Cache), false)
#17 /home/smartdepo/fe/index.php(44): CodeIgniter\CodeIgniter->run()
#18 {main}
CRITICAL - 2021-08-13 20:28:25 --> cURL error 7: Failed to connect to 202.157.185.83 port 4000: Connection refused (see https://curl.haxx.se/libcurl/c/libcurl-errors.html) for http://202.157.185.83:4000/api/v1/users/auth/signin
#0 /home/smartdepo/fe/vendor/guzzlehttp/guzzle/src/Handler/CurlFactory.php(158): GuzzleHttp\Handler\CurlFactory::createRejection(Object(GuzzleHttp\Handler\EasyHandle), Array)
#1 /home/smartdepo/fe/vendor/guzzlehttp/guzzle/src/Handler/CurlFactory.php(110): GuzzleHttp\Handler\CurlFactory::finishError(Object(GuzzleHttp\Handler\CurlHandler), Object(GuzzleHttp\Handler\EasyHandle), Object(GuzzleHttp\Handler\CurlFactory))
#2 /home/smartdepo/fe/vendor/guzzlehttp/guzzle/src/Handler/CurlHandler.php(47): GuzzleHttp\Handler\CurlFactory::finish(Object(GuzzleHttp\Handler\CurlHandler), Object(GuzzleHttp\Handler\EasyHandle), Object(GuzzleHttp\Handler\CurlFactory))
#3 /home/smartdepo/fe/vendor/guzzlehttp/guzzle/src/Handler/Proxy.php(28): GuzzleHttp\Handler\CurlHandler->__invoke(Object(GuzzleHttp\Psr7\Request), Array)
#4 /home/smartdepo/fe/vendor/guzzlehttp/guzzle/src/Handler/Proxy.php(48): GuzzleHttp\Handler\Proxy::GuzzleHttp\Handler\{closure}(Object(GuzzleHttp\Psr7\Request), Array)
#5 /home/smartdepo/fe/vendor/guzzlehttp/guzzle/src/PrepareBodyMiddleware.php(64): GuzzleHttp\Handler\Proxy::GuzzleHttp\Handler\{closure}(Object(GuzzleHttp\Psr7\Request), Array)
#6 /home/smartdepo/fe/vendor/guzzlehttp/guzzle/src/Middleware.php(31): GuzzleHttp\PrepareBodyMiddleware->__invoke(Object(GuzzleHttp\Psr7\Request), Array)
#7 /home/smartdepo/fe/vendor/guzzlehttp/guzzle/src/RedirectMiddleware.php(71): GuzzleHttp\Middleware::GuzzleHttp\{closure}(Object(GuzzleHttp\Psr7\Request), Array)
#8 /home/smartdepo/fe/vendor/guzzlehttp/guzzle/src/Middleware.php(61): GuzzleHttp\RedirectMiddleware->__invoke(Object(GuzzleHttp\Psr7\Request), Array)
#9 /home/smartdepo/fe/vendor/guzzlehttp/guzzle/src/HandlerStack.php(75): GuzzleHttp\Middleware::GuzzleHttp\{closure}(Object(GuzzleHttp\Psr7\Request), Array)
#10 /home/smartdepo/fe/vendor/guzzlehttp/guzzle/src/Client.php(331): GuzzleHttp\HandlerStack->__invoke(Object(GuzzleHttp\Psr7\Request), Array)
#11 /home/smartdepo/fe/vendor/guzzlehttp/guzzle/src/Client.php(168): GuzzleHttp\Client->transfer(Object(GuzzleHttp\Psr7\Request), Array)
#12 /home/smartdepo/fe/vendor/guzzlehttp/guzzle/src/Client.php(187): GuzzleHttp\Client->requestAsync('POST', Object(GuzzleHttp\Psr7\Uri), Array)
#13 /home/smartdepo/fe/modules/Auth/Controllers/Auth.php(48): GuzzleHttp\Client->request('POST', 'users/auth/sign...', Array)
#14 /home/smartdepo/fe/vendor/codeigniter4/framework/system/CodeIgniter.php(935): Modules\Auth\Controllers\Auth->set_login()
#15 /home/smartdepo/fe/vendor/codeigniter4/framework/system/CodeIgniter.php(431): CodeIgniter\CodeIgniter->runController(Object(Modules\Auth\Controllers\Auth))
#16 /home/smartdepo/fe/vendor/codeigniter4/framework/system/CodeIgniter.php(332): CodeIgniter\CodeIgniter->handleRequest(NULL, Object(Config\Cache), false)
#17 /home/smartdepo/fe/index.php(44): CodeIgniter\CodeIgniter->run()
#18 {main}
CRITICAL - 2021-08-13 21:24:12 --> cURL error 7: Failed to connect to 202.157.185.83 port 4000: Connection refused (see https://curl.haxx.se/libcurl/c/libcurl-errors.html) for http://202.157.185.83:4000/api/v1/users/auth/signin
#0 /home/smartdepo/fe/vendor/guzzlehttp/guzzle/src/Handler/CurlFactory.php(158): GuzzleHttp\Handler\CurlFactory::createRejection(Object(GuzzleHttp\Handler\EasyHandle), Array)
#1 /home/smartdepo/fe/vendor/guzzlehttp/guzzle/src/Handler/CurlFactory.php(110): GuzzleHttp\Handler\CurlFactory::finishError(Object(GuzzleHttp\Handler\CurlHandler), Object(GuzzleHttp\Handler\EasyHandle), Object(GuzzleHttp\Handler\CurlFactory))
#2 /home/smartdepo/fe/vendor/guzzlehttp/guzzle/src/Handler/CurlHandler.php(47): GuzzleHttp\Handler\CurlFactory::finish(Object(GuzzleHttp\Handler\CurlHandler), Object(GuzzleHttp\Handler\EasyHandle), Object(GuzzleHttp\Handler\CurlFactory))
#3 /home/smartdepo/fe/vendor/guzzlehttp/guzzle/src/Handler/Proxy.php(28): GuzzleHttp\Handler\CurlHandler->__invoke(Object(GuzzleHttp\Psr7\Request), Array)
#4 /home/smartdepo/fe/vendor/guzzlehttp/guzzle/src/Handler/Proxy.php(48): GuzzleHttp\Handler\Proxy::GuzzleHttp\Handler\{closure}(Object(GuzzleHttp\Psr7\Request), Array)
#5 /home/smartdepo/fe/vendor/guzzlehttp/guzzle/src/PrepareBodyMiddleware.php(64): GuzzleHttp\Handler\Proxy::GuzzleHttp\Handler\{closure}(Object(GuzzleHttp\Psr7\Request), Array)
#6 /home/smartdepo/fe/vendor/guzzlehttp/guzzle/src/Middleware.php(31): GuzzleHttp\PrepareBodyMiddleware->__invoke(Object(GuzzleHttp\Psr7\Request), Array)
#7 /home/smartdepo/fe/vendor/guzzlehttp/guzzle/src/RedirectMiddleware.php(71): GuzzleHttp\Middleware::GuzzleHttp\{closure}(Object(GuzzleHttp\Psr7\Request), Array)
#8 /home/smartdepo/fe/vendor/guzzlehttp/guzzle/src/Middleware.php(61): GuzzleHttp\RedirectMiddleware->__invoke(Object(GuzzleHttp\Psr7\Request), Array)
#9 /home/smartdepo/fe/vendor/guzzlehttp/guzzle/src/HandlerStack.php(75): GuzzleHttp\Middleware::GuzzleHttp\{closure}(Object(GuzzleHttp\Psr7\Request), Array)
#10 /home/smartdepo/fe/vendor/guzzlehttp/guzzle/src/Client.php(331): GuzzleHttp\HandlerStack->__invoke(Object(GuzzleHttp\Psr7\Request), Array)
#11 /home/smartdepo/fe/vendor/guzzlehttp/guzzle/src/Client.php(168): GuzzleHttp\Client->transfer(Object(GuzzleHttp\Psr7\Request), Array)
#12 /home/smartdepo/fe/vendor/guzzlehttp/guzzle/src/Client.php(187): GuzzleHttp\Client->requestAsync('POST', Object(GuzzleHttp\Psr7\Uri), Array)
#13 /home/smartdepo/fe/modules/Auth/Controllers/Auth.php(48): GuzzleHttp\Client->request('POST', 'users/auth/sign...', Array)
#14 /home/smartdepo/fe/vendor/codeigniter4/framework/system/CodeIgniter.php(935): Modules\Auth\Controllers\Auth->set_login()
#15 /home/smartdepo/fe/vendor/codeigniter4/framework/system/CodeIgniter.php(431): CodeIgniter\CodeIgniter->runController(Object(Modules\Auth\Controllers\Auth))
#16 /home/smartdepo/fe/vendor/codeigniter4/framework/system/CodeIgniter.php(332): CodeIgniter\CodeIgniter->handleRequest(NULL, Object(Config\Cache), false)
#17 /home/smartdepo/fe/index.php(44): CodeIgniter\CodeIgniter->run()
#18 {main}
CRITICAL - 2021-08-13 21:39:04 --> Undefined variable: uri
#0 /home/smartdepo/fe/app/Views/smartdepo/dashboard/sidebar.php(21): CodeIgniter\Debug\Exceptions->errorHandler(8, 'Undefined varia...', '/home/smartdepo...', 21, Array)
#1 /home/smartdepo/fe/vendor/codeigniter4/framework/system/View/View.php(220): include('/home/smartdepo...')
#2 /home/smartdepo/fe/vendor/codeigniter4/framework/system/View/View.php(222): CodeIgniter\View\View->CodeIgniter\View\{closure}()
#3 /home/smartdepo/fe/vendor/codeigniter4/framework/system/View/View.php(468): CodeIgniter\View\View->render('smartdepo/dashb...', NULL, true)
#4 /home/smartdepo/fe/app/Views/smartdepo/dashboard/template.php(16): CodeIgniter\View\View->include('smartdepo/dashb...')
#5 /home/smartdepo/fe/vendor/codeigniter4/framework/system/View/View.php(220): include('/home/smartdepo...')
#6 /home/smartdepo/fe/vendor/codeigniter4/framework/system/View/View.php(222): CodeIgniter\View\View->CodeIgniter\View\{closure}()
#7 /home/smartdepo/fe/vendor/codeigniter4/framework/system/View/View.php(236): CodeIgniter\View\View->render('smartdepo/dashb...', Array, true)
#8 /home/smartdepo/fe/vendor/codeigniter4/framework/system/Common.php(1217): CodeIgniter\View\View->render('Modules\\Dashboa...', Array, true)
#9 /home/smartdepo/fe/modules/Dashboard/Controllers/Dashboard.php(18): view('Modules\\Dashboa...')
#10 /home/smartdepo/fe/vendor/codeigniter4/framework/system/CodeIgniter.php(935): Modules\Dashboard\Controllers\Dashboard->index()
#11 /home/smartdepo/fe/vendor/codeigniter4/framework/system/CodeIgniter.php(431): CodeIgniter\CodeIgniter->runController(Object(Modules\Dashboard\Controllers\Dashboard))
#12 /home/smartdepo/fe/vendor/codeigniter4/framework/system/CodeIgniter.php(332): CodeIgniter\CodeIgniter->handleRequest(NULL, Object(Config\Cache), false)
#13 /home/smartdepo/fe/index.php(44): CodeIgniter\CodeIgniter->run()
#14 {main}
CRITICAL - 2021-08-13 21:39:59 --> Undefined variable: uri
#0 /home/smartdepo/fe/app/Views/smartdepo/dashboard/sidebar.php(21): CodeIgniter\Debug\Exceptions->errorHandler(8, 'Undefined varia...', '/home/smartdepo...', 21, Array)
#1 /home/smartdepo/fe/vendor/codeigniter4/framework/system/View/View.php(220): include('/home/smartdepo...')
#2 /home/smartdepo/fe/vendor/codeigniter4/framework/system/View/View.php(222): CodeIgniter\View\View->CodeIgniter\View\{closure}()
#3 /home/smartdepo/fe/vendor/codeigniter4/framework/system/View/View.php(468): CodeIgniter\View\View->render('smartdepo/dashb...', NULL, true)
#4 /home/smartdepo/fe/app/Views/smartdepo/dashboard/template.php(16): CodeIgniter\View\View->include('smartdepo/dashb...')
#5 /home/smartdepo/fe/vendor/codeigniter4/framework/system/View/View.php(220): include('/home/smartdepo...')
#6 /home/smartdepo/fe/vendor/codeigniter4/framework/system/View/View.php(222): CodeIgniter\View\View->CodeIgniter\View\{closure}()
#7 /home/smartdepo/fe/vendor/codeigniter4/framework/system/View/View.php(236): CodeIgniter\View\View->render('smartdepo/dashb...', Array, true)
#8 /home/smartdepo/fe/vendor/codeigniter4/framework/system/Common.php(1217): CodeIgniter\View\View->render('Modules\\Dashboa...', Array, true)
#9 /home/smartdepo/fe/modules/Dashboard/Controllers/Dashboard.php(18): view('Modules\\Dashboa...')
#10 /home/smartdepo/fe/vendor/codeigniter4/framework/system/CodeIgniter.php(935): Modules\Dashboard\Controllers\Dashboard->index()
#11 /home/smartdepo/fe/vendor/codeigniter4/framework/system/CodeIgniter.php(431): CodeIgniter\CodeIgniter->runController(Object(Modules\Dashboard\Controllers\Dashboard))
#12 /home/smartdepo/fe/vendor/codeigniter4/framework/system/CodeIgniter.php(332): CodeIgniter\CodeIgniter->handleRequest(NULL, Object(Config\Cache), false)
#13 /home/smartdepo/fe/index.php(44): CodeIgniter\CodeIgniter->run()
#14 {main}
CRITICAL - 2021-08-13 21:40:35 --> Undefined variable: uri
#0 /home/smartdepo/fe/app/Views/smartdepo/dashboard/sidebar.php(21): CodeIgniter\Debug\Exceptions->errorHandler(8, 'Undefined varia...', '/home/smartdepo...', 21, Array)
#1 /home/smartdepo/fe/vendor/codeigniter4/framework/system/View/View.php(220): include('/home/smartdepo...')
#2 /home/smartdepo/fe/vendor/codeigniter4/framework/system/View/View.php(222): CodeIgniter\View\View->CodeIgniter\View\{closure}()
#3 /home/smartdepo/fe/vendor/codeigniter4/framework/system/View/View.php(468): CodeIgniter\View\View->render('smartdepo/dashb...', NULL, true)
#4 /home/smartdepo/fe/app/Views/smartdepo/dashboard/template.php(16): CodeIgniter\View\View->include('smartdepo/dashb...')
#5 /home/smartdepo/fe/vendor/codeigniter4/framework/system/View/View.php(220): include('/home/smartdepo...')
#6 /home/smartdepo/fe/vendor/codeigniter4/framework/system/View/View.php(222): CodeIgniter\View\View->CodeIgniter\View\{closure}()
#7 /home/smartdepo/fe/vendor/codeigniter4/framework/system/View/View.php(236): CodeIgniter\View\View->render('smartdepo/dashb...', Array, true)
#8 /home/smartdepo/fe/vendor/codeigniter4/framework/system/Common.php(1217): CodeIgniter\View\View->render('Modules\\Dashboa...', Array, true)
#9 /home/smartdepo/fe/modules/Dashboard/Controllers/Dashboard.php(18): view('Modules\\Dashboa...')
#10 /home/smartdepo/fe/vendor/codeigniter4/framework/system/CodeIgniter.php(935): Modules\Dashboard\Controllers\Dashboard->index()
#11 /home/smartdepo/fe/vendor/codeigniter4/framework/system/CodeIgniter.php(431): CodeIgniter\CodeIgniter->runController(Object(Modules\Dashboard\Controllers\Dashboard))
#12 /home/smartdepo/fe/vendor/codeigniter4/framework/system/CodeIgniter.php(332): CodeIgniter\CodeIgniter->handleRequest(NULL, Object(Config\Cache), false)
#13 /home/smartdepo/fe/index.php(44): CodeIgniter\CodeIgniter->run()
#14 {main}
CRITICAL - 2021-08-13 21:40:38 --> Undefined variable: uri
#0 /home/smartdepo/fe/app/Views/smartdepo/dashboard/sidebar.php(21): CodeIgniter\Debug\Exceptions->errorHandler(8, 'Undefined varia...', '/home/smartdepo...', 21, Array)
#1 /home/smartdepo/fe/vendor/codeigniter4/framework/system/View/View.php(220): include('/home/smartdepo...')
#2 /home/smartdepo/fe/vendor/codeigniter4/framework/system/View/View.php(222): CodeIgniter\View\View->CodeIgniter\View\{closure}()
#3 /home/smartdepo/fe/vendor/codeigniter4/framework/system/View/View.php(468): CodeIgniter\View\View->render('smartdepo/dashb...', NULL, true)
#4 /home/smartdepo/fe/app/Views/smartdepo/dashboard/template.php(16): CodeIgniter\View\View->include('smartdepo/dashb...')
#5 /home/smartdepo/fe/vendor/codeigniter4/framework/system/View/View.php(220): include('/home/smartdepo...')
#6 /home/smartdepo/fe/vendor/codeigniter4/framework/system/View/View.php(222): CodeIgniter\View\View->CodeIgniter\View\{closure}()
#7 /home/smartdepo/fe/vendor/codeigniter4/framework/system/View/View.php(236): CodeIgniter\View\View->render('smartdepo/dashb...', Array, true)
#8 /home/smartdepo/fe/vendor/codeigniter4/framework/system/Common.php(1217): CodeIgniter\View\View->render('Modules\\Dashboa...', Array, true)
#9 /home/smartdepo/fe/modules/Dashboard/Controllers/Dashboard.php(18): view('Modules\\Dashboa...')
#10 /home/smartdepo/fe/vendor/codeigniter4/framework/system/CodeIgniter.php(935): Modules\Dashboard\Controllers\Dashboard->index()
#11 /home/smartdepo/fe/vendor/codeigniter4/framework/system/CodeIgniter.php(431): CodeIgniter\CodeIgniter->runController(Object(Modules\Dashboard\Controllers\Dashboard))
#12 /home/smartdepo/fe/vendor/codeigniter4/framework/system/CodeIgniter.php(332): CodeIgniter\CodeIgniter->handleRequest(NULL, Object(Config\Cache), false)
#13 /home/smartdepo/fe/index.php(44): CodeIgniter\CodeIgniter->run()
#14 {main}
CRITICAL - 2021-08-13 21:40:39 --> Undefined variable: uri
#0 /home/smartdepo/fe/app/Views/smartdepo/dashboard/sidebar.php(21): CodeIgniter\Debug\Exceptions->errorHandler(8, 'Undefined varia...', '/home/smartdepo...', 21, Array)
#1 /home/smartdepo/fe/vendor/codeigniter4/framework/system/View/View.php(220): include('/home/smartdepo...')
#2 /home/smartdepo/fe/vendor/codeigniter4/framework/system/View/View.php(222): CodeIgniter\View\View->CodeIgniter\View\{closure}()
#3 /home/smartdepo/fe/vendor/codeigniter4/framework/system/View/View.php(468): CodeIgniter\View\View->render('smartdepo/dashb...', NULL, true)
#4 /home/smartdepo/fe/app/Views/smartdepo/dashboard/template.php(16): CodeIgniter\View\View->include('smartdepo/dashb...')
#5 /home/smartdepo/fe/vendor/codeigniter4/framework/system/View/View.php(220): include('/home/smartdepo...')
#6 /home/smartdepo/fe/vendor/codeigniter4/framework/system/View/View.php(222): CodeIgniter\View\View->CodeIgniter\View\{closure}()
#7 /home/smartdepo/fe/vendor/codeigniter4/framework/system/View/View.php(236): CodeIgniter\View\View->render('smartdepo/dashb...', Array, true)
#8 /home/smartdepo/fe/vendor/codeigniter4/framework/system/Common.php(1217): CodeIgniter\View\View->render('Modules\\Dashboa...', Array, true)
#9 /home/smartdepo/fe/modules/Dashboard/Controllers/Dashboard.php(18): view('Modules\\Dashboa...')
#10 /home/smartdepo/fe/vendor/codeigniter4/framework/system/CodeIgniter.php(935): Modules\Dashboard\Controllers\Dashboard->index()
#11 /home/smartdepo/fe/vendor/codeigniter4/framework/system/CodeIgniter.php(431): CodeIgniter\CodeIgniter->runController(Object(Modules\Dashboard\Controllers\Dashboard))
#12 /home/smartdepo/fe/vendor/codeigniter4/framework/system/CodeIgniter.php(332): CodeIgniter\CodeIgniter->handleRequest(NULL, Object(Config\Cache), false)
#13 /home/smartdepo/fe/index.php(44): CodeIgniter\CodeIgniter->run()
#14 {main}
CRITICAL - 2021-08-13 21:40:41 --> Undefined variable: uri
#0 /home/smartdepo/fe/app/Views/smartdepo/dashboard/sidebar.php(21): CodeIgniter\Debug\Exceptions->errorHandler(8, 'Undefined varia...', '/home/smartdepo...', 21, Array)
#1 /home/smartdepo/fe/vendor/codeigniter4/framework/system/View/View.php(220): include('/home/smartdepo...')
#2 /home/smartdepo/fe/vendor/codeigniter4/framework/system/View/View.php(222): CodeIgniter\View\View->CodeIgniter\View\{closure}()
#3 /home/smartdepo/fe/vendor/codeigniter4/framework/system/View/View.php(468): CodeIgniter\View\View->render('smartdepo/dashb...', NULL, true)
#4 /home/smartdepo/fe/app/Views/smartdepo/dashboard/template.php(16): CodeIgniter\View\View->include('smartdepo/dashb...')
#5 /home/smartdepo/fe/vendor/codeigniter4/framework/system/View/View.php(220): include('/home/smartdepo...')
#6 /home/smartdepo/fe/vendor/codeigniter4/framework/system/View/View.php(222): CodeIgniter\View\View->CodeIgniter\View\{closure}()
#7 /home/smartdepo/fe/vendor/codeigniter4/framework/system/View/View.php(236): CodeIgniter\View\View->render('smartdepo/dashb...', Array, true)
#8 /home/smartdepo/fe/vendor/codeigniter4/framework/system/Common.php(1217): CodeIgniter\View\View->render('Modules\\Dashboa...', Array, true)
#9 /home/smartdepo/fe/modules/Dashboard/Controllers/Dashboard.php(18): view('Modules\\Dashboa...')
#10 /home/smartdepo/fe/vendor/codeigniter4/framework/system/CodeIgniter.php(935): Modules\Dashboard\Controllers\Dashboard->index()
#11 /home/smartdepo/fe/vendor/codeigniter4/framework/system/CodeIgniter.php(431): CodeIgniter\CodeIgniter->runController(Object(Modules\Dashboard\Controllers\Dashboard))
#12 /home/smartdepo/fe/vendor/codeigniter4/framework/system/CodeIgniter.php(332): CodeIgniter\CodeIgniter->handleRequest(NULL, Object(Config\Cache), false)
#13 /home/smartdepo/fe/index.php(44): CodeIgniter\CodeIgniter->run()
#14 {main}
CRITICAL - 2021-08-13 21:40:49 --> Undefined variable: uri
#0 /home/smartdepo/fe/app/Views/smartdepo/dashboard/sidebar.php(21): CodeIgniter\Debug\Exceptions->errorHandler(8, 'Undefined varia...', '/home/smartdepo...', 21, Array)
#1 /home/smartdepo/fe/vendor/codeigniter4/framework/system/View/View.php(220): include('/home/smartdepo...')
#2 /home/smartdepo/fe/vendor/codeigniter4/framework/system/View/View.php(222): CodeIgniter\View\View->CodeIgniter\View\{closure}()
#3 /home/smartdepo/fe/vendor/codeigniter4/framework/system/View/View.php(468): CodeIgniter\View\View->render('smartdepo/dashb...', NULL, true)
#4 /home/smartdepo/fe/app/Views/smartdepo/dashboard/template.php(16): CodeIgniter\View\View->include('smartdepo/dashb...')
#5 /home/smartdepo/fe/vendor/codeigniter4/framework/system/View/View.php(220): include('/home/smartdepo...')
#6 /home/smartdepo/fe/vendor/codeigniter4/framework/system/View/View.php(222): CodeIgniter\View\View->CodeIgniter\View\{closure}()
#7 /home/smartdepo/fe/vendor/codeigniter4/framework/system/View/View.php(236): CodeIgniter\View\View->render('smartdepo/dashb...', Array, true)
#8 /home/smartdepo/fe/vendor/codeigniter4/framework/system/Common.php(1217): CodeIgniter\View\View->render('Modules\\Dashboa...', Array, true)
#9 /home/smartdepo/fe/modules/Dashboard/Controllers/Dashboard.php(18): view('Modules\\Dashboa...')
#10 /home/smartdepo/fe/vendor/codeigniter4/framework/system/CodeIgniter.php(935): Modules\Dashboard\Controllers\Dashboard->index()
#11 /home/smartdepo/fe/vendor/codeigniter4/framework/system/CodeIgniter.php(431): CodeIgniter\CodeIgniter->runController(Object(Modules\Dashboard\Controllers\Dashboard))
#12 /home/smartdepo/fe/vendor/codeigniter4/framework/system/CodeIgniter.php(332): CodeIgniter\CodeIgniter->handleRequest(NULL, Object(Config\Cache), false)
#13 /home/smartdepo/fe/index.php(44): CodeIgniter\CodeIgniter->run()
#14 {main}
CRITICAL - 2021-08-13 21:40:50 --> Undefined variable: uri
#0 /home/smartdepo/fe/app/Views/smartdepo/dashboard/sidebar.php(21): CodeIgniter\Debug\Exceptions->errorHandler(8, 'Undefined varia...', '/home/smartdepo...', 21, Array)
#1 /home/smartdepo/fe/vendor/codeigniter4/framework/system/View/View.php(220): include('/home/smartdepo...')
#2 /home/smartdepo/fe/vendor/codeigniter4/framework/system/View/View.php(222): CodeIgniter\View\View->CodeIgniter\View\{closure}()
#3 /home/smartdepo/fe/vendor/codeigniter4/framework/system/View/View.php(468): CodeIgniter\View\View->render('smartdepo/dashb...', NULL, true)
#4 /home/smartdepo/fe/app/Views/smartdepo/dashboard/template.php(16): CodeIgniter\View\View->include('smartdepo/dashb...')
#5 /home/smartdepo/fe/vendor/codeigniter4/framework/system/View/View.php(220): include('/home/smartdepo...')
#6 /home/smartdepo/fe/vendor/codeigniter4/framework/system/View/View.php(222): CodeIgniter\View\View->CodeIgniter\View\{closure}()
#7 /home/smartdepo/fe/vendor/codeigniter4/framework/system/View/View.php(236): CodeIgniter\View\View->render('smartdepo/dashb...', Array, true)
#8 /home/smartdepo/fe/vendor/codeigniter4/framework/system/Common.php(1217): CodeIgniter\View\View->render('Modules\\Dashboa...', Array, true)
#9 /home/smartdepo/fe/modules/Dashboard/Controllers/Dashboard.php(18): view('Modules\\Dashboa...')
#10 /home/smartdepo/fe/vendor/codeigniter4/framework/system/CodeIgniter.php(935): Modules\Dashboard\Controllers\Dashboard->index()
#11 /home/smartdepo/fe/vendor/codeigniter4/framework/system/CodeIgniter.php(431): CodeIgniter\CodeIgniter->runController(Object(Modules\Dashboard\Controllers\Dashboard))
#12 /home/smartdepo/fe/vendor/codeigniter4/framework/system/CodeIgniter.php(332): CodeIgniter\CodeIgniter->handleRequest(NULL, Object(Config\Cache), false)
#13 /home/smartdepo/fe/index.php(44): CodeIgniter\CodeIgniter->run()
#14 {main}
CRITICAL - 2021-08-13 21:41:22 --> Undefined variable: uri
#0 /home/smartdepo/fe/app/Views/smartdepo/dashboard/sidebar.php(21): CodeIgniter\Debug\Exceptions->errorHandler(8, 'Undefined varia...', '/home/smartdepo...', 21, Array)
#1 /home/smartdepo/fe/vendor/codeigniter4/framework/system/View/View.php(220): include('/home/smartdepo...')
#2 /home/smartdepo/fe/vendor/codeigniter4/framework/system/View/View.php(222): CodeIgniter\View\View->CodeIgniter\View\{closure}()
#3 /home/smartdepo/fe/vendor/codeigniter4/framework/system/View/View.php(468): CodeIgniter\View\View->render('smartdepo/dashb...', NULL, true)
#4 /home/smartdepo/fe/app/Views/smartdepo/dashboard/template.php(16): CodeIgniter\View\View->include('smartdepo/dashb...')
#5 /home/smartdepo/fe/vendor/codeigniter4/framework/system/View/View.php(220): include('/home/smartdepo...')
#6 /home/smartdepo/fe/vendor/codeigniter4/framework/system/View/View.php(222): CodeIgniter\View\View->CodeIgniter\View\{closure}()
#7 /home/smartdepo/fe/vendor/codeigniter4/framework/system/View/View.php(236): CodeIgniter\View\View->render('smartdepo/dashb...', Array, true)
#8 /home/smartdepo/fe/vendor/codeigniter4/framework/system/Common.php(1217): CodeIgniter\View\View->render('Modules\\Dashboa...', Array, true)
#9 /home/smartdepo/fe/modules/Dashboard/Controllers/Dashboard.php(18): view('Modules\\Dashboa...')
#10 /home/smartdepo/fe/vendor/codeigniter4/framework/system/CodeIgniter.php(935): Modules\Dashboard\Controllers\Dashboard->index()
#11 /home/smartdepo/fe/vendor/codeigniter4/framework/system/CodeIgniter.php(431): CodeIgniter\CodeIgniter->runController(Object(Modules\Dashboard\Controllers\Dashboard))
#12 /home/smartdepo/fe/vendor/codeigniter4/framework/system/CodeIgniter.php(332): CodeIgniter\CodeIgniter->handleRequest(NULL, Object(Config\Cache), false)
#13 /home/smartdepo/fe/index.php(44): CodeIgniter\CodeIgniter->run()
#14 {main}
CRITICAL - 2021-08-13 21:42:53 --> syntax error, unexpected '?>'
#0 /home/smartdepo/fe/vendor/codeigniter4/framework/system/View/View.php(222): CodeIgniter\View\View->CodeIgniter\View\{closure}()
#1 /home/smartdepo/fe/vendor/codeigniter4/framework/system/Common.php(1217): CodeIgniter\View\View->render('Modules\\Contain...', Array, true)
#2 /home/smartdepo/fe/modules/ContainerType/Controllers/ContainerType.php(32): view('Modules\\Contain...', Array)
#3 /home/smartdepo/fe/vendor/codeigniter4/framework/system/CodeIgniter.php(935): Modules\ContainerType\Controllers\ContainerType->index()
#4 /home/smartdepo/fe/vendor/codeigniter4/framework/system/CodeIgniter.php(431): CodeIgniter\CodeIgniter->runController(Object(Modules\ContainerType\Controllers\ContainerType))
#5 /home/smartdepo/fe/vendor/codeigniter4/framework/system/CodeIgniter.php(332): CodeIgniter\CodeIgniter->handleRequest(NULL, Object(Config\Cache), false)
#6 /home/smartdepo/fe/index.php(44): CodeIgniter\CodeIgniter->run()
#7 {main}
CRITICAL - 2021-08-13 21:42:55 --> syntax error, unexpected '?>'
#0 /home/smartdepo/fe/vendor/codeigniter4/framework/system/View/View.php(222): CodeIgniter\View\View->CodeIgniter\View\{closure}()
#1 /home/smartdepo/fe/vendor/codeigniter4/framework/system/Common.php(1217): CodeIgniter\View\View->render('Modules\\Contain...', Array, true)
#2 /home/smartdepo/fe/modules/ContainerType/Controllers/ContainerType.php(32): view('Modules\\Contain...', Array)
#3 /home/smartdepo/fe/vendor/codeigniter4/framework/system/CodeIgniter.php(935): Modules\ContainerType\Controllers\ContainerType->index()
#4 /home/smartdepo/fe/vendor/codeigniter4/framework/system/CodeIgniter.php(431): CodeIgniter\CodeIgniter->runController(Object(Modules\ContainerType\Controllers\ContainerType))
#5 /home/smartdepo/fe/vendor/codeigniter4/framework/system/CodeIgniter.php(332): CodeIgniter\CodeIgniter->handleRequest(NULL, Object(Config\Cache), false)
#6 /home/smartdepo/fe/index.php(44): CodeIgniter\CodeIgniter->run()
#7 {main}
CRITICAL - 2021-08-13 23:09:01 --> Undefined index: data
#0 /home/smartdepo/fe/modules/ContainerType/Controllers/ContainerType.php(30): CodeIgniter\Debug\Exceptions->errorHandler(8, 'Undefined index...', '/home/smartdepo...', 30, Array)
#1 /home/smartdepo/fe/vendor/codeigniter4/framework/system/CodeIgniter.php(935): Modules\ContainerType\Controllers\ContainerType->index()
#2 /home/smartdepo/fe/vendor/codeigniter4/framework/system/CodeIgniter.php(431): CodeIgniter\CodeIgniter->runController(Object(Modules\ContainerType\Controllers\ContainerType))
#3 /home/smartdepo/fe/vendor/codeigniter4/framework/system/CodeIgniter.php(332): CodeIgniter\CodeIgniter->handleRequest(NULL, Object(Config\Cache), false)
#4 /home/smartdepo/fe/index.php(44): CodeIgniter\CodeIgniter->run()
#5 {main}
CRITICAL - 2021-08-13 23:09:04 --> Undefined index: data
#0 /home/smartdepo/fe/modules/Groups/Controllers/Groups.php(29): CodeIgniter\Debug\Exceptions->errorHandler(8, 'Undefined index...', '/home/smartdepo...', 29, Array)
#1 /home/smartdepo/fe/vendor/codeigniter4/framework/system/CodeIgniter.php(935): Modules\Groups\Controllers\Groups->index()
#2 /home/smartdepo/fe/vendor/codeigniter4/framework/system/CodeIgniter.php(431): CodeIgniter\CodeIgniter->runController(Object(Modules\Groups\Controllers\Groups))
#3 /home/smartdepo/fe/vendor/codeigniter4/framework/system/CodeIgniter.php(332): CodeIgniter\CodeIgniter->handleRequest(NULL, Object(Config\Cache), false)
#4 /home/smartdepo/fe/index.php(44): CodeIgniter\CodeIgniter->run()
#5 {main}
CRITICAL - 2021-08-13 23:09:06 --> Undefined index: data
#0 /home/smartdepo/fe/modules/Groups/Controllers/Groups.php(29): CodeIgniter\Debug\Exceptions->errorHandler(8, 'Undefined index...', '/home/smartdepo...', 29, Array)
#1 /home/smartdepo/fe/vendor/codeigniter4/framework/system/CodeIgniter.php(935): Modules\Groups\Controllers\Groups->index()
#2 /home/smartdepo/fe/vendor/codeigniter4/framework/system/CodeIgniter.php(431): CodeIgniter\CodeIgniter->runController(Object(Modules\Groups\Controllers\Groups))
#3 /home/smartdepo/fe/vendor/codeigniter4/framework/system/CodeIgniter.php(332): CodeIgniter\CodeIgniter->handleRequest(NULL, Object(Config\Cache), false)
#4 /home/smartdepo/fe/index.php(44): CodeIgniter\CodeIgniter->run()
#5 {main}
CRITICAL - 2021-08-13 23:11:47 --> Undefined index: data
#0 /home/smartdepo/fe/modules/ContainerType/Controllers/ContainerType.php(30): CodeIgniter\Debug\Exceptions->errorHandler(8, 'Undefined index...', '/home/smartdepo...', 30, Array)
#1 /home/smartdepo/fe/vendor/codeigniter4/framework/system/CodeIgniter.php(935): Modules\ContainerType\Controllers\ContainerType->index()
#2 /home/smartdepo/fe/vendor/codeigniter4/framework/system/CodeIgniter.php(431): CodeIgniter\CodeIgniter->runController(Object(Modules\ContainerType\Controllers\ContainerType))
#3 /home/smartdepo/fe/vendor/codeigniter4/framework/system/CodeIgniter.php(332): CodeIgniter\CodeIgniter->handleRequest(NULL, Object(Config\Cache), false)
#4 /home/smartdepo/fe/index.php(44): CodeIgniter\CodeIgniter->run()
#5 {main}
CRITICAL - 2021-08-13 23:16:45 --> Undefined index: data
#0 /home/smartdepo/fe/modules/ContainerType/Controllers/ContainerType.php(30): CodeIgniter\Debug\Exceptions->errorHandler(8, 'Undefined index...', '/home/smartdepo...', 30, Array)
#1 /home/smartdepo/fe/vendor/codeigniter4/framework/system/CodeIgniter.php(935): Modules\ContainerType\Controllers\ContainerType->index()
#2 /home/smartdepo/fe/vendor/codeigniter4/framework/system/CodeIgniter.php(431): CodeIgniter\CodeIgniter->runController(Object(Modules\ContainerType\Controllers\ContainerType))
#3 /home/smartdepo/fe/vendor/codeigniter4/framework/system/CodeIgniter.php(332): CodeIgniter\CodeIgniter->handleRequest(NULL, Object(Config\Cache), false)
#4 /home/smartdepo/fe/index.php(44): CodeIgniter\CodeIgniter->run()
#5 {main}
CRITICAL - 2021-08-13 23:16:52 --> Undefined index: data
#0 /home/smartdepo/fe/modules/ContainerType/Controllers/ContainerType.php(30): CodeIgniter\Debug\Exceptions->errorHandler(8, 'Undefined index...', '/home/smartdepo...', 30, Array)
#1 /home/smartdepo/fe/vendor/codeigniter4/framework/system/CodeIgniter.php(935): Modules\ContainerType\Controllers\ContainerType->index()
#2 /home/smartdepo/fe/vendor/codeigniter4/framework/system/CodeIgniter.php(431): CodeIgniter\CodeIgniter->runController(Object(Modules\ContainerType\Controllers\ContainerType))
#3 /home/smartdepo/fe/vendor/codeigniter4/framework/system/CodeIgniter.php(332): CodeIgniter\CodeIgniter->handleRequest(NULL, Object(Config\Cache), false)
#4 /home/smartdepo/fe/index.php(44): CodeIgniter\CodeIgniter->run()
#5 {main}
CRITICAL - 2021-08-13 23:17:01 --> Undefined index: data
#0 /home/smartdepo/fe/modules/ContainerType/Controllers/ContainerType.php(30): CodeIgniter\Debug\Exceptions->errorHandler(8, 'Undefined index...', '/home/smartdepo...', 30, Array)
#1 /home/smartdepo/fe/vendor/codeigniter4/framework/system/CodeIgniter.php(935): Modules\ContainerType\Controllers\ContainerType->index()
#2 /home/smartdepo/fe/vendor/codeigniter4/framework/system/CodeIgniter.php(431): CodeIgniter\CodeIgniter->runController(Object(Modules\ContainerType\Controllers\ContainerType))
#3 /home/smartdepo/fe/vendor/codeigniter4/framework/system/CodeIgniter.php(332): CodeIgniter\CodeIgniter->handleRequest(NULL, Object(Config\Cache), false)
#4 /home/smartdepo/fe/index.php(44): CodeIgniter\CodeIgniter->run()
#5 {main}
CRITICAL - 2021-08-13 23:17:36 --> Undefined index: data
#0 /home/smartdepo/fe/modules/ContainerType/Controllers/ContainerType.php(30): CodeIgniter\Debug\Exceptions->errorHandler(8, 'Undefined index...', '/home/smartdepo...', 30, Array)
#1 /home/smartdepo/fe/vendor/codeigniter4/framework/system/CodeIgniter.php(935): Modules\ContainerType\Controllers\ContainerType->index()
#2 /home/smartdepo/fe/vendor/codeigniter4/framework/system/CodeIgniter.php(431): CodeIgniter\CodeIgniter->runController(Object(Modules\ContainerType\Controllers\ContainerType))
#3 /home/smartdepo/fe/vendor/codeigniter4/framework/system/CodeIgniter.php(332): CodeIgniter\CodeIgniter->handleRequest(NULL, Object(Config\Cache), false)
#4 /home/smartdepo/fe/index.php(44): CodeIgniter\CodeIgniter->run()
#5 {main}
CRITICAL - 2021-08-13 23:17:58 --> Undefined index: data
#0 /home/smartdepo/fe/modules/ContainerType/Controllers/ContainerType.php(30): CodeIgniter\Debug\Exceptions->errorHandler(8, 'Undefined index...', '/home/smartdepo...', 30, Array)
#1 /home/smartdepo/fe/vendor/codeigniter4/framework/system/CodeIgniter.php(935): Modules\ContainerType\Controllers\ContainerType->index()
#2 /home/smartdepo/fe/vendor/codeigniter4/framework/system/CodeIgniter.php(431): CodeIgniter\CodeIgniter->runController(Object(Modules\ContainerType\Controllers\ContainerType))
#3 /home/smartdepo/fe/vendor/codeigniter4/framework/system/CodeIgniter.php(332): CodeIgniter\CodeIgniter->handleRequest(NULL, Object(Config\Cache), false)
#4 /home/smartdepo/fe/index.php(44): CodeIgniter\CodeIgniter->run()
#5 {main}
