CRITICAL - 2021-08-03 12:44:45 --> Use of undefined constant SITENAME - assumed 'SITENAME' (this will throw an Error in a future version of PHP)
#0 /var/www/html/smartdepo/app/Views/smartdepo/layout/template.php(41): CodeIgniter\Debug\Exceptions->errorHandler(2, 'Use of undefine...', '/var/www/html/s...', 41, Array)
#1 /var/www/html/smartdepo/vendor/codeigniter4/framework/system/View/View.php(220): include('/var/www/html/s...')
#2 /var/www/html/smartdepo/vendor/codeigniter4/framework/system/View/View.php(222): CodeIgniter\View\View->CodeIgniter\View\{closure}()
#3 /var/www/html/smartdepo/vendor/codeigniter4/framework/system/View/View.php(236): CodeIgniter\View\View->render('smartdepo/layou...', Array, true)
#4 /var/www/html/smartdepo/vendor/codeigniter4/framework/system/Common.php(1217): CodeIgniter\View\View->render('smartdepo/homep...', Array, true)
#5 /var/www/html/smartdepo/app/Controllers/Home.php(9): view('smartdepo/homep...')
#6 /var/www/html/smartdepo/vendor/codeigniter4/framework/system/CodeIgniter.php(935): App\Controllers\Home->index()
#7 /var/www/html/smartdepo/vendor/codeigniter4/framework/system/CodeIgniter.php(431): CodeIgniter\CodeIgniter->runController(Object(App\Controllers\Home))
#8 /var/www/html/smartdepo/vendor/codeigniter4/framework/system/CodeIgniter.php(332): CodeIgniter\CodeIgniter->handleRequest(NULL, Object(Config\Cache), false)
#9 /var/www/html/smartdepo/public/index.php(44): CodeIgniter\CodeIgniter->run()
#10 {main}
CRITICAL - 2021-08-03 12:44:56 --> Use of undefined constant SITENAME - assumed 'SITENAME' (this will throw an Error in a future version of PHP)
#0 /var/www/html/smartdepo/app/Views/smartdepo/layout/template.php(41): CodeIgniter\Debug\Exceptions->errorHandler(2, 'Use of undefine...', '/var/www/html/s...', 41, Array)
#1 /var/www/html/smartdepo/vendor/codeigniter4/framework/system/View/View.php(220): include('/var/www/html/s...')
#2 /var/www/html/smartdepo/vendor/codeigniter4/framework/system/View/View.php(222): CodeIgniter\View\View->CodeIgniter\View\{closure}()
#3 /var/www/html/smartdepo/vendor/codeigniter4/framework/system/View/View.php(236): CodeIgniter\View\View->render('smartdepo/layou...', Array, true)
#4 /var/www/html/smartdepo/vendor/codeigniter4/framework/system/Common.php(1217): CodeIgniter\View\View->render('smartdepo/homep...', Array, true)
#5 /var/www/html/smartdepo/app/Controllers/Home.php(9): view('smartdepo/homep...')
#6 /var/www/html/smartdepo/vendor/codeigniter4/framework/system/CodeIgniter.php(935): App\Controllers\Home->index()
#7 /var/www/html/smartdepo/vendor/codeigniter4/framework/system/CodeIgniter.php(431): CodeIgniter\CodeIgniter->runController(Object(App\Controllers\Home))
#8 /var/www/html/smartdepo/vendor/codeigniter4/framework/system/CodeIgniter.php(332): CodeIgniter\CodeIgniter->handleRequest(NULL, Object(Config\Cache), false)
#9 /var/www/html/smartdepo/public/index.php(44): CodeIgniter\CodeIgniter->run()
#10 {main}
CRITICAL - 2021-08-03 12:46:19 --> Use of undefined constant SITENAME - assumed 'SITENAME' (this will throw an Error in a future version of PHP)
#0 /var/www/html/smartdepo/app/Views/smartdepo/layout/template.php(41): CodeIgniter\Debug\Exceptions->errorHandler(2, 'Use of undefine...', '/var/www/html/s...', 41, Array)
#1 /var/www/html/smartdepo/vendor/codeigniter4/framework/system/View/View.php(220): include('/var/www/html/s...')
#2 /var/www/html/smartdepo/vendor/codeigniter4/framework/system/View/View.php(222): CodeIgniter\View\View->CodeIgniter\View\{closure}()
#3 /var/www/html/smartdepo/vendor/codeigniter4/framework/system/View/View.php(236): CodeIgniter\View\View->render('smartdepo/layou...', Array, true)
#4 /var/www/html/smartdepo/vendor/codeigniter4/framework/system/Common.php(1217): CodeIgniter\View\View->render('smartdepo/homep...', Array, true)
#5 /var/www/html/smartdepo/app/Controllers/Home.php(9): view('smartdepo/homep...')
#6 /var/www/html/smartdepo/vendor/codeigniter4/framework/system/CodeIgniter.php(935): App\Controllers\Home->index()
#7 /var/www/html/smartdepo/vendor/codeigniter4/framework/system/CodeIgniter.php(431): CodeIgniter\CodeIgniter->runController(Object(App\Controllers\Home))
#8 /var/www/html/smartdepo/vendor/codeigniter4/framework/system/CodeIgniter.php(332): CodeIgniter\CodeIgniter->handleRequest(NULL, Object(Config\Cache), false)
#9 /var/www/html/smartdepo/public/index.php(44): CodeIgniter\CodeIgniter->run()
#10 {main}
CRITICAL - 2021-08-03 12:46:30 --> Use of undefined constant SITENAME - assumed 'SITENAME' (this will throw an Error in a future version of PHP)
#0 /var/www/html/smartdepo/app/Views/smartdepo/layout/template.php(41): CodeIgniter\Debug\Exceptions->errorHandler(2, 'Use of undefine...', '/var/www/html/s...', 41, Array)
#1 /var/www/html/smartdepo/vendor/codeigniter4/framework/system/View/View.php(220): include('/var/www/html/s...')
#2 /var/www/html/smartdepo/vendor/codeigniter4/framework/system/View/View.php(222): CodeIgniter\View\View->CodeIgniter\View\{closure}()
#3 /var/www/html/smartdepo/vendor/codeigniter4/framework/system/View/View.php(236): CodeIgniter\View\View->render('smartdepo/layou...', Array, true)
#4 /var/www/html/smartdepo/vendor/codeigniter4/framework/system/Common.php(1217): CodeIgniter\View\View->render('smartdepo/homep...', Array, true)
#5 /var/www/html/smartdepo/app/Controllers/Home.php(9): view('smartdepo/homep...')
#6 /var/www/html/smartdepo/vendor/codeigniter4/framework/system/CodeIgniter.php(935): App\Controllers\Home->index()
#7 /var/www/html/smartdepo/vendor/codeigniter4/framework/system/CodeIgniter.php(431): CodeIgniter\CodeIgniter->runController(Object(App\Controllers\Home))
#8 /var/www/html/smartdepo/vendor/codeigniter4/framework/system/CodeIgniter.php(332): CodeIgniter\CodeIgniter->handleRequest(NULL, Object(Config\Cache), false)
#9 /var/www/html/smartdepo/public/index.php(44): CodeIgniter\CodeIgniter->run()
#10 {main}
CRITICAL - 2021-08-03 12:47:13 --> Use of undefined constant SITENAME - assumed 'SITENAME' (this will throw an Error in a future version of PHP)
#0 /var/www/html/smartdepo/app/Views/smartdepo/layout/template.php(41): CodeIgniter\Debug\Exceptions->errorHandler(2, 'Use of undefine...', '/var/www/html/s...', 41, Array)
#1 /var/www/html/smartdepo/vendor/codeigniter4/framework/system/View/View.php(220): include('/var/www/html/s...')
#2 /var/www/html/smartdepo/vendor/codeigniter4/framework/system/View/View.php(222): CodeIgniter\View\View->CodeIgniter\View\{closure}()
#3 /var/www/html/smartdepo/vendor/codeigniter4/framework/system/View/View.php(236): CodeIgniter\View\View->render('smartdepo/layou...', Array, true)
#4 /var/www/html/smartdepo/vendor/codeigniter4/framework/system/Common.php(1217): CodeIgniter\View\View->render('smartdepo/homep...', Array, true)
#5 /var/www/html/smartdepo/app/Controllers/Home.php(9): view('smartdepo/homep...')
#6 /var/www/html/smartdepo/vendor/codeigniter4/framework/system/CodeIgniter.php(935): App\Controllers\Home->index()
#7 /var/www/html/smartdepo/vendor/codeigniter4/framework/system/CodeIgniter.php(431): CodeIgniter\CodeIgniter->runController(Object(App\Controllers\Home))
#8 /var/www/html/smartdepo/vendor/codeigniter4/framework/system/CodeIgniter.php(332): CodeIgniter\CodeIgniter->handleRequest(NULL, Object(Config\Cache), false)
#9 /var/www/html/smartdepo/public/index.php(44): CodeIgniter\CodeIgniter->run()
#10 {main}
CRITICAL - 2021-08-03 12:47:22 --> Use of undefined constant SITENAME - assumed 'SITENAME' (this will throw an Error in a future version of PHP)
#0 /var/www/html/smartdepo/app/Views/smartdepo/layout/template.php(41): CodeIgniter\Debug\Exceptions->errorHandler(2, 'Use of undefine...', '/var/www/html/s...', 41, Array)
#1 /var/www/html/smartdepo/vendor/codeigniter4/framework/system/View/View.php(220): include('/var/www/html/s...')
#2 /var/www/html/smartdepo/vendor/codeigniter4/framework/system/View/View.php(222): CodeIgniter\View\View->CodeIgniter\View\{closure}()
#3 /var/www/html/smartdepo/vendor/codeigniter4/framework/system/View/View.php(236): CodeIgniter\View\View->render('smartdepo/layou...', Array, true)
#4 /var/www/html/smartdepo/vendor/codeigniter4/framework/system/Common.php(1217): CodeIgniter\View\View->render('smartdepo/homep...', Array, true)
#5 /var/www/html/smartdepo/app/Controllers/Home.php(9): view('smartdepo/homep...')
#6 /var/www/html/smartdepo/vendor/codeigniter4/framework/system/CodeIgniter.php(935): App\Controllers\Home->index()
#7 /var/www/html/smartdepo/vendor/codeigniter4/framework/system/CodeIgniter.php(431): CodeIgniter\CodeIgniter->runController(Object(App\Controllers\Home))
#8 /var/www/html/smartdepo/vendor/codeigniter4/framework/system/CodeIgniter.php(332): CodeIgniter\CodeIgniter->handleRequest(NULL, Object(Config\Cache), false)
#9 /var/www/html/smartdepo/public/index.php(44): CodeIgniter\CodeIgniter->run()
#10 {main}
CRITICAL - 2021-08-03 12:50:53 --> Use of undefined constant SITENAME - assumed 'SITENAME' (this will throw an Error in a future version of PHP)
#0 /var/www/html/smartdepo/app/Views/smartdepo/layout/template.php(41): CodeIgniter\Debug\Exceptions->errorHandler(2, 'Use of undefine...', '/var/www/html/s...', 41, Array)
#1 /var/www/html/smartdepo/vendor/codeigniter4/framework/system/View/View.php(220): include('/var/www/html/s...')
#2 /var/www/html/smartdepo/vendor/codeigniter4/framework/system/View/View.php(222): CodeIgniter\View\View->CodeIgniter\View\{closure}()
#3 /var/www/html/smartdepo/vendor/codeigniter4/framework/system/View/View.php(236): CodeIgniter\View\View->render('smartdepo/layou...', Array, true)
#4 /var/www/html/smartdepo/vendor/codeigniter4/framework/system/Common.php(1217): CodeIgniter\View\View->render('smartdepo/homep...', Array, true)
#5 /var/www/html/smartdepo/app/Controllers/Home.php(9): view('smartdepo/homep...')
#6 /var/www/html/smartdepo/vendor/codeigniter4/framework/system/CodeIgniter.php(935): App\Controllers\Home->index()
#7 /var/www/html/smartdepo/vendor/codeigniter4/framework/system/CodeIgniter.php(431): CodeIgniter\CodeIgniter->runController(Object(App\Controllers\Home))
#8 /var/www/html/smartdepo/vendor/codeigniter4/framework/system/CodeIgniter.php(332): CodeIgniter\CodeIgniter->handleRequest(NULL, Object(Config\Cache), false)
#9 /var/www/html/smartdepo/public/index.php(44): CodeIgniter\CodeIgniter->run()
#10 {main}
CRITICAL - 2021-08-03 13:56:02 --> syntax error, unexpected 'home' (T_STRING), expecting ',' or ')'
#0 /var/www/html/smartdepo/vendor/codeigniter4/framework/system/View/View.php(222): CodeIgniter\View\View->CodeIgniter\View\{closure}()
#1 /var/www/html/smartdepo/vendor/codeigniter4/framework/system/View/View.php(468): CodeIgniter\View\View->render('smartdepo/layou...', NULL, true)
#2 /var/www/html/smartdepo/app/Views/smartdepo/layout/template.php(16): CodeIgniter\View\View->include('smartdepo/layou...')
#3 /var/www/html/smartdepo/vendor/codeigniter4/framework/system/View/View.php(220): include('/var/www/html/s...')
#4 /var/www/html/smartdepo/vendor/codeigniter4/framework/system/View/View.php(222): CodeIgniter\View\View->CodeIgniter\View\{closure}()
#5 /var/www/html/smartdepo/vendor/codeigniter4/framework/system/View/View.php(236): CodeIgniter\View\View->render('smartdepo/layou...', Array, true)
#6 /var/www/html/smartdepo/vendor/codeigniter4/framework/system/Common.php(1217): CodeIgniter\View\View->render('smartdepo/homep...', Array, true)
#7 /var/www/html/smartdepo/app/Controllers/Home.php(9): view('smartdepo/homep...')
#8 /var/www/html/smartdepo/vendor/codeigniter4/framework/system/CodeIgniter.php(935): App\Controllers\Home->index()
#9 /var/www/html/smartdepo/vendor/codeigniter4/framework/system/CodeIgniter.php(431): CodeIgniter\CodeIgniter->runController(Object(App\Controllers\Home))
#10 /var/www/html/smartdepo/vendor/codeigniter4/framework/system/CodeIgniter.php(332): CodeIgniter\CodeIgniter->handleRequest(NULL, Object(Config\Cache), false)
#11 /var/www/html/smartdepo/index.php(44): CodeIgniter\CodeIgniter->run()
#12 {main}
