CRITICAL - 2021-11-11 05:47:39 --> syntax error, unexpected '$_POST' (T_VARIABLE)
#0 /home/smartdepo/fe/vendor/codeigniter4/framework/system/Autoloader/Autoloader.php(241): CodeIgniter\Autoloader\Autoloader->includeFile('/home/smartdepo...')
#1 /home/smartdepo/fe/vendor/codeigniter4/framework/system/Autoloader/Autoloader.php(219): CodeIgniter\Autoloader\Autoloader->loadInNamespace('Modules\\GateOut...')
#2 [internal function]: CodeIgniter\Autoloader\Autoloader->loadClass('Modules\\GateOut...')
#3 [internal function]: spl_autoload_call('Modules\\GateOut...')
#4 /home/smartdepo/fe/vendor/codeigniter4/framework/system/CodeIgniter.php(767): class_exists('\\Modules\\GateOu...', true)
#5 /home/smartdepo/fe/vendor/codeigniter4/framework/system/CodeIgniter.php(386): CodeIgniter\CodeIgniter->startController()
#6 /home/smartdepo/fe/vendor/codeigniter4/framework/system/CodeIgniter.php(317): CodeIgniter\CodeIgniter->handleRequest(NULL, Object(Config\Cache), false)
#7 /home/smartdepo/fe/index.php(44): CodeIgniter\CodeIgniter->run()
#8 {main}
CRITICAL - 2021-11-11 05:50:54 --> syntax error, unexpected ';'
#0 /home/smartdepo/fe/vendor/codeigniter4/framework/system/Autoloader/Autoloader.php(241): CodeIgniter\Autoloader\Autoloader->includeFile('/home/smartdepo...')
#1 /home/smartdepo/fe/vendor/codeigniter4/framework/system/Autoloader/Autoloader.php(219): CodeIgniter\Autoloader\Autoloader->loadInNamespace('Modules\\GateOut...')
#2 [internal function]: CodeIgniter\Autoloader\Autoloader->loadClass('Modules\\GateOut...')
#3 [internal function]: spl_autoload_call('Modules\\GateOut...')
#4 /home/smartdepo/fe/vendor/codeigniter4/framework/system/CodeIgniter.php(767): class_exists('\\Modules\\GateOu...', true)
#5 /home/smartdepo/fe/vendor/codeigniter4/framework/system/CodeIgniter.php(386): CodeIgniter\CodeIgniter->startController()
#6 /home/smartdepo/fe/vendor/codeigniter4/framework/system/CodeIgniter.php(317): CodeIgniter\CodeIgniter->handleRequest(NULL, Object(Config\Cache), false)
#7 /home/smartdepo/fe/index.php(44): CodeIgniter\CodeIgniter->run()
#8 {main}
CRITICAL - 2021-11-11 05:51:37 --> syntax error, unexpected '$this' (T_VARIABLE)
#0 /home/smartdepo/fe/vendor/codeigniter4/framework/system/Autoloader/Autoloader.php(241): CodeIgniter\Autoloader\Autoloader->includeFile('/home/smartdepo...')
#1 /home/smartdepo/fe/vendor/codeigniter4/framework/system/Autoloader/Autoloader.php(219): CodeIgniter\Autoloader\Autoloader->loadInNamespace('Modules\\GateOut...')
#2 [internal function]: CodeIgniter\Autoloader\Autoloader->loadClass('Modules\\GateOut...')
#3 [internal function]: spl_autoload_call('Modules\\GateOut...')
#4 /home/smartdepo/fe/vendor/codeigniter4/framework/system/CodeIgniter.php(767): class_exists('\\Modules\\GateOu...', true)
#5 /home/smartdepo/fe/vendor/codeigniter4/framework/system/CodeIgniter.php(386): CodeIgniter\CodeIgniter->startController()
#6 /home/smartdepo/fe/vendor/codeigniter4/framework/system/CodeIgniter.php(317): CodeIgniter\CodeIgniter->handleRequest(NULL, Object(Config\Cache), false)
#7 /home/smartdepo/fe/index.php(44): CodeIgniter\CodeIgniter->run()
#8 {main}
CRITICAL - 2021-11-11 05:52:15 --> syntax error, unexpected ''data'' (T_CONSTANT_ENCAPSED_STRING), expecting ')'
#0 /home/smartdepo/fe/vendor/codeigniter4/framework/system/Autoloader/Autoloader.php(241): CodeIgniter\Autoloader\Autoloader->includeFile('/home/smartdepo...')
#1 /home/smartdepo/fe/vendor/codeigniter4/framework/system/Autoloader/Autoloader.php(219): CodeIgniter\Autoloader\Autoloader->loadInNamespace('Modules\\GateOut...')
#2 [internal function]: CodeIgniter\Autoloader\Autoloader->loadClass('Modules\\GateOut...')
#3 [internal function]: spl_autoload_call('Modules\\GateOut...')
#4 /home/smartdepo/fe/vendor/codeigniter4/framework/system/CodeIgniter.php(767): class_exists('\\Modules\\GateOu...', true)
#5 /home/smartdepo/fe/vendor/codeigniter4/framework/system/CodeIgniter.php(386): CodeIgniter\CodeIgniter->startController()
#6 /home/smartdepo/fe/vendor/codeigniter4/framework/system/CodeIgniter.php(317): CodeIgniter\CodeIgniter->handleRequest(NULL, Object(Config\Cache), false)
#7 /home/smartdepo/fe/index.php(44): CodeIgniter\CodeIgniter->run()
#8 {main}
CRITICAL - 2021-11-11 05:52:47 --> syntax error, unexpected ''data'' (T_CONSTANT_ENCAPSED_STRING), expecting ')'
#0 /home/smartdepo/fe/vendor/codeigniter4/framework/system/Autoloader/Autoloader.php(241): CodeIgniter\Autoloader\Autoloader->includeFile('/home/smartdepo...')
#1 /home/smartdepo/fe/vendor/codeigniter4/framework/system/Autoloader/Autoloader.php(219): CodeIgniter\Autoloader\Autoloader->loadInNamespace('Modules\\GateOut...')
#2 [internal function]: CodeIgniter\Autoloader\Autoloader->loadClass('Modules\\GateOut...')
#3 [internal function]: spl_autoload_call('Modules\\GateOut...')
#4 /home/smartdepo/fe/vendor/codeigniter4/framework/system/CodeIgniter.php(767): class_exists('\\Modules\\GateOu...', true)
#5 /home/smartdepo/fe/vendor/codeigniter4/framework/system/CodeIgniter.php(386): CodeIgniter\CodeIgniter->startController()
#6 /home/smartdepo/fe/vendor/codeigniter4/framework/system/CodeIgniter.php(317): CodeIgniter\CodeIgniter->handleRequest(NULL, Object(Config\Cache), false)
#7 /home/smartdepo/fe/index.php(44): CodeIgniter\CodeIgniter->run()
#8 {main}
CRITICAL - 2021-11-11 05:53:08 --> Undefined index: CRNO
#0 /home/smartdepo/fe/modules/GateOut/Controllers/GateOut.php(73): CodeIgniter\Debug\Exceptions->errorHandler(8, 'Undefined index...', '/home/smartdepo...', 73, Array)
#1 /home/smartdepo/fe/vendor/codeigniter4/framework/system/CodeIgniter.php(802): Modules\GateOut\Controllers\GateOut->list_data()
#2 /home/smartdepo/fe/vendor/codeigniter4/framework/system/CodeIgniter.php(399): CodeIgniter\CodeIgniter->runController(Object(Modules\GateOut\Controllers\GateOut))
#3 /home/smartdepo/fe/vendor/codeigniter4/framework/system/CodeIgniter.php(317): CodeIgniter\CodeIgniter->handleRequest(NULL, Object(Config\Cache), false)
#4 /home/smartdepo/fe/index.php(44): CodeIgniter\CodeIgniter->run()
#5 {main}
CRITICAL - 2021-11-11 06:13:50 --> Undefined variable: data
#0 /home/smartdepo/fe/modules/GateOut/Views/index_data.php(21): CodeIgniter\Debug\Exceptions->errorHandler(8, 'Undefined varia...', '/home/smartdepo...', 21, Array)
#1 /home/smartdepo/fe/vendor/codeigniter4/framework/system/View/View.php(214): include('/home/smartdepo...')
#2 /home/smartdepo/fe/vendor/codeigniter4/framework/system/View/View.php(217): CodeIgniter\View\View->CodeIgniter\View\{closure}()
#3 /home/smartdepo/fe/vendor/codeigniter4/framework/system/View/View.php(432): CodeIgniter\View\View->render('\\Modules\\GateOu...', NULL, true)
#4 /home/smartdepo/fe/modules/GateOut/Views/index.php(34): CodeIgniter\View\View->include('\\Modules\\GateOu...')
#5 /home/smartdepo/fe/vendor/codeigniter4/framework/system/View/View.php(214): include('/home/smartdepo...')
#6 /home/smartdepo/fe/vendor/codeigniter4/framework/system/View/View.php(217): CodeIgniter\View\View->CodeIgniter\View\{closure}()
#7 /home/smartdepo/fe/vendor/codeigniter4/framework/system/Common.php(1092): CodeIgniter\View\View->render('Modules\\GateOut...', Array, true)
#8 /home/smartdepo/fe/modules/GateOut/Controllers/GateOut.php(39): view('Modules\\GateOut...', Array)
#9 /home/smartdepo/fe/vendor/codeigniter4/framework/system/CodeIgniter.php(802): Modules\GateOut\Controllers\GateOut->index()
#10 /home/smartdepo/fe/vendor/codeigniter4/framework/system/CodeIgniter.php(399): CodeIgniter\CodeIgniter->runController(Object(Modules\GateOut\Controllers\GateOut))
#11 /home/smartdepo/fe/vendor/codeigniter4/framework/system/CodeIgniter.php(317): CodeIgniter\CodeIgniter->handleRequest(NULL, Object(Config\Cache), false)
#12 /home/smartdepo/fe/index.php(44): CodeIgniter\CodeIgniter->run()
#13 {main}
CRITICAL - 2021-11-11 06:52:04 --> unlink(/home/smartdepo/fe/writable/debugbar/debugbar_1636634943.json): No such file or directory
#0 [internal function]: CodeIgniter\Debug\Exceptions->errorHandler(2, 'unlink(/home/sm...', '/home/smartdepo...', 74, Array)
#1 /home/smartdepo/fe/vendor/codeigniter4/framework/system/Debug/Toolbar/Collectors/History.php(74): unlink('/home/smartdepo...')
#2 /home/smartdepo/fe/vendor/codeigniter4/framework/system/Debug/Toolbar.php(399): CodeIgniter\Debug\Toolbar\Collectors\History->setFiles(1636635123, 20)
#3 /home/smartdepo/fe/vendor/codeigniter4/framework/system/Debug/Toolbar.php(375): CodeIgniter\Debug\Toolbar->format(Array, 'html')
#4 /home/smartdepo/fe/app/Config/Events.php(52): CodeIgniter\Debug\Toolbar->respond()
#5 /home/smartdepo/fe/vendor/codeigniter4/framework/system/Events/Events.php(149): CodeIgniter\Events\Events::Config\{closure}()
#6 /home/smartdepo/fe/vendor/codeigniter4/framework/system/CodeIgniter.php(299): CodeIgniter\Events\Events::trigger('pre_system')
#7 /home/smartdepo/fe/index.php(44): CodeIgniter\CodeIgniter->run()
#8 {main}
