CRITICAL - 2021-11-09 22:16:01 --> Use of undefined constant has_insert - assumed 'has_insert' (this will throw an Error in a future version of PHP)
#0 /home/smartdepo/fe/modules/GateOut/Views/index.php(28): CodeIgniter\Debug\Exceptions->errorHandler(2, 'Use of undefine...', '/home/smartdepo...', 28, Array)
#1 /home/smartdepo/fe/vendor/codeigniter4/framework/system/View/View.php(214): include('/home/smartdepo...')
#2 /home/smartdepo/fe/vendor/codeigniter4/framework/system/View/View.php(217): CodeIgniter\View\View->CodeIgniter\View\{closure}()
#3 /home/smartdepo/fe/vendor/codeigniter4/framework/system/Common.php(1092): CodeIgniter\View\View->render('Modules\\GateOut...', Array, true)
#4 /home/smartdepo/fe/modules/GateOut/Controllers/GateOut.php(49): view('Modules\\GateOut...', Array)
#5 /home/smartdepo/fe/vendor/codeigniter4/framework/system/CodeIgniter.php(802): Modules\GateOut\Controllers\GateOut->index()
#6 /home/smartdepo/fe/vendor/codeigniter4/framework/system/CodeIgniter.php(399): CodeIgniter\CodeIgniter->runController(Object(Modules\GateOut\Controllers\GateOut))
#7 /home/smartdepo/fe/vendor/codeigniter4/framework/system/CodeIgniter.php(317): CodeIgniter\CodeIgniter->handleRequest(NULL, Object(Config\Cache), false)
#8 /home/smartdepo/fe/index.php(44): CodeIgniter\CodeIgniter->run()
#9 {main}
CRITICAL - 2021-11-09 22:16:29 --> Use of undefined constant has_insert - assumed 'has_insert' (this will throw an Error in a future version of PHP)
#0 /home/smartdepo/fe/modules/GateOut/Views/index.php(28): CodeIgniter\Debug\Exceptions->errorHandler(2, 'Use of undefine...', '/home/smartdepo...', 28, Array)
#1 /home/smartdepo/fe/vendor/codeigniter4/framework/system/View/View.php(214): include('/home/smartdepo...')
#2 /home/smartdepo/fe/vendor/codeigniter4/framework/system/View/View.php(217): CodeIgniter\View\View->CodeIgniter\View\{closure}()
#3 /home/smartdepo/fe/vendor/codeigniter4/framework/system/Common.php(1092): CodeIgniter\View\View->render('Modules\\GateOut...', Array, true)
#4 /home/smartdepo/fe/modules/GateOut/Controllers/GateOut.php(49): view('Modules\\GateOut...', Array)
#5 /home/smartdepo/fe/vendor/codeigniter4/framework/system/CodeIgniter.php(802): Modules\GateOut\Controllers\GateOut->index()
#6 /home/smartdepo/fe/vendor/codeigniter4/framework/system/CodeIgniter.php(399): CodeIgniter\CodeIgniter->runController(Object(Modules\GateOut\Controllers\GateOut))
#7 /home/smartdepo/fe/vendor/codeigniter4/framework/system/CodeIgniter.php(317): CodeIgniter\CodeIgniter->handleRequest(NULL, Object(Config\Cache), false)
#8 /home/smartdepo/fe/index.php(44): CodeIgniter\CodeIgniter->run()
#9 {main}
CRITICAL - 2021-11-09 22:17:00 --> Allowed memory size of 134217728 bytes exhausted (tried to allocate 20480 bytes)
#0 [internal function]: CodeIgniter\Debug\Exceptions->shutdownHandler()
#1 {main}
CRITICAL - 2021-11-09 22:17:45 --> Undefined variable: data
#0 /home/smartdepo/fe/modules/GateOut/Views/index_data.php(1): CodeIgniter\Debug\Exceptions->errorHandler(8, 'Undefined varia...', '/home/smartdepo...', 1, Array)
#1 /home/smartdepo/fe/vendor/codeigniter4/framework/system/View/View.php(214): include('/home/smartdepo...')
#2 /home/smartdepo/fe/vendor/codeigniter4/framework/system/View/View.php(217): CodeIgniter\View\View->CodeIgniter\View\{closure}()
#3 /home/smartdepo/fe/vendor/codeigniter4/framework/system/View/View.php(432): CodeIgniter\View\View->render('\\Modules\\GateOu...', NULL, true)
#4 /home/smartdepo/fe/modules/GateOut/Views/index.php(34): CodeIgniter\View\View->include('\\Modules\\GateOu...')
#5 /home/smartdepo/fe/vendor/codeigniter4/framework/system/View/View.php(214): include('/home/smartdepo...')
#6 /home/smartdepo/fe/vendor/codeigniter4/framework/system/View/View.php(217): CodeIgniter\View\View->CodeIgniter\View\{closure}()
#7 /home/smartdepo/fe/vendor/codeigniter4/framework/system/Common.php(1092): CodeIgniter\View\View->render('Modules\\GateOut...', Array, true)
#8 /home/smartdepo/fe/modules/GateOut/Controllers/GateOut.php(49): view('Modules\\GateOut...', Array)
#9 /home/smartdepo/fe/vendor/codeigniter4/framework/system/CodeIgniter.php(802): Modules\GateOut\Controllers\GateOut->index()
#10 /home/smartdepo/fe/vendor/codeigniter4/framework/system/CodeIgniter.php(399): CodeIgniter\CodeIgniter->runController(Object(Modules\GateOut\Controllers\GateOut))
#11 /home/smartdepo/fe/vendor/codeigniter4/framework/system/CodeIgniter.php(317): CodeIgniter\CodeIgniter->handleRequest(NULL, Object(Config\Cache), false)
#12 /home/smartdepo/fe/index.php(44): CodeIgniter\CodeIgniter->run()
#13 {main}
CRITICAL - 2021-11-09 22:18:30 --> Use of undefined constant has_edit - assumed 'has_edit' (this will throw an Error in a future version of PHP)
#0 /home/smartdepo/fe/modules/GateOut/Views/index_data.php(36): CodeIgniter\Debug\Exceptions->errorHandler(2, 'Use of undefine...', '/home/smartdepo...', 36, Array)
#1 /home/smartdepo/fe/vendor/codeigniter4/framework/system/View/View.php(214): include('/home/smartdepo...')
#2 /home/smartdepo/fe/vendor/codeigniter4/framework/system/View/View.php(217): CodeIgniter\View\View->CodeIgniter\View\{closure}()
#3 /home/smartdepo/fe/vendor/codeigniter4/framework/system/View/View.php(432): CodeIgniter\View\View->render('\\Modules\\GateOu...', NULL, true)
#4 /home/smartdepo/fe/modules/GateOut/Views/index.php(34): CodeIgniter\View\View->include('\\Modules\\GateOu...')
#5 /home/smartdepo/fe/vendor/codeigniter4/framework/system/View/View.php(214): include('/home/smartdepo...')
#6 /home/smartdepo/fe/vendor/codeigniter4/framework/system/View/View.php(217): CodeIgniter\View\View->CodeIgniter\View\{closure}()
#7 /home/smartdepo/fe/vendor/codeigniter4/framework/system/Common.php(1092): CodeIgniter\View\View->render('Modules\\GateOut...', Array, true)
#8 /home/smartdepo/fe/modules/GateOut/Controllers/GateOut.php(48): view('Modules\\GateOut...', Array)
#9 /home/smartdepo/fe/vendor/codeigniter4/framework/system/CodeIgniter.php(802): Modules\GateOut\Controllers\GateOut->index()
#10 /home/smartdepo/fe/vendor/codeigniter4/framework/system/CodeIgniter.php(399): CodeIgniter\CodeIgniter->runController(Object(Modules\GateOut\Controllers\GateOut))
#11 /home/smartdepo/fe/vendor/codeigniter4/framework/system/CodeIgniter.php(317): CodeIgniter\CodeIgniter->handleRequest(NULL, Object(Config\Cache), false)
#12 /home/smartdepo/fe/index.php(44): CodeIgniter\CodeIgniter->run()
#13 {main}
CRITICAL - 2021-11-09 22:18:58 --> Use of undefined constant has_edit - assumed 'has_edit' (this will throw an Error in a future version of PHP)
#0 /home/smartdepo/fe/modules/GateOut/Views/index_data.php(36): CodeIgniter\Debug\Exceptions->errorHandler(2, 'Use of undefine...', '/home/smartdepo...', 36, Array)
#1 /home/smartdepo/fe/vendor/codeigniter4/framework/system/View/View.php(214): include('/home/smartdepo...')
#2 /home/smartdepo/fe/vendor/codeigniter4/framework/system/View/View.php(217): CodeIgniter\View\View->CodeIgniter\View\{closure}()
#3 /home/smartdepo/fe/vendor/codeigniter4/framework/system/View/View.php(432): CodeIgniter\View\View->render('\\Modules\\GateOu...', NULL, true)
#4 /home/smartdepo/fe/modules/GateOut/Views/index.php(34): CodeIgniter\View\View->include('\\Modules\\GateOu...')
#5 /home/smartdepo/fe/vendor/codeigniter4/framework/system/View/View.php(214): include('/home/smartdepo...')
#6 /home/smartdepo/fe/vendor/codeigniter4/framework/system/View/View.php(217): CodeIgniter\View\View->CodeIgniter\View\{closure}()
#7 /home/smartdepo/fe/vendor/codeigniter4/framework/system/Common.php(1092): CodeIgniter\View\View->render('Modules\\GateOut...', Array, true)
#8 /home/smartdepo/fe/modules/GateOut/Controllers/GateOut.php(48): view('Modules\\GateOut...', Array)
#9 /home/smartdepo/fe/vendor/codeigniter4/framework/system/CodeIgniter.php(802): Modules\GateOut\Controllers\GateOut->index()
#10 /home/smartdepo/fe/vendor/codeigniter4/framework/system/CodeIgniter.php(399): CodeIgniter\CodeIgniter->runController(Object(Modules\GateOut\Controllers\GateOut))
#11 /home/smartdepo/fe/vendor/codeigniter4/framework/system/CodeIgniter.php(317): CodeIgniter\CodeIgniter->handleRequest(NULL, Object(Config\Cache), false)
#12 /home/smartdepo/fe/index.php(44): CodeIgniter\CodeIgniter->run()
#13 {main}
CRITICAL - 2021-11-09 22:19:43 --> Undefined variable: datas
#0 /home/smartdepo/fe/modules/GateOut/Views/index_data.php(25): CodeIgniter\Debug\Exceptions->errorHandler(8, 'Undefined varia...', '/home/smartdepo...', 25, Array)
#1 /home/smartdepo/fe/vendor/codeigniter4/framework/system/View/View.php(214): include('/home/smartdepo...')
#2 /home/smartdepo/fe/vendor/codeigniter4/framework/system/View/View.php(217): CodeIgniter\View\View->CodeIgniter\View\{closure}()
#3 /home/smartdepo/fe/vendor/codeigniter4/framework/system/View/View.php(432): CodeIgniter\View\View->render('\\Modules\\GateOu...', NULL, true)
#4 /home/smartdepo/fe/modules/GateOut/Views/index.php(34): CodeIgniter\View\View->include('\\Modules\\GateOu...')
#5 /home/smartdepo/fe/vendor/codeigniter4/framework/system/View/View.php(214): include('/home/smartdepo...')
#6 /home/smartdepo/fe/vendor/codeigniter4/framework/system/View/View.php(217): CodeIgniter\View\View->CodeIgniter\View\{closure}()
#7 /home/smartdepo/fe/vendor/codeigniter4/framework/system/Common.php(1092): CodeIgniter\View\View->render('Modules\\GateOut...', Array, true)
#8 /home/smartdepo/fe/modules/GateOut/Controllers/GateOut.php(48): view('Modules\\GateOut...', Array)
#9 /home/smartdepo/fe/vendor/codeigniter4/framework/system/CodeIgniter.php(802): Modules\GateOut\Controllers\GateOut->index()
#10 /home/smartdepo/fe/vendor/codeigniter4/framework/system/CodeIgniter.php(399): CodeIgniter\CodeIgniter->runController(Object(Modules\GateOut\Controllers\GateOut))
#11 /home/smartdepo/fe/vendor/codeigniter4/framework/system/CodeIgniter.php(317): CodeIgniter\CodeIgniter->handleRequest(NULL, Object(Config\Cache), false)
#12 /home/smartdepo/fe/index.php(44): CodeIgniter\CodeIgniter->run()
#13 {main}
CRITICAL - 2021-11-09 22:20:26 --> Undefined index: datas
#0 /home/smartdepo/fe/modules/GateOut/Views/index_data.php(25): CodeIgniter\Debug\Exceptions->errorHandler(8, 'Undefined index...', '/home/smartdepo...', 25, Array)
#1 /home/smartdepo/fe/vendor/codeigniter4/framework/system/View/View.php(214): include('/home/smartdepo...')
#2 /home/smartdepo/fe/vendor/codeigniter4/framework/system/View/View.php(217): CodeIgniter\View\View->CodeIgniter\View\{closure}()
#3 /home/smartdepo/fe/vendor/codeigniter4/framework/system/View/View.php(432): CodeIgniter\View\View->render('\\Modules\\GateOu...', NULL, true)
#4 /home/smartdepo/fe/modules/GateOut/Views/index.php(34): CodeIgniter\View\View->include('\\Modules\\GateOu...')
#5 /home/smartdepo/fe/vendor/codeigniter4/framework/system/View/View.php(214): include('/home/smartdepo...')
#6 /home/smartdepo/fe/vendor/codeigniter4/framework/system/View/View.php(217): CodeIgniter\View\View->CodeIgniter\View\{closure}()
#7 /home/smartdepo/fe/vendor/codeigniter4/framework/system/Common.php(1092): CodeIgniter\View\View->render('Modules\\GateOut...', Array, true)
#8 /home/smartdepo/fe/modules/GateOut/Controllers/GateOut.php(48): view('Modules\\GateOut...', Array)
#9 /home/smartdepo/fe/vendor/codeigniter4/framework/system/CodeIgniter.php(802): Modules\GateOut\Controllers\GateOut->index()
#10 /home/smartdepo/fe/vendor/codeigniter4/framework/system/CodeIgniter.php(399): CodeIgniter\CodeIgniter->runController(Object(Modules\GateOut\Controllers\GateOut))
#11 /home/smartdepo/fe/vendor/codeigniter4/framework/system/CodeIgniter.php(317): CodeIgniter\CodeIgniter->handleRequest(NULL, Object(Config\Cache), false)
#12 /home/smartdepo/fe/index.php(44): CodeIgniter\CodeIgniter->run()
#13 {main}
CRITICAL - 2021-11-09 22:21:30 --> Allowed memory size of 134217728 bytes exhausted (tried to allocate 21895128 bytes)
#0 [internal function]: CodeIgniter\Debug\Exceptions->shutdownHandler()
#1 {main}
CRITICAL - 2021-11-09 22:22:17 --> Allowed memory size of 134217728 bytes exhausted (tried to allocate 20480 bytes)
#0 [internal function]: CodeIgniter\Debug\Exceptions->shutdownHandler()
#1 {main}
CRITICAL - 2021-11-09 22:22:43 --> Allowed memory size of 134217728 bytes exhausted (tried to allocate 6295376 bytes)
#0 [internal function]: CodeIgniter\Debug\Exceptions->shutdownHandler()
#1 {main}
CRITICAL - 2021-11-09 22:24:31 --> Allowed memory size of 134217728 bytes exhausted (tried to allocate 2099984 bytes)
#0 [internal function]: CodeIgniter\Debug\Exceptions->shutdownHandler()
#1 {main}
CRITICAL - 2021-11-09 22:26:12 --> Allowed memory size of 134217728 bytes exhausted (tried to allocate 2099984 bytes)
#0 [internal function]: CodeIgniter\Debug\Exceptions->shutdownHandler()
#1 {main}
CRITICAL - 2021-11-09 22:56:02 --> Undefined index: data
#0 /home/smartdepo/fe/app/Helpers/app_helper.php(80): CodeIgniter\Debug\Exceptions->errorHandler(8, 'Undefined index...', '/home/smartdepo...', 80, Array)
#1 /home/smartdepo/fe/modules/GateOut/Controllers/GateOut.php(17): has_privilege('gateout', '_view')
#2 /home/smartdepo/fe/vendor/codeigniter4/framework/system/CodeIgniter.php(802): Modules\GateOut\Controllers\GateOut->index()
#3 /home/smartdepo/fe/vendor/codeigniter4/framework/system/CodeIgniter.php(399): CodeIgniter\CodeIgniter->runController(Object(Modules\GateOut\Controllers\GateOut))
#4 /home/smartdepo/fe/vendor/codeigniter4/framework/system/CodeIgniter.php(317): CodeIgniter\CodeIgniter->handleRequest(NULL, Object(Config\Cache), false)
#5 /home/smartdepo/fe/index.php(44): CodeIgniter\CodeIgniter->run()
#6 {main}
CRITICAL - 2021-11-09 22:57:01 --> Undefined index: data
#0 /home/smartdepo/fe/app/Helpers/app_helper.php(80): CodeIgniter\Debug\Exceptions->errorHandler(8, 'Undefined index...', '/home/smartdepo...', 80, Array)
#1 /home/smartdepo/fe/modules/GateOut/Controllers/GateOut.php(17): has_privilege('gateout', '_view')
#2 /home/smartdepo/fe/vendor/codeigniter4/framework/system/CodeIgniter.php(802): Modules\GateOut\Controllers\GateOut->index()
#3 /home/smartdepo/fe/vendor/codeigniter4/framework/system/CodeIgniter.php(399): CodeIgniter\CodeIgniter->runController(Object(Modules\GateOut\Controllers\GateOut))
#4 /home/smartdepo/fe/vendor/codeigniter4/framework/system/CodeIgniter.php(317): CodeIgniter\CodeIgniter->handleRequest(NULL, Object(Config\Cache), false)
#5 /home/smartdepo/fe/index.php(44): CodeIgniter\CodeIgniter->run()
#6 {main}
CRITICAL - 2021-11-09 22:57:52 --> Undefined index: data
#0 /home/smartdepo/fe/app/Helpers/app_helper.php(80): CodeIgniter\Debug\Exceptions->errorHandler(8, 'Undefined index...', '/home/smartdepo...', 80, Array)
#1 /home/smartdepo/fe/modules/GateOut/Controllers/GateOut.php(17): has_privilege('gateout', '_view')
#2 /home/smartdepo/fe/vendor/codeigniter4/framework/system/CodeIgniter.php(802): Modules\GateOut\Controllers\GateOut->index()
#3 /home/smartdepo/fe/vendor/codeigniter4/framework/system/CodeIgniter.php(399): CodeIgniter\CodeIgniter->runController(Object(Modules\GateOut\Controllers\GateOut))
#4 /home/smartdepo/fe/vendor/codeigniter4/framework/system/CodeIgniter.php(317): CodeIgniter\CodeIgniter->handleRequest(NULL, Object(Config\Cache), false)
#5 /home/smartdepo/fe/index.php(44): CodeIgniter\CodeIgniter->run()
#6 {main}
CRITICAL - 2021-11-09 22:57:56 --> Undefined index: data
#0 /home/smartdepo/fe/app/Helpers/app_helper.php(80): CodeIgniter\Debug\Exceptions->errorHandler(8, 'Undefined index...', '/home/smartdepo...', 80, Array)
#1 /home/smartdepo/fe/modules/PraIn/Controllers/PraIn.php(17): has_privilege('prain', '_view')
#2 /home/smartdepo/fe/vendor/codeigniter4/framework/system/CodeIgniter.php(802): Modules\PraIn\Controllers\PraIn->index()
#3 /home/smartdepo/fe/vendor/codeigniter4/framework/system/CodeIgniter.php(399): CodeIgniter\CodeIgniter->runController(Object(Modules\PraIn\Controllers\PraIn))
#4 /home/smartdepo/fe/vendor/codeigniter4/framework/system/CodeIgniter.php(317): CodeIgniter\CodeIgniter->handleRequest(NULL, Object(Config\Cache), false)
#5 /home/smartdepo/fe/index.php(44): CodeIgniter\CodeIgniter->run()
#6 {main}
CRITICAL - 2021-11-09 23:41:57 --> Undefined offset: 0
#0 /home/smartdepo/fe/modules/RepoIn/Views/list_order_pra.php(4): CodeIgniter\Debug\Exceptions->errorHandler(8, 'Undefined offse...', '/home/smartdepo...', 4, Array)
#1 /home/smartdepo/fe/vendor/codeigniter4/framework/system/View/View.php(214): include('/home/smartdepo...')
#2 /home/smartdepo/fe/vendor/codeigniter4/framework/system/View/View.php(217): CodeIgniter\View\View->CodeIgniter\View\{closure}()
#3 /home/smartdepo/fe/vendor/codeigniter4/framework/system/View/View.php(432): CodeIgniter\View\View->render('\\Modules\\RepoIn...', NULL, true)
#4 /home/smartdepo/fe/modules/RepoIn/Views/index.php(32): CodeIgniter\View\View->include('\\Modules\\RepoIn...')
#5 /home/smartdepo/fe/vendor/codeigniter4/framework/system/View/View.php(214): include('/home/smartdepo...')
#6 /home/smartdepo/fe/vendor/codeigniter4/framework/system/View/View.php(217): CodeIgniter\View\View->CodeIgniter\View\{closure}()
#7 /home/smartdepo/fe/vendor/codeigniter4/framework/system/Common.php(1092): CodeIgniter\View\View->render('Modules\\RepoIn\\...', Array, true)
#8 /home/smartdepo/fe/modules/RepoIn/Controllers/RepoIn.php(45): view('Modules\\RepoIn\\...', Array)
#9 /home/smartdepo/fe/vendor/codeigniter4/framework/system/CodeIgniter.php(802): Modules\RepoIn\Controllers\RepoIn->index()
#10 /home/smartdepo/fe/vendor/codeigniter4/framework/system/CodeIgniter.php(399): CodeIgniter\CodeIgniter->runController(Object(Modules\RepoIn\Controllers\RepoIn))
#11 /home/smartdepo/fe/vendor/codeigniter4/framework/system/CodeIgniter.php(317): CodeIgniter\CodeIgniter->handleRequest(NULL, Object(Config\Cache), false)
#12 /home/smartdepo/fe/index.php(44): CodeIgniter\CodeIgniter->run()
#13 {main}
CRITICAL - 2021-11-09 23:43:23 --> syntax error, unexpected 'endif' (T_ENDIF), expecting end of file
#0 /home/smartdepo/fe/vendor/codeigniter4/framework/system/View/View.php(217): CodeIgniter\View\View->CodeIgniter\View\{closure}()
#1 /home/smartdepo/fe/vendor/codeigniter4/framework/system/View/View.php(432): CodeIgniter\View\View->render('\\Modules\\RepoIn...', NULL, true)
#2 /home/smartdepo/fe/modules/RepoIn/Views/index.php(32): CodeIgniter\View\View->include('\\Modules\\RepoIn...')
#3 /home/smartdepo/fe/vendor/codeigniter4/framework/system/View/View.php(214): include('/home/smartdepo...')
#4 /home/smartdepo/fe/vendor/codeigniter4/framework/system/View/View.php(217): CodeIgniter\View\View->CodeIgniter\View\{closure}()
#5 /home/smartdepo/fe/vendor/codeigniter4/framework/system/Common.php(1092): CodeIgniter\View\View->render('Modules\\RepoIn\\...', Array, true)
#6 /home/smartdepo/fe/modules/RepoIn/Controllers/RepoIn.php(45): view('Modules\\RepoIn\\...', Array)
#7 /home/smartdepo/fe/vendor/codeigniter4/framework/system/CodeIgniter.php(802): Modules\RepoIn\Controllers\RepoIn->index()
#8 /home/smartdepo/fe/vendor/codeigniter4/framework/system/CodeIgniter.php(399): CodeIgniter\CodeIgniter->runController(Object(Modules\RepoIn\Controllers\RepoIn))
#9 /home/smartdepo/fe/vendor/codeigniter4/framework/system/CodeIgniter.php(317): CodeIgniter\CodeIgniter->handleRequest(NULL, Object(Config\Cache), false)
#10 /home/smartdepo/fe/index.php(44): CodeIgniter\CodeIgniter->run()
#11 {main}
CRITICAL - 2021-11-09 23:43:30 --> syntax error, unexpected 'endif' (T_ENDIF), expecting end of file
#0 /home/smartdepo/fe/vendor/codeigniter4/framework/system/View/View.php(217): CodeIgniter\View\View->CodeIgniter\View\{closure}()
#1 /home/smartdepo/fe/vendor/codeigniter4/framework/system/View/View.php(432): CodeIgniter\View\View->render('\\Modules\\RepoIn...', NULL, true)
#2 /home/smartdepo/fe/modules/RepoIn/Views/index.php(32): CodeIgniter\View\View->include('\\Modules\\RepoIn...')
#3 /home/smartdepo/fe/vendor/codeigniter4/framework/system/View/View.php(214): include('/home/smartdepo...')
#4 /home/smartdepo/fe/vendor/codeigniter4/framework/system/View/View.php(217): CodeIgniter\View\View->CodeIgniter\View\{closure}()
#5 /home/smartdepo/fe/vendor/codeigniter4/framework/system/Common.php(1092): CodeIgniter\View\View->render('Modules\\RepoIn\\...', Array, true)
#6 /home/smartdepo/fe/modules/RepoIn/Controllers/RepoIn.php(45): view('Modules\\RepoIn\\...', Array)
#7 /home/smartdepo/fe/vendor/codeigniter4/framework/system/CodeIgniter.php(802): Modules\RepoIn\Controllers\RepoIn->index()
#8 /home/smartdepo/fe/vendor/codeigniter4/framework/system/CodeIgniter.php(399): CodeIgniter\CodeIgniter->runController(Object(Modules\RepoIn\Controllers\RepoIn))
#9 /home/smartdepo/fe/vendor/codeigniter4/framework/system/CodeIgniter.php(317): CodeIgniter\CodeIgniter->handleRequest(NULL, Object(Config\Cache), false)
#10 /home/smartdepo/fe/index.php(44): CodeIgniter\CodeIgniter->run()
#11 {main}
CRITICAL - 2021-11-09 23:43:44 --> syntax error, unexpected 'endif' (T_ENDIF), expecting end of file
#0 /home/smartdepo/fe/vendor/codeigniter4/framework/system/View/View.php(217): CodeIgniter\View\View->CodeIgniter\View\{closure}()
#1 /home/smartdepo/fe/vendor/codeigniter4/framework/system/View/View.php(432): CodeIgniter\View\View->render('\\Modules\\RepoIn...', NULL, true)
#2 /home/smartdepo/fe/modules/RepoIn/Views/index.php(32): CodeIgniter\View\View->include('\\Modules\\RepoIn...')
#3 /home/smartdepo/fe/vendor/codeigniter4/framework/system/View/View.php(214): include('/home/smartdepo...')
#4 /home/smartdepo/fe/vendor/codeigniter4/framework/system/View/View.php(217): CodeIgniter\View\View->CodeIgniter\View\{closure}()
#5 /home/smartdepo/fe/vendor/codeigniter4/framework/system/Common.php(1092): CodeIgniter\View\View->render('Modules\\RepoIn\\...', Array, true)
#6 /home/smartdepo/fe/modules/RepoIn/Controllers/RepoIn.php(45): view('Modules\\RepoIn\\...', Array)
#7 /home/smartdepo/fe/vendor/codeigniter4/framework/system/CodeIgniter.php(802): Modules\RepoIn\Controllers\RepoIn->index()
#8 /home/smartdepo/fe/vendor/codeigniter4/framework/system/CodeIgniter.php(399): CodeIgniter\CodeIgniter->runController(Object(Modules\RepoIn\Controllers\RepoIn))
#9 /home/smartdepo/fe/vendor/codeigniter4/framework/system/CodeIgniter.php(317): CodeIgniter\CodeIgniter->handleRequest(NULL, Object(Config\Cache), false)
#10 /home/smartdepo/fe/index.php(44): CodeIgniter\CodeIgniter->run()
#11 {main}
CRITICAL - 2021-11-09 23:43:47 --> syntax error, unexpected 'endif' (T_ENDIF), expecting end of file
#0 /home/smartdepo/fe/vendor/codeigniter4/framework/system/View/View.php(217): CodeIgniter\View\View->CodeIgniter\View\{closure}()
#1 /home/smartdepo/fe/vendor/codeigniter4/framework/system/View/View.php(432): CodeIgniter\View\View->render('\\Modules\\RepoIn...', NULL, true)
#2 /home/smartdepo/fe/modules/RepoIn/Views/index.php(32): CodeIgniter\View\View->include('\\Modules\\RepoIn...')
#3 /home/smartdepo/fe/vendor/codeigniter4/framework/system/View/View.php(214): include('/home/smartdepo...')
#4 /home/smartdepo/fe/vendor/codeigniter4/framework/system/View/View.php(217): CodeIgniter\View\View->CodeIgniter\View\{closure}()
#5 /home/smartdepo/fe/vendor/codeigniter4/framework/system/Common.php(1092): CodeIgniter\View\View->render('Modules\\RepoIn\\...', Array, true)
#6 /home/smartdepo/fe/modules/RepoIn/Controllers/RepoIn.php(45): view('Modules\\RepoIn\\...', Array)
#7 /home/smartdepo/fe/vendor/codeigniter4/framework/system/CodeIgniter.php(802): Modules\RepoIn\Controllers\RepoIn->index()
#8 /home/smartdepo/fe/vendor/codeigniter4/framework/system/CodeIgniter.php(399): CodeIgniter\CodeIgniter->runController(Object(Modules\RepoIn\Controllers\RepoIn))
#9 /home/smartdepo/fe/vendor/codeigniter4/framework/system/CodeIgniter.php(317): CodeIgniter\CodeIgniter->handleRequest(NULL, Object(Config\Cache), false)
#10 /home/smartdepo/fe/index.php(44): CodeIgniter\CodeIgniter->run()
#11 {main}
CRITICAL - 2021-11-09 23:44:13 --> syntax error, unexpected 'else' (T_ELSE)
#0 /home/smartdepo/fe/vendor/codeigniter4/framework/system/View/View.php(217): CodeIgniter\View\View->CodeIgniter\View\{closure}()
#1 /home/smartdepo/fe/vendor/codeigniter4/framework/system/View/View.php(432): CodeIgniter\View\View->render('\\Modules\\RepoIn...', NULL, true)
#2 /home/smartdepo/fe/modules/RepoIn/Views/index.php(32): CodeIgniter\View\View->include('\\Modules\\RepoIn...')
#3 /home/smartdepo/fe/vendor/codeigniter4/framework/system/View/View.php(214): include('/home/smartdepo...')
#4 /home/smartdepo/fe/vendor/codeigniter4/framework/system/View/View.php(217): CodeIgniter\View\View->CodeIgniter\View\{closure}()
#5 /home/smartdepo/fe/vendor/codeigniter4/framework/system/Common.php(1092): CodeIgniter\View\View->render('Modules\\RepoIn\\...', Array, true)
#6 /home/smartdepo/fe/modules/RepoIn/Controllers/RepoIn.php(45): view('Modules\\RepoIn\\...', Array)
#7 /home/smartdepo/fe/vendor/codeigniter4/framework/system/CodeIgniter.php(802): Modules\RepoIn\Controllers\RepoIn->index()
#8 /home/smartdepo/fe/vendor/codeigniter4/framework/system/CodeIgniter.php(399): CodeIgniter\CodeIgniter->runController(Object(Modules\RepoIn\Controllers\RepoIn))
#9 /home/smartdepo/fe/vendor/codeigniter4/framework/system/CodeIgniter.php(317): CodeIgniter\CodeIgniter->handleRequest(NULL, Object(Config\Cache), false)
#10 /home/smartdepo/fe/index.php(44): CodeIgniter\CodeIgniter->run()
#11 {main}
CRITICAL - 2021-11-09 23:45:48 --> Undefined variable: data_pra
#0 /home/smartdepo/fe/modules/RepoOut/Views/index_data.php(25): CodeIgniter\Debug\Exceptions->errorHandler(8, 'Undefined varia...', '/home/smartdepo...', 25, Array)
#1 /home/smartdepo/fe/vendor/codeigniter4/framework/system/View/View.php(214): include('/home/smartdepo...')
#2 /home/smartdepo/fe/vendor/codeigniter4/framework/system/View/View.php(217): CodeIgniter\View\View->CodeIgniter\View\{closure}()
#3 /home/smartdepo/fe/vendor/codeigniter4/framework/system/View/View.php(432): CodeIgniter\View\View->render('\\Modules\\RepoOu...', NULL, true)
#4 /home/smartdepo/fe/modules/RepoOut/Views/index.php(34): CodeIgniter\View\View->include('\\Modules\\RepoOu...')
#5 /home/smartdepo/fe/vendor/codeigniter4/framework/system/View/View.php(214): include('/home/smartdepo...')
#6 /home/smartdepo/fe/vendor/codeigniter4/framework/system/View/View.php(217): CodeIgniter\View\View->CodeIgniter\View\{closure}()
#7 /home/smartdepo/fe/vendor/codeigniter4/framework/system/Common.php(1092): CodeIgniter\View\View->render('Modules\\RepoOut...', Array, true)
#8 /home/smartdepo/fe/modules/RepoOut/Controllers/RepoOut.php(50): view('Modules\\RepoOut...', Array)
#9 /home/smartdepo/fe/vendor/codeigniter4/framework/system/CodeIgniter.php(802): Modules\RepoOut\Controllers\RepoOut->index()
#10 /home/smartdepo/fe/vendor/codeigniter4/framework/system/CodeIgniter.php(399): CodeIgniter\CodeIgniter->runController(Object(Modules\RepoOut\Controllers\RepoOut))
#11 /home/smartdepo/fe/vendor/codeigniter4/framework/system/CodeIgniter.php(317): CodeIgniter\CodeIgniter->handleRequest(NULL, Object(Config\Cache), false)
#12 /home/smartdepo/fe/index.php(44): CodeIgniter\CodeIgniter->run()
#13 {main}
CRITICAL - 2021-11-09 23:46:13 --> Undefined index: repoorderno
#0 /home/smartdepo/fe/modules/RepoOut/Views/index_data.php(28): CodeIgniter\Debug\Exceptions->errorHandler(8, 'Undefined index...', '/home/smartdepo...', 28, Array)
#1 /home/smartdepo/fe/vendor/codeigniter4/framework/system/View/View.php(214): include('/home/smartdepo...')
#2 /home/smartdepo/fe/vendor/codeigniter4/framework/system/View/View.php(217): CodeIgniter\View\View->CodeIgniter\View\{closure}()
#3 /home/smartdepo/fe/vendor/codeigniter4/framework/system/View/View.php(432): CodeIgniter\View\View->render('\\Modules\\RepoOu...', NULL, true)
#4 /home/smartdepo/fe/modules/RepoOut/Views/index.php(34): CodeIgniter\View\View->include('\\Modules\\RepoOu...')
#5 /home/smartdepo/fe/vendor/codeigniter4/framework/system/View/View.php(214): include('/home/smartdepo...')
#6 /home/smartdepo/fe/vendor/codeigniter4/framework/system/View/View.php(217): CodeIgniter\View\View->CodeIgniter\View\{closure}()
#7 /home/smartdepo/fe/vendor/codeigniter4/framework/system/Common.php(1092): CodeIgniter\View\View->render('Modules\\RepoOut...', Array, true)
#8 /home/smartdepo/fe/modules/RepoOut/Controllers/RepoOut.php(50): view('Modules\\RepoOut...', Array)
#9 /home/smartdepo/fe/vendor/codeigniter4/framework/system/CodeIgniter.php(802): Modules\RepoOut\Controllers\RepoOut->index()
#10 /home/smartdepo/fe/vendor/codeigniter4/framework/system/CodeIgniter.php(399): CodeIgniter\CodeIgniter->runController(Object(Modules\RepoOut\Controllers\RepoOut))
#11 /home/smartdepo/fe/vendor/codeigniter4/framework/system/CodeIgniter.php(317): CodeIgniter\CodeIgniter->handleRequest(NULL, Object(Config\Cache), false)
#12 /home/smartdepo/fe/index.php(44): CodeIgniter\CodeIgniter->run()
#13 {main}
CRITICAL - 2021-11-09 23:47:14 --> Undefined variable: prcode
#0 /home/smartdepo/fe/modules/RepoOut/Controllers/RepoOut.php(45): CodeIgniter\Debug\Exceptions->errorHandler(8, 'Undefined varia...', '/home/smartdepo...', 45, Array)
#1 /home/smartdepo/fe/vendor/codeigniter4/framework/system/CodeIgniter.php(802): Modules\RepoOut\Controllers\RepoOut->index()
#2 /home/smartdepo/fe/vendor/codeigniter4/framework/system/CodeIgniter.php(399): CodeIgniter\CodeIgniter->runController(Object(Modules\RepoOut\Controllers\RepoOut))
#3 /home/smartdepo/fe/vendor/codeigniter4/framework/system/CodeIgniter.php(317): CodeIgniter\CodeIgniter->handleRequest(NULL, Object(Config\Cache), false)
#4 /home/smartdepo/fe/index.php(44): CodeIgniter\CodeIgniter->run()
#5 {main}
CRITICAL - 2021-11-09 23:58:01 --> Undefined index: repoorderno
#0 /home/smartdepo/fe/modules/RepoOut/Views/index_data.php(28): CodeIgniter\Debug\Exceptions->errorHandler(8, 'Undefined index...', '/home/smartdepo...', 28, Array)
#1 /home/smartdepo/fe/vendor/codeigniter4/framework/system/View/View.php(214): include('/home/smartdepo...')
#2 /home/smartdepo/fe/vendor/codeigniter4/framework/system/View/View.php(217): CodeIgniter\View\View->CodeIgniter\View\{closure}()
#3 /home/smartdepo/fe/vendor/codeigniter4/framework/system/View/View.php(432): CodeIgniter\View\View->render('\\Modules\\RepoOu...', NULL, true)
#4 /home/smartdepo/fe/modules/RepoOut/Views/index.php(34): CodeIgniter\View\View->include('\\Modules\\RepoOu...')
#5 /home/smartdepo/fe/vendor/codeigniter4/framework/system/View/View.php(214): include('/home/smartdepo...')
#6 /home/smartdepo/fe/vendor/codeigniter4/framework/system/View/View.php(217): CodeIgniter\View\View->CodeIgniter\View\{closure}()
#7 /home/smartdepo/fe/vendor/codeigniter4/framework/system/Common.php(1092): CodeIgniter\View\View->render('Modules\\RepoOut...', Array, true)
#8 /home/smartdepo/fe/modules/RepoOut/Controllers/RepoOut.php(50): view('Modules\\RepoOut...', Array)
#9 /home/smartdepo/fe/vendor/codeigniter4/framework/system/CodeIgniter.php(802): Modules\RepoOut\Controllers\RepoOut->index()
#10 /home/smartdepo/fe/vendor/codeigniter4/framework/system/CodeIgniter.php(399): CodeIgniter\CodeIgniter->runController(Object(Modules\RepoOut\Controllers\RepoOut))
#11 /home/smartdepo/fe/vendor/codeigniter4/framework/system/CodeIgniter.php(317): CodeIgniter\CodeIgniter->handleRequest(NULL, Object(Config\Cache), false)
#12 /home/smartdepo/fe/index.php(44): CodeIgniter\CodeIgniter->run()
#13 {main}
