CRITICAL - 2021-11-08 07:31:54 --> Undefined index: crno
#0 /home/smartdepo/fe/modules/Survey/Views/index_data.php(29): CodeIgniter\Debug\Exceptions->errorHandler(8, 'Undefined index...', '/home/smartdepo...', 29, Array)
#1 /home/smartdepo/fe/vendor/codeigniter4/framework/system/View/View.php(214): include('/home/smartdepo...')
#2 /home/smartdepo/fe/vendor/codeigniter4/framework/system/View/View.php(217): CodeIgniter\View\View->CodeIgniter\View\{closure}()
#3 /home/smartdepo/fe/vendor/codeigniter4/framework/system/View/View.php(432): CodeIgniter\View\View->render('\\Modules\\Survey...', NULL, true)
#4 /home/smartdepo/fe/modules/Survey/Views/index.php(34): CodeIgniter\View\View->include('\\Modules\\Survey...')
#5 /home/smartdepo/fe/vendor/codeigniter4/framework/system/View/View.php(214): include('/home/smartdepo...')
#6 /home/smartdepo/fe/vendor/codeigniter4/framework/system/View/View.php(217): CodeIgniter\View\View->CodeIgniter\View\{closure}()
#7 /home/smartdepo/fe/vendor/codeigniter4/framework/system/Common.php(1092): CodeIgniter\View\View->render('Modules\\Survey\\...', Array, true)
#8 /home/smartdepo/fe/modules/Survey/Controllers/Survey.php(56): view('Modules\\Survey\\...', Array)
#9 /home/smartdepo/fe/vendor/codeigniter4/framework/system/CodeIgniter.php(802): Modules\Survey\Controllers\Survey->index()
#10 /home/smartdepo/fe/vendor/codeigniter4/framework/system/CodeIgniter.php(399): CodeIgniter\CodeIgniter->runController(Object(Modules\Survey\Controllers\Survey))
#11 /home/smartdepo/fe/vendor/codeigniter4/framework/system/CodeIgniter.php(317): CodeIgniter\CodeIgniter->handleRequest(NULL, Object(Config\Cache), false)
#12 /home/smartdepo/fe/index.php(44): CodeIgniter\CodeIgniter->run()
#13 {main}
CRITICAL - 2021-11-08 07:32:35 --> Undefined index: crno
#0 /home/smartdepo/fe/modules/Survey/Views/index_data.php(29): CodeIgniter\Debug\Exceptions->errorHandler(8, 'Undefined index...', '/home/smartdepo...', 29, Array)
#1 /home/smartdepo/fe/vendor/codeigniter4/framework/system/View/View.php(214): include('/home/smartdepo...')
#2 /home/smartdepo/fe/vendor/codeigniter4/framework/system/View/View.php(217): CodeIgniter\View\View->CodeIgniter\View\{closure}()
#3 /home/smartdepo/fe/vendor/codeigniter4/framework/system/View/View.php(432): CodeIgniter\View\View->render('\\Modules\\Survey...', NULL, true)
#4 /home/smartdepo/fe/modules/Survey/Views/index.php(34): CodeIgniter\View\View->include('\\Modules\\Survey...')
#5 /home/smartdepo/fe/vendor/codeigniter4/framework/system/View/View.php(214): include('/home/smartdepo...')
#6 /home/smartdepo/fe/vendor/codeigniter4/framework/system/View/View.php(217): CodeIgniter\View\View->CodeIgniter\View\{closure}()
#7 /home/smartdepo/fe/vendor/codeigniter4/framework/system/Common.php(1092): CodeIgniter\View\View->render('Modules\\Survey\\...', Array, true)
#8 /home/smartdepo/fe/modules/Survey/Controllers/Survey.php(56): view('Modules\\Survey\\...', Array)
#9 /home/smartdepo/fe/vendor/codeigniter4/framework/system/CodeIgniter.php(802): Modules\Survey\Controllers\Survey->index()
#10 /home/smartdepo/fe/vendor/codeigniter4/framework/system/CodeIgniter.php(399): CodeIgniter\CodeIgniter->runController(Object(Modules\Survey\Controllers\Survey))
#11 /home/smartdepo/fe/vendor/codeigniter4/framework/system/CodeIgniter.php(317): CodeIgniter\CodeIgniter->handleRequest(NULL, Object(Config\Cache), false)
#12 /home/smartdepo/fe/index.php(44): CodeIgniter\CodeIgniter->run()
#13 {main}
CRITICAL - 2021-11-08 07:33:16 --> Undefined index: crno
#0 /home/smartdepo/fe/modules/Survey/Views/index_data.php(29): CodeIgniter\Debug\Exceptions->errorHandler(8, 'Undefined index...', '/home/smartdepo...', 29, Array)
#1 /home/smartdepo/fe/vendor/codeigniter4/framework/system/View/View.php(214): include('/home/smartdepo...')
#2 /home/smartdepo/fe/vendor/codeigniter4/framework/system/View/View.php(217): CodeIgniter\View\View->CodeIgniter\View\{closure}()
#3 /home/smartdepo/fe/vendor/codeigniter4/framework/system/View/View.php(432): CodeIgniter\View\View->render('\\Modules\\Survey...', NULL, true)
#4 /home/smartdepo/fe/modules/Survey/Views/index.php(34): CodeIgniter\View\View->include('\\Modules\\Survey...')
#5 /home/smartdepo/fe/vendor/codeigniter4/framework/system/View/View.php(214): include('/home/smartdepo...')
#6 /home/smartdepo/fe/vendor/codeigniter4/framework/system/View/View.php(217): CodeIgniter\View\View->CodeIgniter\View\{closure}()
#7 /home/smartdepo/fe/vendor/codeigniter4/framework/system/Common.php(1092): CodeIgniter\View\View->render('Modules\\Survey\\...', Array, true)
#8 /home/smartdepo/fe/modules/Survey/Controllers/Survey.php(56): view('Modules\\Survey\\...', Array)
#9 /home/smartdepo/fe/vendor/codeigniter4/framework/system/CodeIgniter.php(802): Modules\Survey\Controllers\Survey->index()
#10 /home/smartdepo/fe/vendor/codeigniter4/framework/system/CodeIgniter.php(399): CodeIgniter\CodeIgniter->runController(Object(Modules\Survey\Controllers\Survey))
#11 /home/smartdepo/fe/vendor/codeigniter4/framework/system/CodeIgniter.php(317): CodeIgniter\CodeIgniter->handleRequest(NULL, Object(Config\Cache), false)
#12 /home/smartdepo/fe/index.php(44): CodeIgniter\CodeIgniter->run()
#13 {main}
CRITICAL - 2021-11-08 07:38:52 --> Undefined index: crno
#0 /home/smartdepo/fe/modules/Survey/Views/index_data.php(29): CodeIgniter\Debug\Exceptions->errorHandler(8, 'Undefined index...', '/home/smartdepo...', 29, Array)
#1 /home/smartdepo/fe/vendor/codeigniter4/framework/system/View/View.php(214): include('/home/smartdepo...')
#2 /home/smartdepo/fe/vendor/codeigniter4/framework/system/View/View.php(217): CodeIgniter\View\View->CodeIgniter\View\{closure}()
#3 /home/smartdepo/fe/vendor/codeigniter4/framework/system/View/View.php(432): CodeIgniter\View\View->render('\\Modules\\Survey...', NULL, true)
#4 /home/smartdepo/fe/modules/Survey/Views/index.php(34): CodeIgniter\View\View->include('\\Modules\\Survey...')
#5 /home/smartdepo/fe/vendor/codeigniter4/framework/system/View/View.php(214): include('/home/smartdepo...')
#6 /home/smartdepo/fe/vendor/codeigniter4/framework/system/View/View.php(217): CodeIgniter\View\View->CodeIgniter\View\{closure}()
#7 /home/smartdepo/fe/vendor/codeigniter4/framework/system/Common.php(1092): CodeIgniter\View\View->render('Modules\\Survey\\...', Array, true)
#8 /home/smartdepo/fe/modules/Survey/Controllers/Survey.php(56): view('Modules\\Survey\\...', Array)
#9 /home/smartdepo/fe/vendor/codeigniter4/framework/system/CodeIgniter.php(802): Modules\Survey\Controllers\Survey->index()
#10 /home/smartdepo/fe/vendor/codeigniter4/framework/system/CodeIgniter.php(399): CodeIgniter\CodeIgniter->runController(Object(Modules\Survey\Controllers\Survey))
#11 /home/smartdepo/fe/vendor/codeigniter4/framework/system/CodeIgniter.php(317): CodeIgniter\CodeIgniter->handleRequest(NULL, Object(Config\Cache), false)
#12 /home/smartdepo/fe/index.php(44): CodeIgniter\CodeIgniter->run()
#13 {main}
CRITICAL - 2021-11-08 07:39:30 --> Undefined index: crno
#0 /home/smartdepo/fe/modules/Survey/Views/index_data.php(29): CodeIgniter\Debug\Exceptions->errorHandler(8, 'Undefined index...', '/home/smartdepo...', 29, Array)
#1 /home/smartdepo/fe/vendor/codeigniter4/framework/system/View/View.php(214): include('/home/smartdepo...')
#2 /home/smartdepo/fe/vendor/codeigniter4/framework/system/View/View.php(217): CodeIgniter\View\View->CodeIgniter\View\{closure}()
#3 /home/smartdepo/fe/vendor/codeigniter4/framework/system/View/View.php(432): CodeIgniter\View\View->render('\\Modules\\Survey...', NULL, true)
#4 /home/smartdepo/fe/modules/Survey/Views/index.php(34): CodeIgniter\View\View->include('\\Modules\\Survey...')
#5 /home/smartdepo/fe/vendor/codeigniter4/framework/system/View/View.php(214): include('/home/smartdepo...')
#6 /home/smartdepo/fe/vendor/codeigniter4/framework/system/View/View.php(217): CodeIgniter\View\View->CodeIgniter\View\{closure}()
#7 /home/smartdepo/fe/vendor/codeigniter4/framework/system/Common.php(1092): CodeIgniter\View\View->render('Modules\\Survey\\...', Array, true)
#8 /home/smartdepo/fe/modules/Survey/Controllers/Survey.php(56): view('Modules\\Survey\\...', Array)
#9 /home/smartdepo/fe/vendor/codeigniter4/framework/system/CodeIgniter.php(802): Modules\Survey\Controllers\Survey->index()
#10 /home/smartdepo/fe/vendor/codeigniter4/framework/system/CodeIgniter.php(399): CodeIgniter\CodeIgniter->runController(Object(Modules\Survey\Controllers\Survey))
#11 /home/smartdepo/fe/vendor/codeigniter4/framework/system/CodeIgniter.php(317): CodeIgniter\CodeIgniter->handleRequest(NULL, Object(Config\Cache), false)
#12 /home/smartdepo/fe/index.php(44): CodeIgniter\CodeIgniter->run()
#13 {main}
