CRITICAL - 2021-09-08 09:31:39 --> syntax error, unexpected 'cpipratgl' (T_STRING), expecting ']'
#0 /home/smartdepo/fe/vendor/codeigniter4/framework/system/View/View.php(222): CodeIgniter\View\View->CodeIgniter\View\{closure}()
#1 /home/smartdepo/fe/vendor/codeigniter4/framework/system/View/View.php(468): CodeIgniter\View\View->render('\\Modules\\PraIn\\...', NULL, true)
#2 /home/smartdepo/fe/modules/PraIn/Views/tab_base.php(35): CodeIgniter\View\View->include('\\Modules\\PraIn\\...')
#3 /home/smartdepo/fe/vendor/codeigniter4/framework/system/View/View.php(220): include('/home/smartdepo...')
#4 /home/smartdepo/fe/vendor/codeigniter4/framework/system/View/View.php(222): CodeIgniter\View\View->CodeIgniter\View\{closure}()
#5 /home/smartdepo/fe/vendor/codeigniter4/framework/system/Common.php(1217): CodeIgniter\View\View->render('Modules\\PraIn\\V...', Array, true)
#6 /home/smartdepo/fe/modules/PraIn/Controllers/PraIn.php(55): view('Modules\\PraIn\\V...', Array)
#7 /home/smartdepo/fe/vendor/codeigniter4/framework/system/CodeIgniter.php(935): Modules\PraIn\Controllers\PraIn->index()
#8 /home/smartdepo/fe/vendor/codeigniter4/framework/system/CodeIgniter.php(431): CodeIgniter\CodeIgniter->runController(Object(Modules\PraIn\Controllers\PraIn))
#9 /home/smartdepo/fe/vendor/codeigniter4/framework/system/CodeIgniter.php(332): CodeIgniter\CodeIgniter->handleRequest(NULL, Object(Config\Cache), false)
#10 /home/smartdepo/fe/index.php(44): CodeIgniter\CodeIgniter->run()
#11 {main}
CRITICAL - 2021-09-08 10:13:43 --> Undefined index: crno
#0 /home/smartdepo/fe/modules/PraIn/Views/list_order_pra.php(28): CodeIgniter\Debug\Exceptions->errorHandler(8, 'Undefined index...', '/home/smartdepo...', 28, Array)
#1 /home/smartdepo/fe/vendor/codeigniter4/framework/system/View/View.php(220): include('/home/smartdepo...')
#2 /home/smartdepo/fe/vendor/codeigniter4/framework/system/View/View.php(222): CodeIgniter\View\View->CodeIgniter\View\{closure}()
#3 /home/smartdepo/fe/vendor/codeigniter4/framework/system/View/View.php(468): CodeIgniter\View\View->render('\\Modules\\PraIn\\...', NULL, true)
#4 /home/smartdepo/fe/modules/PraIn/Views/tab_base.php(35): CodeIgniter\View\View->include('\\Modules\\PraIn\\...')
#5 /home/smartdepo/fe/vendor/codeigniter4/framework/system/View/View.php(220): include('/home/smartdepo...')
#6 /home/smartdepo/fe/vendor/codeigniter4/framework/system/View/View.php(222): CodeIgniter\View\View->CodeIgniter\View\{closure}()
#7 /home/smartdepo/fe/vendor/codeigniter4/framework/system/Common.php(1217): CodeIgniter\View\View->render('Modules\\PraIn\\V...', Array, true)
#8 /home/smartdepo/fe/modules/PraIn/Controllers/PraIn.php(55): view('Modules\\PraIn\\V...', Array)
#9 /home/smartdepo/fe/vendor/codeigniter4/framework/system/CodeIgniter.php(935): Modules\PraIn\Controllers\PraIn->index()
#10 /home/smartdepo/fe/vendor/codeigniter4/framework/system/CodeIgniter.php(431): CodeIgniter\CodeIgniter->runController(Object(Modules\PraIn\Controllers\PraIn))
#11 /home/smartdepo/fe/vendor/codeigniter4/framework/system/CodeIgniter.php(332): CodeIgniter\CodeIgniter->handleRequest(NULL, Object(Config\Cache), false)
#12 /home/smartdepo/fe/index.php(44): CodeIgniter\CodeIgniter->run()
#13 {main}
CRITICAL - 2021-09-08 10:14:01 --> Undefined index: crno
#0 /home/smartdepo/fe/modules/PraIn/Views/list_order_pra.php(28): CodeIgniter\Debug\Exceptions->errorHandler(8, 'Undefined index...', '/home/smartdepo...', 28, Array)
#1 /home/smartdepo/fe/vendor/codeigniter4/framework/system/View/View.php(220): include('/home/smartdepo...')
#2 /home/smartdepo/fe/vendor/codeigniter4/framework/system/View/View.php(222): CodeIgniter\View\View->CodeIgniter\View\{closure}()
#3 /home/smartdepo/fe/vendor/codeigniter4/framework/system/View/View.php(468): CodeIgniter\View\View->render('\\Modules\\PraIn\\...', NULL, true)
#4 /home/smartdepo/fe/modules/PraIn/Views/tab_base.php(35): CodeIgniter\View\View->include('\\Modules\\PraIn\\...')
#5 /home/smartdepo/fe/vendor/codeigniter4/framework/system/View/View.php(220): include('/home/smartdepo...')
#6 /home/smartdepo/fe/vendor/codeigniter4/framework/system/View/View.php(222): CodeIgniter\View\View->CodeIgniter\View\{closure}()
#7 /home/smartdepo/fe/vendor/codeigniter4/framework/system/Common.php(1217): CodeIgniter\View\View->render('Modules\\PraIn\\V...', Array, true)
#8 /home/smartdepo/fe/modules/PraIn/Controllers/PraIn.php(55): view('Modules\\PraIn\\V...', Array)
#9 /home/smartdepo/fe/vendor/codeigniter4/framework/system/CodeIgniter.php(935): Modules\PraIn\Controllers\PraIn->index()
#10 /home/smartdepo/fe/vendor/codeigniter4/framework/system/CodeIgniter.php(431): CodeIgniter\CodeIgniter->runController(Object(Modules\PraIn\Controllers\PraIn))
#11 /home/smartdepo/fe/vendor/codeigniter4/framework/system/CodeIgniter.php(332): CodeIgniter\CodeIgniter->handleRequest(NULL, Object(Config\Cache), false)
#12 /home/smartdepo/fe/index.php(44): CodeIgniter\CodeIgniter->run()
#13 {main}
CRITICAL - 2021-09-08 10:14:02 --> Undefined index: crno
#0 /home/smartdepo/fe/modules/PraIn/Views/list_order_pra.php(28): CodeIgniter\Debug\Exceptions->errorHandler(8, 'Undefined index...', '/home/smartdepo...', 28, Array)
#1 /home/smartdepo/fe/vendor/codeigniter4/framework/system/View/View.php(220): include('/home/smartdepo...')
#2 /home/smartdepo/fe/vendor/codeigniter4/framework/system/View/View.php(222): CodeIgniter\View\View->CodeIgniter\View\{closure}()
#3 /home/smartdepo/fe/vendor/codeigniter4/framework/system/View/View.php(468): CodeIgniter\View\View->render('\\Modules\\PraIn\\...', NULL, true)
#4 /home/smartdepo/fe/modules/PraIn/Views/tab_base.php(35): CodeIgniter\View\View->include('\\Modules\\PraIn\\...')
#5 /home/smartdepo/fe/vendor/codeigniter4/framework/system/View/View.php(220): include('/home/smartdepo...')
#6 /home/smartdepo/fe/vendor/codeigniter4/framework/system/View/View.php(222): CodeIgniter\View\View->CodeIgniter\View\{closure}()
#7 /home/smartdepo/fe/vendor/codeigniter4/framework/system/Common.php(1217): CodeIgniter\View\View->render('Modules\\PraIn\\V...', Array, true)
#8 /home/smartdepo/fe/modules/PraIn/Controllers/PraIn.php(55): view('Modules\\PraIn\\V...', Array)
#9 /home/smartdepo/fe/vendor/codeigniter4/framework/system/CodeIgniter.php(935): Modules\PraIn\Controllers\PraIn->index()
#10 /home/smartdepo/fe/vendor/codeigniter4/framework/system/CodeIgniter.php(431): CodeIgniter\CodeIgniter->runController(Object(Modules\PraIn\Controllers\PraIn))
#11 /home/smartdepo/fe/vendor/codeigniter4/framework/system/CodeIgniter.php(332): CodeIgniter\CodeIgniter->handleRequest(NULL, Object(Config\Cache), false)
#12 /home/smartdepo/fe/index.php(44): CodeIgniter\CodeIgniter->run()
#13 {main}
CRITICAL - 2021-09-08 10:14:09 --> Undefined index: crno
#0 /home/smartdepo/fe/modules/PraIn/Views/list_order_pra.php(28): CodeIgniter\Debug\Exceptions->errorHandler(8, 'Undefined index...', '/home/smartdepo...', 28, Array)
#1 /home/smartdepo/fe/vendor/codeigniter4/framework/system/View/View.php(220): include('/home/smartdepo...')
#2 /home/smartdepo/fe/vendor/codeigniter4/framework/system/View/View.php(222): CodeIgniter\View\View->CodeIgniter\View\{closure}()
#3 /home/smartdepo/fe/vendor/codeigniter4/framework/system/View/View.php(468): CodeIgniter\View\View->render('\\Modules\\PraIn\\...', NULL, true)
#4 /home/smartdepo/fe/modules/PraIn/Views/tab_base.php(35): CodeIgniter\View\View->include('\\Modules\\PraIn\\...')
#5 /home/smartdepo/fe/vendor/codeigniter4/framework/system/View/View.php(220): include('/home/smartdepo...')
#6 /home/smartdepo/fe/vendor/codeigniter4/framework/system/View/View.php(222): CodeIgniter\View\View->CodeIgniter\View\{closure}()
#7 /home/smartdepo/fe/vendor/codeigniter4/framework/system/Common.php(1217): CodeIgniter\View\View->render('Modules\\PraIn\\V...', Array, true)
#8 /home/smartdepo/fe/modules/PraIn/Controllers/PraIn.php(55): view('Modules\\PraIn\\V...', Array)
#9 /home/smartdepo/fe/vendor/codeigniter4/framework/system/CodeIgniter.php(935): Modules\PraIn\Controllers\PraIn->index()
#10 /home/smartdepo/fe/vendor/codeigniter4/framework/system/CodeIgniter.php(431): CodeIgniter\CodeIgniter->runController(Object(Modules\PraIn\Controllers\PraIn))
#11 /home/smartdepo/fe/vendor/codeigniter4/framework/system/CodeIgniter.php(332): CodeIgniter\CodeIgniter->handleRequest(NULL, Object(Config\Cache), false)
#12 /home/smartdepo/fe/index.php(44): CodeIgniter\CodeIgniter->run()
#13 {main}
