CRITICAL - 2021-09-14 06:58:09 --> Call to undefined function voyage_list()
#0 /home/smartdepo/fe/vendor/codeigniter4/framework/system/View/View.php(220): include()
#1 /home/smartdepo/fe/vendor/codeigniter4/framework/system/View/View.php(222): CodeIgniter\View\View->CodeIgniter\View\{closure}()
#2 /home/smartdepo/fe/vendor/codeigniter4/framework/system/View/View.php(468): CodeIgniter\View\View->render('\\Modules\\PraIn\\...', NULL, true)
#3 /home/smartdepo/fe/modules/PraIn/Views/tab_base.php(80): CodeIgniter\View\View->include('\\Modules\\PraIn\\...')
#4 /home/smartdepo/fe/vendor/codeigniter4/framework/system/View/View.php(220): include('/home/smartdepo...')
#5 /home/smartdepo/fe/vendor/codeigniter4/framework/system/View/View.php(222): CodeIgniter\View\View->CodeIgniter\View\{closure}()
#6 /home/smartdepo/fe/vendor/codeigniter4/framework/system/Common.php(1217): CodeIgniter\View\View->render('Modules\\PraIn\\V...', Array, true)
#7 /home/smartdepo/fe/modules/PraIn/Controllers/PraIn.php(55): view('Modules\\PraIn\\V...', Array)
#8 /home/smartdepo/fe/vendor/codeigniter4/framework/system/CodeIgniter.php(935): Modules\PraIn\Controllers\PraIn->index()
#9 /home/smartdepo/fe/vendor/codeigniter4/framework/system/CodeIgniter.php(431): CodeIgniter\CodeIgniter->runController(Object(Modules\PraIn\Controllers\PraIn))
#10 /home/smartdepo/fe/vendor/codeigniter4/framework/system/CodeIgniter.php(332): CodeIgniter\CodeIgniter->handleRequest(NULL, Object(Config\Cache), false)
#11 /home/smartdepo/fe/index.php(44): CodeIgniter\CodeIgniter->run()
#12 {main}
CRITICAL - 2021-09-14 12:54:30 --> Undefined index: city_name
#0 /home/smartdepo/fe/modules/City/Views/index.php(52): CodeIgniter\Debug\Exceptions->errorHandler(8, 'Undefined index...', '/home/smartdepo...', 52, Array)
#1 /home/smartdepo/fe/vendor/codeigniter4/framework/system/View/View.php(220): include('/home/smartdepo...')
#2 /home/smartdepo/fe/vendor/codeigniter4/framework/system/View/View.php(222): CodeIgniter\View\View->CodeIgniter\View\{closure}()
#3 /home/smartdepo/fe/vendor/codeigniter4/framework/system/Common.php(1217): CodeIgniter\View\View->render('Modules\\City\\Vi...', Array, true)
#4 /home/smartdepo/fe/modules/City/Controllers/City.php(29): view('Modules\\City\\Vi...', Array)
#5 /home/smartdepo/fe/vendor/codeigniter4/framework/system/CodeIgniter.php(935): Modules\City\Controllers\City->index()
#6 /home/smartdepo/fe/vendor/codeigniter4/framework/system/CodeIgniter.php(431): CodeIgniter\CodeIgniter->runController(Object(Modules\City\Controllers\City))
#7 /home/smartdepo/fe/vendor/codeigniter4/framework/system/CodeIgniter.php(332): CodeIgniter\CodeIgniter->handleRequest(NULL, Object(Config\Cache), false)
#8 /home/smartdepo/fe/index.php(44): CodeIgniter\CodeIgniter->run()
#9 {main}
CRITICAL - 2021-09-14 12:58:14 --> Call to undefined function voyage_list()
#0 /home/smartdepo/fe/vendor/codeigniter4/framework/system/View/View.php(220): include()
#1 /home/smartdepo/fe/vendor/codeigniter4/framework/system/View/View.php(222): CodeIgniter\View\View->CodeIgniter\View\{closure}()
#2 /home/smartdepo/fe/vendor/codeigniter4/framework/system/View/View.php(468): CodeIgniter\View\View->render('\\Modules\\PraIn\\...', NULL, true)
#3 /home/smartdepo/fe/modules/PraIn/Views/tab_base.php(80): CodeIgniter\View\View->include('\\Modules\\PraIn\\...')
#4 /home/smartdepo/fe/vendor/codeigniter4/framework/system/View/View.php(220): include('/home/smartdepo...')
#5 /home/smartdepo/fe/vendor/codeigniter4/framework/system/View/View.php(222): CodeIgniter\View\View->CodeIgniter\View\{closure}()
#6 /home/smartdepo/fe/vendor/codeigniter4/framework/system/Common.php(1217): CodeIgniter\View\View->render('Modules\\PraIn\\V...', Array, true)
#7 /home/smartdepo/fe/modules/PraIn/Controllers/PraIn.php(55): view('Modules\\PraIn\\V...', Array)
#8 /home/smartdepo/fe/vendor/codeigniter4/framework/system/CodeIgniter.php(935): Modules\PraIn\Controllers\PraIn->index()
#9 /home/smartdepo/fe/vendor/codeigniter4/framework/system/CodeIgniter.php(431): CodeIgniter\CodeIgniter->runController(Object(Modules\PraIn\Controllers\PraIn))
#10 /home/smartdepo/fe/vendor/codeigniter4/framework/system/CodeIgniter.php(332): CodeIgniter\CodeIgniter->handleRequest(NULL, Object(Config\Cache), false)
#11 /home/smartdepo/fe/index.php(44): CodeIgniter\CodeIgniter->run()
#12 {main}
